#! /opt/homebrew/Cellar/icarus-verilog/12.0/bin/vvp
:ivl_version "12.0 (stable)";
:ivl_delay_selection "TYPICAL";
:vpi_time_precision + 0;
:vpi_module "/opt/homebrew/Cellar/icarus-verilog/12.0/lib/ivl/system.vpi";
:vpi_module "/opt/homebrew/Cellar/icarus-verilog/12.0/lib/ivl/vhdl_sys.vpi";
:vpi_module "/opt/homebrew/Cellar/icarus-verilog/12.0/lib/ivl/vhdl_textio.vpi";
:vpi_module "/opt/homebrew/Cellar/icarus-verilog/12.0/lib/ivl/v2005_math.vpi";
:vpi_module "/opt/homebrew/Cellar/icarus-verilog/12.0/lib/ivl/va_math.vpi";
S_0x154f04170 .scope module, "t_Problem_6_58a" "t_Problem_6_58a" 2 47;
 .timescale 0 0;
v0x154f17ab0_0 .net "A0", 0 0, v0x154f14bd0_0;  1 drivers
v0x154f17b90_0 .net "A1", 0 0, v0x154f15210_0;  1 drivers
v0x154f17c20_0 .net "A2", 0 0, v0x154f15860_0;  1 drivers
v0x154f17cf0_0 .net "A3", 0 0, v0x154f15e40_0;  1 drivers
v0x154f17dc0_0 .var "CLK", 0 0;
v0x154f17e90_0 .net "C_out", 0 0, L_0x154f197b0;  1 drivers
v0x154f17f20_0 .var "Clear_b", 0 0;
v0x154f17fb0_0 .var "Count", 0 0;
v0x154f18040_0 .var "I0", 0 0;
v0x154f18150_0 .var "I1", 0 0;
v0x154f181e0_0 .var "I2", 0 0;
v0x154f18270_0 .var "I3", 0 0;
v0x154f18300_0 .var "Load", 0 0;
v0x154f18390_0 .net "Par_word", 3 0, L_0x154f185a0;  1 drivers
v0x154f18420_0 .net "value", 3 0, L_0x154f184b0;  1 drivers
L_0x154f184b0 .concat [ 1 1 1 1], v0x154f14bd0_0, v0x154f15210_0, v0x154f15860_0, v0x154f15e40_0;
L_0x154f185a0 .concat [ 1 1 1 1], v0x154f18040_0, v0x154f18150_0, v0x154f181e0_0, v0x154f18270_0;
S_0x154f042f0 .scope module, "M0" "Problem_6_58a" 2 52, 2 1 0, S_0x154f04170;
 .timescale 0 0;
    .port_info 0 /OUTPUT 1 "A3";
    .port_info 1 /OUTPUT 1 "A2";
    .port_info 2 /OUTPUT 1 "A1";
    .port_info 3 /OUTPUT 1 "A0";
    .port_info 4 /OUTPUT 1 "C_out";
    .port_info 5 /INPUT 1 "I3";
    .port_info 6 /INPUT 1 "I2";
    .port_info 7 /INPUT 1 "I1";
    .port_info 8 /INPUT 1 "I0";
    .port_info 9 /INPUT 1 "Count";
    .port_info 10 /INPUT 1 "Load";
    .port_info 11 /INPUT 1 "CLK";
    .port_info 12 /INPUT 1 "Clear_b";
L_0x154f18790 .functor NOT 1, v0x154f18300_0, C4<0>, C4<0>, C4<0>;
L_0x154f18840 .functor NOT 1, v0x154f18040_0, C4<0>, C4<0>, C4<0>;
L_0x154f188b0 .functor NOT 1, v0x154f18150_0, C4<0>, C4<0>, C4<0>;
L_0x154f18920 .functor NOT 1, v0x154f181e0_0, C4<0>, C4<0>, C4<0>;
L_0x154f18990 .functor NOT 1, v0x154f18270_0, C4<0>, C4<0>, C4<0>;
L_0x154f18a50 .functor AND 1, v0x154f17fb0_0, L_0x154f18790, C4<1>, C4<1>;
L_0x154f18b60 .functor AND 1, v0x154f18300_0, v0x154f18040_0, C4<1>, C4<1>;
L_0x154f18c50 .functor AND 1, v0x154f18300_0, L_0x154f18840, C4<1>, C4<1>;
L_0x154f18d60 .functor AND 1, v0x154f18300_0, v0x154f18150_0, C4<1>, C4<1>;
L_0x154f18e50 .functor AND 1, v0x154f18300_0, L_0x154f188b0, C4<1>, C4<1>;
L_0x154f18f40 .functor AND 1, v0x154f18300_0, v0x154f181e0_0, C4<1>, C4<1>;
L_0x154f19090 .functor AND 1, v0x154f18300_0, L_0x154f18920, C4<1>, C4<1>;
L_0x154f18ce0 .functor AND 1, v0x154f18300_0, v0x154f18270_0, C4<1>, C4<1>;
L_0x154f19310 .functor AND 1, v0x154f18300_0, L_0x154f18990, C4<1>, C4<1>;
L_0x154f19380 .functor AND 1, L_0x154f18a50, v0x154f14bd0_0, C4<1>, C4<1>;
L_0x154f192a0 .functor AND 1, L_0x154f18a50, v0x154f14bd0_0, v0x154f15210_0, C4<1>;
L_0x154f195b0 .functor AND 1, L_0x154f18a50, v0x154f14bd0_0, v0x154f15210_0, v0x154f15860_0;
L_0x154f197b0/0/0 .functor AND 1, L_0x154f18a50, v0x154f14bd0_0, v0x154f15210_0, v0x154f15860_0;
L_0x154f197b0/0/4 .functor AND 1, v0x154f15e40_0, C4<1>, C4<1>, C4<1>;
L_0x154f197b0 .functor AND 1, L_0x154f197b0/0/0, L_0x154f197b0/0/4, C4<1>, C4<1>;
L_0x154f19820 .functor OR 1, L_0x154f18b60, L_0x154f18a50, C4<0>, C4<0>;
L_0x154f19930 .functor OR 1, L_0x154f18c50, L_0x154f18a50, C4<0>, C4<0>;
L_0x154f199e0 .functor OR 1, L_0x154f18d60, L_0x154f19380, C4<0>, C4<0>;
L_0x154f19b40 .functor OR 1, L_0x154f18e50, L_0x154f19380, C4<0>, C4<0>;
L_0x154f19bb0 .functor OR 1, L_0x154f18f40, L_0x154f192a0, C4<0>, C4<0>;
L_0x154f19d20 .functor OR 1, L_0x154f19090, L_0x154f192a0, C4<0>, C4<0>;
L_0x154f19ad0 .functor OR 1, L_0x154f18ce0, L_0x154f195b0, C4<0>, C4<0>;
L_0x154f19f20 .functor OR 1, L_0x154f19310, L_0x154f195b0, C4<0>, C4<0>;
v0x154f15fa0_0 .net "A0", 0 0, v0x154f14bd0_0;  alias, 1 drivers
v0x154f16050_0 .net "A1", 0 0, v0x154f15210_0;  alias, 1 drivers
v0x154f160e0_0 .net "A2", 0 0, v0x154f15860_0;  alias, 1 drivers
v0x154f16190_0 .net "A3", 0 0, v0x154f15e40_0;  alias, 1 drivers
v0x154f16240_0 .net "CLK", 0 0, v0x154f17dc0_0;  1 drivers
v0x154f16390_0 .net "C_out", 0 0, L_0x154f197b0;  alias, 1 drivers
v0x154f16420_0 .net "Clear_b", 0 0, v0x154f17f20_0;  1 drivers
v0x154f16530_0 .net "Count", 0 0, v0x154f17fb0_0;  1 drivers
v0x154f165c0_0 .net "I0", 0 0, v0x154f18040_0;  1 drivers
v0x154f166d0_0 .net "I0_bar", 0 0, L_0x154f18840;  1 drivers
v0x154f16760_0 .net "I1", 0 0, v0x154f18150_0;  1 drivers
v0x154f167f0_0 .net "I1_bar", 0 0, L_0x154f188b0;  1 drivers
v0x154f16880_0 .net "I2", 0 0, v0x154f181e0_0;  1 drivers
v0x154f16910_0 .net "I2_bar", 0 0, L_0x154f18920;  1 drivers
v0x154f169a0_0 .net "I3", 0 0, v0x154f18270_0;  1 drivers
v0x154f16a30_0 .net "I3_bar", 0 0, L_0x154f18990;  1 drivers
v0x154f16ac0_0 .net "Load", 0 0, v0x154f18300_0;  1 drivers
v0x154f16c50_0 .net "Load_bar", 0 0, L_0x154f18790;  1 drivers
v0x154f16ce0_0 .net "w0", 0 0, L_0x154f18a50;  1 drivers
v0x154f16d70_0 .net "w1", 0 0, L_0x154f18b60;  1 drivers
v0x154f16e00_0 .net "w10", 0 0, L_0x154f19930;  1 drivers
v0x154f16e90_0 .net "w11", 0 0, L_0x154f199e0;  1 drivers
v0x154f16f20_0 .net "w12", 0 0, L_0x154f19b40;  1 drivers
v0x154f16fb0_0 .net "w13", 0 0, L_0x154f19bb0;  1 drivers
v0x154f17040_0 .net "w14", 0 0, L_0x154f19d20;  1 drivers
v0x154f170d0_0 .net "w15", 0 0, L_0x154f19ad0;  1 drivers
v0x154f17160_0 .net "w16", 0 0, L_0x154f19f20;  1 drivers
v0x154f17210_0 .net "w17", 0 0, L_0x154f19380;  1 drivers
v0x154f172a0_0 .net "w18", 0 0, L_0x154f192a0;  1 drivers
v0x154f17330_0 .net "w19", 0 0, L_0x154f195b0;  1 drivers
v0x154f173c0_0 .net "w2", 0 0, L_0x154f18c50;  1 drivers
v0x154f17450_0 .net "w3", 0 0, L_0x154f18d60;  1 drivers
v0x154f174e0_0 .net "w4", 0 0, L_0x154f18e50;  1 drivers
v0x154f16b50_0 .net "w5", 0 0, L_0x154f18f40;  1 drivers
v0x154f17770_0 .net "w6", 0 0, L_0x154f19090;  1 drivers
v0x154f17800_0 .net "w7", 0 0, L_0x154f18ce0;  1 drivers
v0x154f17890_0 .net "w8", 0 0, L_0x154f19310;  1 drivers
v0x154f17920_0 .net "w9", 0 0, L_0x154f19820;  1 drivers
S_0x154f04670 .scope module, "M0" "JKFF" 2 31, 2 37 0, S_0x154f042f0;
 .timescale 0 0;
    .port_info 0 /OUTPUT 1 "Q";
    .port_info 1 /INPUT 1 "J_in";
    .port_info 2 /INPUT 1 "K_in";
    .port_info 3 /INPUT 1 "C";
    .port_info 4 /INPUT 1 "Clear_b";
v0x154f04950_0 .net "C", 0 0, v0x154f17dc0_0;  alias, 1 drivers
v0x154f14a00_0 .net "Clear_b", 0 0, v0x154f17f20_0;  alias, 1 drivers
v0x154f14aa0_0 .net "J_in", 0 0, L_0x154f19820;  alias, 1 drivers
v0x154f14b30_0 .net "K_in", 0 0, L_0x154f19930;  alias, 1 drivers
v0x154f14bd0_0 .var "Q", 0 0;
E_0x154f048f0 .event posedge, v0x154f04950_0;
S_0x154f14d30 .scope module, "M1" "JKFF" 2 32, 2 37 0, S_0x154f042f0;
 .timescale 0 0;
    .port_info 0 /OUTPUT 1 "Q";
    .port_info 1 /INPUT 1 "J_in";
    .port_info 2 /INPUT 1 "K_in";
    .port_info 3 /INPUT 1 "C";
    .port_info 4 /INPUT 1 "Clear_b";
v0x154f14f70_0 .net "C", 0 0, v0x154f17dc0_0;  alias, 1 drivers
v0x154f15020_0 .net "Clear_b", 0 0, v0x154f17f20_0;  alias, 1 drivers
v0x154f150d0_0 .net "J_in", 0 0, L_0x154f199e0;  alias, 1 drivers
v0x154f15180_0 .net "K_in", 0 0, L_0x154f19b40;  alias, 1 drivers
v0x154f15210_0 .var "Q", 0 0;
S_0x154f15350 .scope module, "M2" "JKFF" 2 33, 2 37 0, S_0x154f042f0;
 .timescale 0 0;
    .port_info 0 /OUTPUT 1 "Q";
    .port_info 1 /INPUT 1 "J_in";
    .port_info 2 /INPUT 1 "K_in";
    .port_info 3 /INPUT 1 "C";
    .port_info 4 /INPUT 1 "Clear_b";
v0x154f15590_0 .net "C", 0 0, v0x154f17dc0_0;  alias, 1 drivers
v0x154f15660_0 .net "Clear_b", 0 0, v0x154f17f20_0;  alias, 1 drivers
v0x154f15740_0 .net "J_in", 0 0, L_0x154f19bb0;  alias, 1 drivers
v0x154f157d0_0 .net "K_in", 0 0, L_0x154f19d20;  alias, 1 drivers
v0x154f15860_0 .var "Q", 0 0;
S_0x154f159a0 .scope module, "M3" "JKFF" 2 34, 2 37 0, S_0x154f042f0;
 .timescale 0 0;
    .port_info 0 /OUTPUT 1 "Q";
    .port_info 1 /INPUT 1 "J_in";
    .port_info 2 /INPUT 1 "K_in";
    .port_info 3 /INPUT 1 "C";
    .port_info 4 /INPUT 1 "Clear_b";
v0x154f15be0_0 .net "C", 0 0, v0x154f17dc0_0;  alias, 1 drivers
v0x154f15c70_0 .net "Clear_b", 0 0, v0x154f17f20_0;  alias, 1 drivers
v0x154f15d00_0 .net "J_in", 0 0, L_0x154f19ad0;  alias, 1 drivers
v0x154f15db0_0 .net "K_in", 0 0, L_0x154f19f20;  alias, 1 drivers
v0x154f15e40_0 .var "Q", 0 0;
    .scope S_0x154f04670;
T_0 ;
    %wait E_0x154f048f0;
    %load/vec4 v0x154f14a00_0;
    %cmpi/e 0, 0, 1;
    %jmp/0xz  T_0.0, 4;
    %pushi/vec4 0, 0, 1;
    %assign/vec4 v0x154f14bd0_0, 0;
    %jmp T_0.1;
T_0.0 ;
    %load/vec4 v0x154f14aa0_0;
    %load/vec4 v0x154f14b30_0;
    %concat/vec4; draw_concat_vec4
    %dup/vec4;
    %pushi/vec4 0, 0, 2;
    %cmp/u;
    %jmp/1 T_0.2, 6;
    %dup/vec4;
    %pushi/vec4 1, 0, 2;
    %cmp/u;
    %jmp/1 T_0.3, 6;
    %dup/vec4;
    %pushi/vec4 2, 0, 2;
    %cmp/u;
    %jmp/1 T_0.4, 6;
    %dup/vec4;
    %pushi/vec4 3, 0, 2;
    %cmp/u;
    %jmp/1 T_0.5, 6;
    %jmp T_0.6;
T_0.2 ;
    %load/vec4 v0x154f14bd0_0;
    %assign/vec4 v0x154f14bd0_0, 0;
    %jmp T_0.6;
T_0.3 ;
    %pushi/vec4 0, 0, 1;
    %assign/vec4 v0x154f14bd0_0, 0;
    %jmp T_0.6;
T_0.4 ;
    %pushi/vec4 1, 0, 1;
    %assign/vec4 v0x154f14bd0_0, 0;
    %jmp T_0.6;
T_0.5 ;
    %load/vec4 v0x154f14bd0_0;
    %nor/r;
    %assign/vec4 v0x154f14bd0_0, 0;
    %jmp T_0.6;
T_0.6 ;
    %pop/vec4 1;
T_0.1 ;
    %jmp T_0;
    .thread T_0;
    .scope S_0x154f14d30;
T_1 ;
    %wait E_0x154f048f0;
    %load/vec4 v0x154f15020_0;
    %cmpi/e 0, 0, 1;
    %jmp/0xz  T_1.0, 4;
    %pushi/vec4 0, 0, 1;
    %assign/vec4 v0x154f15210_0, 0;
    %jmp T_1.1;
T_1.0 ;
    %load/vec4 v0x154f150d0_0;
    %load/vec4 v0x154f15180_0;
    %concat/vec4; draw_concat_vec4
    %dup/vec4;
    %pushi/vec4 0, 0, 2;
    %cmp/u;
    %jmp/1 T_1.2, 6;
    %dup/vec4;
    %pushi/vec4 1, 0, 2;
    %cmp/u;
    %jmp/1 T_1.3, 6;
    %dup/vec4;
    %pushi/vec4 2, 0, 2;
    %cmp/u;
    %jmp/1 T_1.4, 6;
    %dup/vec4;
    %pushi/vec4 3, 0, 2;
    %cmp/u;
    %jmp/1 T_1.5, 6;
    %jmp T_1.6;
T_1.2 ;
    %load/vec4 v0x154f15210_0;
    %assign/vec4 v0x154f15210_0, 0;
    %jmp T_1.6;
T_1.3 ;
    %pushi/vec4 0, 0, 1;
    %assign/vec4 v0x154f15210_0, 0;
    %jmp T_1.6;
T_1.4 ;
    %pushi/vec4 1, 0, 1;
    %assign/vec4 v0x154f15210_0, 0;
    %jmp T_1.6;
T_1.5 ;
    %load/vec4 v0x154f15210_0;
    %nor/r;
    %assign/vec4 v0x154f15210_0, 0;
    %jmp T_1.6;
T_1.6 ;
    %pop/vec4 1;
T_1.1 ;
    %jmp T_1;
    .thread T_1;
    .scope S_0x154f15350;
T_2 ;
    %wait E_0x154f048f0;
    %load/vec4 v0x154f15660_0;
    %cmpi/e 0, 0, 1;
    %jmp/0xz  T_2.0, 4;
    %pushi/vec4 0, 0, 1;
    %assign/vec4 v0x154f15860_0, 0;
    %jmp T_2.1;
T_2.0 ;
    %load/vec4 v0x154f15740_0;
    %load/vec4 v0x154f157d0_0;
    %concat/vec4; draw_concat_vec4
    %dup/vec4;
    %pushi/vec4 0, 0, 2;
    %cmp/u;
    %jmp/1 T_2.2, 6;
    %dup/vec4;
    %pushi/vec4 1, 0, 2;
    %cmp/u;
    %jmp/1 T_2.3, 6;
    %dup/vec4;
    %pushi/vec4 2, 0, 2;
    %cmp/u;
    %jmp/1 T_2.4, 6;
    %dup/vec4;
    %pushi/vec4 3, 0, 2;
    %cmp/u;
    %jmp/1 T_2.5, 6;
    %jmp T_2.6;
T_2.2 ;
    %load/vec4 v0x154f15860_0;
    %assign/vec4 v0x154f15860_0, 0;
    %jmp T_2.6;
T_2.3 ;
    %pushi/vec4 0, 0, 1;
    %assign/vec4 v0x154f15860_0, 0;
    %jmp T_2.6;
T_2.4 ;
    %pushi/vec4 1, 0, 1;
    %assign/vec4 v0x154f15860_0, 0;
    %jmp T_2.6;
T_2.5 ;
    %load/vec4 v0x154f15860_0;
    %nor/r;
    %assign/vec4 v0x154f15860_0, 0;
    %jmp T_2.6;
T_2.6 ;
    %pop/vec4 1;
T_2.1 ;
    %jmp T_2;
    .thread T_2;
    .scope S_0x154f159a0;
T_3 ;
    %wait E_0x154f048f0;
    %load/vec4 v0x154f15c70_0;
    %cmpi/e 0, 0, 1;
    %jmp/0xz  T_3.0, 4;
    %pushi/vec4 0, 0, 1;
    %assign/vec4 v0x154f15e40_0, 0;
    %jmp T_3.1;
T_3.0 ;
    %load/vec4 v0x154f15d00_0;
    %load/vec4 v0x154f15db0_0;
    %concat/vec4; draw_concat_vec4
    %dup/vec4;
    %pushi/vec4 0, 0, 2;
    %cmp/u;
    %jmp/1 T_3.2, 6;
    %dup/vec4;
    %pushi/vec4 1, 0, 2;
    %cmp/u;
    %jmp/1 T_3.3, 6;
    %dup/vec4;
    %pushi/vec4 2, 0, 2;
    %cmp/u;
    %jmp/1 T_3.4, 6;
    %dup/vec4;
    %pushi/vec4 3, 0, 2;
    %cmp/u;
    %jmp/1 T_3.5, 6;
    %jmp T_3.6;
T_3.2 ;
    %load/vec4 v0x154f15e40_0;
    %assign/vec4 v0x154f15e40_0, 0;
    %jmp T_3.6;
T_3.3 ;
    %pushi/vec4 0, 0, 1;
    %assign/vec4 v0x154f15e40_0, 0;
    %jmp T_3.6;
T_3.4 ;
    %pushi/vec4 1, 0, 1;
    %assign/vec4 v0x154f15e40_0, 0;
    %jmp T_3.6;
T_3.5 ;
    %load/vec4 v0x154f15e40_0;
    %nor/r;
    %assign/vec4 v0x154f15e40_0, 0;
    %jmp T_3.6;
T_3.6 ;
    %pop/vec4 1;
T_3.1 ;
    %jmp T_3;
    .thread T_3;
    .scope S_0x154f04170;
T_4 ;
    %delay 400, 0;
    %vpi_call 2 53 "$finish" {0 0 0};
    %end;
    .thread T_4;
    .scope S_0x154f04170;
T_5 ;
    %pushi/vec4 0, 0, 1;
    %store/vec4 v0x154f17dc0_0, 0, 1;
T_5.0 ;
    %delay 5, 0;
    %load/vec4 v0x154f17dc0_0;
    %nor/r;
    %store/vec4 v0x154f17dc0_0, 0, 1;
    %jmp T_5.0;
    %end;
    .thread T_5;
    .scope S_0x154f04170;
T_6 ;
    %fork t_1, S_0x154f04170;
    %fork t_2, S_0x154f04170;
    %fork t_3, S_0x154f04170;
    %fork t_4, S_0x154f04170;
    %fork t_5, S_0x154f04170;
    %fork t_6, S_0x154f04170;
    %fork t_7, S_0x154f04170;
    %fork t_8, S_0x154f04170;
    %fork t_9, S_0x154f04170;
    %fork t_10, S_0x154f04170;
    %fork t_11, S_0x154f04170;
    %fork t_12, S_0x154f04170;
    %join;
    %join;
    %join;
    %join;
    %join;
    %join;
    %join;
    %join;
    %join;
    %join;
    %join;
    %join;
    %jmp t_0;
t_1 ;
    %pushi/vec4 5, 0, 4;
    %split/vec4 1;
    %store/vec4 v0x154f18040_0, 0, 1;
    %split/vec4 1;
    %store/vec4 v0x154f18150_0, 0, 1;
    %split/vec4 1;
    %store/vec4 v0x154f181e0_0, 0, 1;
    %store/vec4 v0x154f18270_0, 0, 1;
    %end;
t_2 ;
    %pushi/vec4 0, 0, 1;
    %store/vec4 v0x154f17f20_0, 0, 1;
    %end;
t_3 ;
    %pushi/vec4 0, 0, 1;
    %store/vec4 v0x154f17fb0_0, 0, 1;
    %end;
t_4 ;
    %pushi/vec4 0, 0, 1;
    %store/vec4 v0x154f18300_0, 0, 1;
    %end;
t_5 ;
    %delay 20, 0;
    %pushi/vec4 1, 0, 1;
    %store/vec4 v0x154f17f20_0, 0, 1;
    %end;
t_6 ;
    %delay 50, 0;
    %pushi/vec4 1, 0, 1;
    %store/vec4 v0x154f17fb0_0, 0, 1;
    %end;
t_7 ;
    %delay 150, 0;
    %pushi/vec4 0, 0, 1;
    %store/vec4 v0x154f17fb0_0, 0, 1;
    %end;
t_8 ;
    %delay 200, 0;
    %pushi/vec4 1, 0, 1;
    %store/vec4 v0x154f17fb0_0, 0, 1;
    %end;
t_9 ;
    %delay 250, 0;
    %pushi/vec4 1, 0, 1;
    %store/vec4 v0x154f18300_0, 0, 1;
    %end;
t_10 ;
    %delay 260, 0;
    %pushi/vec4 0, 0, 1;
    %store/vec4 v0x154f18300_0, 0, 1;
    %end;
t_11 ;
    %vpi_call 2 66 "$dumpfile", "dump.vcd" {0 0 0};
    %end;
t_12 ;
    %vpi_call 2 67 "$dumpvars", 32'sb00000000000000000000000000000000, S_0x154f04170 {0 0 0};
    %end;
    .scope S_0x154f04170;
t_0 ;
    %end;
    .thread T_6;
# The file index is used to find the file name in the following table.
:file_names 3;
    "N/A";
    "<interactive>";
    "4bit_counter.v";
