#! /c/Source/iverilog-install/bin/vvp
:ivl_version "12.0 (devel)" "(s20150603-1539-g2693dd32b)";
:ivl_delay_selection "TYPICAL";
:vpi_time_precision + 0;
:vpi_module "C:\iverilog\lib\ivl\system.vpi";
:vpi_module "C:\iverilog\lib\ivl\vhdl_sys.vpi";
:vpi_module "C:\iverilog\lib\ivl\vhdl_textio.vpi";
:vpi_module "C:\iverilog\lib\ivl\v2005_math.vpi";
:vpi_module "C:\iverilog\lib\ivl\va_math.vpi";
S_0000025f6cf6d430 .scope module, "test" "test" 2 18;
 .timescale 0 0;
v0000025f6cfb34f0_0 .net "A", 3 0, L_0000025f6cfb2c30;  1 drivers
v0000025f6cfb36d0_0 .var "clk", 0 0;
v0000025f6cfb2e10_0 .var "reset_b", 0 0;
L_0000025f6cfb2c30 .concat8 [ 1 1 1 1], v0000025f6cf671f0_0, v0000025f6cf6d7f0_0, v0000025f6cfb3090_0, v0000025f6cfb31d0_0;
S_0000025f6cf6d5c0 .scope module, "M0" "ripplecounter" 2 21, 2 1 0, S_0000025f6cf6d430;
 .timescale 0 0;
    .port_info 0 /OUTPUT 1 "A3";
    .port_info 1 /OUTPUT 1 "A2";
    .port_info 2 /OUTPUT 1 "A1";
    .port_info 3 /OUTPUT 1 "A0";
    .port_info 4 /INPUT 1 "clk";
    .port_info 5 /INPUT 1 "reset_b";
v0000025f6cfb3310_0 .net "A0", 0 0, v0000025f6cf671f0_0;  1 drivers
v0000025f6cfb2ff0_0 .net "A1", 0 0, v0000025f6cf6d7f0_0;  1 drivers
v0000025f6cfb3950_0 .net "A2", 0 0, v0000025f6cfb3090_0;  1 drivers
v0000025f6cfb33b0_0 .net "A3", 0 0, v0000025f6cfb31d0_0;  1 drivers
v0000025f6cfb39f0_0 .net "clk", 0 0, v0000025f6cfb36d0_0;  1 drivers
v0000025f6cfb3450_0 .net "reset_b", 0 0, v0000025f6cfb2e10_0;  1 drivers
L_0000025f6cfb3810 .reduce/nor v0000025f6cf671f0_0;
L_0000025f6cfb38b0 .reduce/nor v0000025f6cf6d7f0_0;
L_0000025f6cfb2eb0 .reduce/nor v0000025f6cfb3090_0;
S_0000025f6cfb65d0 .scope module, "M4" "TFF" 2 2, 2 7 0, S_0000025f6cf6d5c0;
 .timescale 0 0;
    .port_info 0 /OUTPUT 1 "Q";
    .port_info 1 /INPUT 1 "T";
    .port_info 2 /INPUT 1 "clk";
    .port_info 3 /INPUT 1 "reset_b";
v0000025f6cf671f0_0 .var "Q", 0 0;
L_0000025f6d003b78 .functor BUFT 1, C4<1>, C4<0>, C4<0>, C4<0>;
v0000025f6cf66f70_0 .net "T", 0 0, L_0000025f6d003b78;  1 drivers
v0000025f6cfab930_0 .net "clk", 0 0, v0000025f6cfb36d0_0;  alias, 1 drivers
v0000025f6cf6d750_0 .net "reset_b", 0 0, v0000025f6cfb2e10_0;  alias, 1 drivers
E_0000025f6cfa7500/0 .event negedge, v0000025f6cf6d750_0;
E_0000025f6cfa7500/1 .event posedge, v0000025f6cfab930_0;
E_0000025f6cfa7500 .event/or E_0000025f6cfa7500/0, E_0000025f6cfa7500/1;
S_0000025f6cfb6760 .scope module, "M5" "TFF" 2 3, 2 7 0, S_0000025f6cf6d5c0;
 .timescale 0 0;
    .port_info 0 /OUTPUT 1 "Q";
    .port_info 1 /INPUT 1 "T";
    .port_info 2 /INPUT 1 "clk";
    .port_info 3 /INPUT 1 "reset_b";
v0000025f6cf6d7f0_0 .var "Q", 0 0;
L_0000025f6d003bc0 .functor BUFT 1, C4<1>, C4<0>, C4<0>, C4<0>;
v0000025f6cfb2b90_0 .net "T", 0 0, L_0000025f6d003bc0;  1 drivers
v0000025f6cfb2d70_0 .net "clk", 0 0, L_0000025f6cfb3810;  1 drivers
v0000025f6cfb3130_0 .net "reset_b", 0 0, v0000025f6cfb2e10_0;  alias, 1 drivers
E_0000025f6cfa7180/0 .event negedge, v0000025f6cf6d750_0;
E_0000025f6cfa7180/1 .event posedge, v0000025f6cfb2d70_0;
E_0000025f6cfa7180 .event/or E_0000025f6cfa7180/0, E_0000025f6cfa7180/1;
S_0000025f6d002840 .scope module, "M6" "TFF" 2 4, 2 7 0, S_0000025f6cf6d5c0;
 .timescale 0 0;
    .port_info 0 /OUTPUT 1 "Q";
    .port_info 1 /INPUT 1 "T";
    .port_info 2 /INPUT 1 "clk";
    .port_info 3 /INPUT 1 "reset_b";
v0000025f6cfb3090_0 .var "Q", 0 0;
L_0000025f6d003c08 .functor BUFT 1, C4<1>, C4<0>, C4<0>, C4<0>;
v0000025f6cfb3a90_0 .net "T", 0 0, L_0000025f6d003c08;  1 drivers
v0000025f6cfb3590_0 .net "clk", 0 0, L_0000025f6cfb38b0;  1 drivers
v0000025f6cfb3770_0 .net "reset_b", 0 0, v0000025f6cfb2e10_0;  alias, 1 drivers
E_0000025f6cfa7700/0 .event negedge, v0000025f6cf6d750_0;
E_0000025f6cfa7700/1 .event posedge, v0000025f6cfb3590_0;
E_0000025f6cfa7700 .event/or E_0000025f6cfa7700/0, E_0000025f6cfa7700/1;
S_0000025f6d0029d0 .scope module, "M7" "TFF" 2 5, 2 7 0, S_0000025f6cf6d5c0;
 .timescale 0 0;
    .port_info 0 /OUTPUT 1 "Q";
    .port_info 1 /INPUT 1 "T";
    .port_info 2 /INPUT 1 "clk";
    .port_info 3 /INPUT 1 "reset_b";
v0000025f6cfb31d0_0 .var "Q", 0 0;
L_0000025f6d003c50 .functor BUFT 1, C4<1>, C4<0>, C4<0>, C4<0>;
v0000025f6cfb3630_0 .net "T", 0 0, L_0000025f6d003c50;  1 drivers
v0000025f6cfb2f50_0 .net "clk", 0 0, L_0000025f6cfb2eb0;  1 drivers
v0000025f6cfb3270_0 .net "reset_b", 0 0, v0000025f6cfb2e10_0;  alias, 1 drivers
E_0000025f6cfa7000/0 .event negedge, v0000025f6cf6d750_0;
E_0000025f6cfa7000/1 .event posedge, v0000025f6cfb2f50_0;
E_0000025f6cfa7000 .event/or E_0000025f6cfa7000/0, E_0000025f6cfa7000/1;
    .scope S_0000025f6cfb65d0;
T_0 ;
    %wait E_0000025f6cfa7500;
    %load/vec4 v0000025f6cf6d750_0;
    %cmpi/e 0, 0, 1;
    %jmp/0xz  T_0.0, 4;
    %pushi/vec4 0, 0, 1;
    %assign/vec4 v0000025f6cf671f0_0, 0;
    %jmp T_0.1;
T_0.0 ;
    %load/vec4 v0000025f6cf66f70_0;
    %dup/vec4;
    %pushi/vec4 1, 0, 1;
    %cmp/u;
    %jmp/1 T_0.2, 6;
    %dup/vec4;
    %pushi/vec4 0, 0, 1;
    %cmp/u;
    %jmp/1 T_0.3, 6;
    %jmp T_0.4;
T_0.2 ;
    %load/vec4 v0000025f6cf671f0_0;
    %nor/r;
    %assign/vec4 v0000025f6cf671f0_0, 0;
    %jmp T_0.4;
T_0.3 ;
    %load/vec4 v0000025f6cf671f0_0;
    %assign/vec4 v0000025f6cf671f0_0, 0;
    %jmp T_0.4;
T_0.4 ;
    %pop/vec4 1;
T_0.1 ;
    %jmp T_0;
    .thread T_0;
    .scope S_0000025f6cfb6760;
T_1 ;
    %wait E_0000025f6cfa7180;
    %load/vec4 v0000025f6cfb3130_0;
    %cmpi/e 0, 0, 1;
    %jmp/0xz  T_1.0, 4;
    %pushi/vec4 0, 0, 1;
    %assign/vec4 v0000025f6cf6d7f0_0, 0;
    %jmp T_1.1;
T_1.0 ;
    %load/vec4 v0000025f6cfb2b90_0;
    %dup/vec4;
    %pushi/vec4 1, 0, 1;
    %cmp/u;
    %jmp/1 T_1.2, 6;
    %dup/vec4;
    %pushi/vec4 0, 0, 1;
    %cmp/u;
    %jmp/1 T_1.3, 6;
    %jmp T_1.4;
T_1.2 ;
    %load/vec4 v0000025f6cf6d7f0_0;
    %nor/r;
    %assign/vec4 v0000025f6cf6d7f0_0, 0;
    %jmp T_1.4;
T_1.3 ;
    %load/vec4 v0000025f6cf6d7f0_0;
    %assign/vec4 v0000025f6cf6d7f0_0, 0;
    %jmp T_1.4;
T_1.4 ;
    %pop/vec4 1;
T_1.1 ;
    %jmp T_1;
    .thread T_1;
    .scope S_0000025f6d002840;
T_2 ;
    %wait E_0000025f6cfa7700;
    %load/vec4 v0000025f6cfb3770_0;
    %cmpi/e 0, 0, 1;
    %jmp/0xz  T_2.0, 4;
    %pushi/vec4 0, 0, 1;
    %assign/vec4 v0000025f6cfb3090_0, 0;
    %jmp T_2.1;
T_2.0 ;
    %load/vec4 v0000025f6cfb3a90_0;
    %dup/vec4;
    %pushi/vec4 1, 0, 1;
    %cmp/u;
    %jmp/1 T_2.2, 6;
    %dup/vec4;
    %pushi/vec4 0, 0, 1;
    %cmp/u;
    %jmp/1 T_2.3, 6;
    %jmp T_2.4;
T_2.2 ;
    %load/vec4 v0000025f6cfb3090_0;
    %nor/r;
    %assign/vec4 v0000025f6cfb3090_0, 0;
    %jmp T_2.4;
T_2.3 ;
    %load/vec4 v0000025f6cfb3090_0;
    %assign/vec4 v0000025f6cfb3090_0, 0;
    %jmp T_2.4;
T_2.4 ;
    %pop/vec4 1;
T_2.1 ;
    %jmp T_2;
    .thread T_2;
    .scope S_0000025f6d0029d0;
T_3 ;
    %wait E_0000025f6cfa7000;
    %load/vec4 v0000025f6cfb3270_0;
    %cmpi/e 0, 0, 1;
    %jmp/0xz  T_3.0, 4;
    %pushi/vec4 0, 0, 1;
    %assign/vec4 v0000025f6cfb31d0_0, 0;
    %jmp T_3.1;
T_3.0 ;
    %load/vec4 v0000025f6cfb3630_0;
    %dup/vec4;
    %pushi/vec4 1, 0, 1;
    %cmp/u;
    %jmp/1 T_3.2, 6;
    %dup/vec4;
    %pushi/vec4 0, 0, 1;
    %cmp/u;
    %jmp/1 T_3.3, 6;
    %jmp T_3.4;
T_3.2 ;
    %load/vec4 v0000025f6cfb31d0_0;
    %nor/r;
    %assign/vec4 v0000025f6cfb31d0_0, 0;
    %jmp T_3.4;
T_3.3 ;
    %load/vec4 v0000025f6cfb31d0_0;
    %assign/vec4 v0000025f6cfb31d0_0, 0;
    %jmp T_3.4;
T_3.4 ;
    %pop/vec4 1;
T_3.1 ;
    %jmp T_3;
    .thread T_3;
    .scope S_0000025f6cf6d430;
T_4 ;
    %delay 300, 0;
    %vpi_call 2 22 "$finish" {0 0 0};
    %end;
    .thread T_4;
    .scope S_0000025f6cf6d430;
T_5 ;
    %pushi/vec4 0, 0, 1;
    %assign/vec4 v0000025f6cfb36d0_0, 0;
T_5.0 ;
    %delay 5, 0;
    %load/vec4 v0000025f6cfb36d0_0;
    %nor/r;
    %assign/vec4 v0000025f6cfb36d0_0, 0;
    %jmp T_5.0;
    %end;
    .thread T_5;
    .scope S_0000025f6cf6d430;
T_6 ;
    %fork t_1, S_0000025f6cf6d430;
    %fork t_2, S_0000025f6cf6d430;
    %fork t_3, S_0000025f6cf6d430;
    %fork t_4, S_0000025f6cf6d430;
    %join;
    %join;
    %join;
    %join;
    %jmp t_0;
t_1 ;
    %pushi/vec4 0, 0, 1;
    %assign/vec4 v0000025f6cfb2e10_0, 0;
    %end;
t_2 ;
    %delay 10, 0;
    %pushi/vec4 1, 0, 1;
    %assign/vec4 v0000025f6cfb2e10_0, 0;
    %end;
t_3 ;
    %vpi_call 2 27 "$dumpfile", "dumpfile" {0 0 0};
    %end;
t_4 ;
    %vpi_call 2 28 "$dumpvars", 32'sb00000000000000000000000000000000, S_0000025f6cf6d430 {0 0 0};
    %end;
    .scope S_0000025f6cf6d430;
t_0 ;
    %end;
    .thread T_6;
# The file index is used to find the file name in the following table.
:file_names 3;
    "N/A";
    "<interactive>";
    "ripple_counter.v";
