#! /opt/homebrew/Cellar/icarus-verilog/12.0/bin/vvp
:ivl_version "12.0 (stable)";
:ivl_delay_selection "TYPICAL";
:vpi_time_precision + 0;
:vpi_module "/opt/homebrew/Cellar/icarus-verilog/12.0/lib/ivl/system.vpi";
:vpi_module "/opt/homebrew/Cellar/icarus-verilog/12.0/lib/ivl/vhdl_sys.vpi";
:vpi_module "/opt/homebrew/Cellar/icarus-verilog/12.0/lib/ivl/vhdl_textio.vpi";
:vpi_module "/opt/homebrew/Cellar/icarus-verilog/12.0/lib/ivl/v2005_math.vpi";
:vpi_module "/opt/homebrew/Cellar/icarus-verilog/12.0/lib/ivl/va_math.vpi";
S_0x12b004170 .scope module, "test" "test" 2 20;
 .timescale 0 0;
v0x11a606560_0 .var "clear", 0 0;
v0x11a606600_0 .var "clk", 0 0;
v0x11a6066a0_0 .net "s0", 0 0, L_0x11a606cc0;  1 drivers
v0x11a606730_0 .net "s1", 0 0, L_0x11a606f30;  1 drivers
v0x11a6067c0_0 .net "s2", 0 0, L_0x11a607100;  1 drivers
v0x11a606890_0 .net "s3", 0 0, L_0x11a607300;  1 drivers
v0x11a606920_0 .net "s4", 0 0, L_0x11a607550;  1 drivers
v0x11a6069b0_0 .net "s5", 0 0, L_0x11a6075f0;  1 drivers
v0x11a606a40_0 .net "s6", 0 0, L_0x11a6077c0;  1 drivers
v0x11a606b50_0 .net "s7", 0 0, L_0x11a607990;  1 drivers
S_0x12b0042f0 .scope module, "M0" "counter" 2 23, 2 1 0, S_0x12b004170;
 .timescale 0 0;
    .port_info 0 /OUTPUT 1 "s0";
    .port_info 1 /OUTPUT 1 "s1";
    .port_info 2 /OUTPUT 1 "s2";
    .port_info 3 /OUTPUT 1 "s3";
    .port_info 4 /OUTPUT 1 "s4";
    .port_info 5 /OUTPUT 1 "s5";
    .port_info 6 /OUTPUT 1 "s6";
    .port_info 7 /OUTPUT 1 "s7";
    .port_info 8 /INPUT 1 "clk";
    .port_info 9 /INPUT 1 "clear";
L_0x11a606cc0 .functor AND 1, L_0x11a606d70, L_0x11a606e50, C4<1>, C4<1>;
L_0x11a606f30 .functor AND 1, v0x11a6042c0_0, L_0x11a607060, C4<1>, C4<1>;
L_0x11a607100 .functor AND 1, v0x11a604830_0, L_0x11a607230, C4<1>, C4<1>;
L_0x11a607300 .functor AND 1, v0x11a604d60_0, L_0x11a607430, C4<1>, C4<1>;
L_0x11a607550 .functor AND 1, v0x11a6052a0_0, v0x11a6042c0_0, C4<1>, C4<1>;
L_0x11a6075f0 .functor AND 1, L_0x11a6076a0, v0x11a604830_0, C4<1>, C4<1>;
L_0x11a6077c0 .functor AND 1, L_0x11a6078b0, v0x11a604d60_0, C4<1>, C4<1>;
L_0x11a607990 .functor AND 1, L_0x11a607a40, v0x11a6052a0_0, C4<1>, C4<1>;
v0x11a6054c0_0 .net "A", 0 0, v0x11a6042c0_0;  1 drivers
v0x11a6055a0_0 .net "B", 0 0, v0x11a604830_0;  1 drivers
v0x11a605670_0 .net "C", 0 0, v0x11a604d60_0;  1 drivers
v0x11a605740_0 .net "E", 0 0, v0x11a6052a0_0;  1 drivers
v0x11a6057d0_0 .net *"_ivl_12", 0 0, L_0x11a607230;  1 drivers
v0x11a6058a0_0 .net *"_ivl_15", 0 0, L_0x11a607430;  1 drivers
v0x11a605930_0 .net *"_ivl_19", 0 0, L_0x11a6076a0;  1 drivers
v0x11a6059c0_0 .net *"_ivl_22", 0 0, L_0x11a6078b0;  1 drivers
v0x11a605a50_0 .net *"_ivl_25", 0 0, L_0x11a607a40;  1 drivers
v0x11a605b60_0 .net *"_ivl_4", 0 0, L_0x11a606d70;  1 drivers
v0x11a605bf0_0 .net *"_ivl_6", 0 0, L_0x11a606e50;  1 drivers
v0x11a605c80_0 .net *"_ivl_9", 0 0, L_0x11a607060;  1 drivers
v0x11a605d10_0 .net "clear", 0 0, v0x11a606560_0;  1 drivers
v0x11a605e20_0 .net "clk", 0 0, v0x11a606600_0;  1 drivers
v0x11a605f30_0 .net "s0", 0 0, L_0x11a606cc0;  alias, 1 drivers
v0x11a605fc0_0 .net "s1", 0 0, L_0x11a606f30;  alias, 1 drivers
v0x11a606050_0 .net "s2", 0 0, L_0x11a607100;  alias, 1 drivers
v0x11a6061e0_0 .net "s3", 0 0, L_0x11a607300;  alias, 1 drivers
v0x11a606270_0 .net "s4", 0 0, L_0x11a607550;  alias, 1 drivers
v0x11a606300_0 .net "s5", 0 0, L_0x11a6075f0;  alias, 1 drivers
v0x11a606390_0 .net "s6", 0 0, L_0x11a6077c0;  alias, 1 drivers
v0x11a606420_0 .net "s7", 0 0, L_0x11a607990;  alias, 1 drivers
L_0x11a606be0 .reduce/nor v0x11a6052a0_0;
L_0x11a606d70 .reduce/nor v0x11a6042c0_0;
L_0x11a606e50 .reduce/nor v0x11a6052a0_0;
L_0x11a607060 .reduce/nor v0x11a604830_0;
L_0x11a607230 .reduce/nor v0x11a604d60_0;
L_0x11a607430 .reduce/nor v0x11a6052a0_0;
L_0x11a6076a0 .reduce/nor v0x11a6042c0_0;
L_0x11a6078b0 .reduce/nor v0x11a604830_0;
L_0x11a607a40 .reduce/nor v0x11a604d60_0;
S_0x12b004600 .scope module, "M0" "DFF" 2 2, 2 15 0, S_0x12b0042f0;
 .timescale 0 0;
    .port_info 0 /OUTPUT 1 "Q";
    .port_info 1 /INPUT 1 "clk";
    .port_info 2 /INPUT 1 "clear";
    .port_info 3 /INPUT 1 "D";
v0x12b004890_0 .net "D", 0 0, L_0x11a606be0;  1 drivers
v0x11a6042c0_0 .var "Q", 0 0;
v0x11a604370_0 .net "clear", 0 0, v0x11a606560_0;  alias, 1 drivers
v0x11a604420_0 .net "clk", 0 0, v0x11a606600_0;  alias, 1 drivers
E_0x12b004830/0 .event negedge, v0x11a604370_0;
E_0x12b004830/1 .event posedge, v0x11a604420_0;
E_0x12b004830 .event/or E_0x12b004830/0, E_0x12b004830/1;
S_0x11a604520 .scope module, "M1" "DFF" 2 3, 2 15 0, S_0x12b0042f0;
 .timescale 0 0;
    .port_info 0 /OUTPUT 1 "Q";
    .port_info 1 /INPUT 1 "clk";
    .port_info 2 /INPUT 1 "clear";
    .port_info 3 /INPUT 1 "D";
v0x11a604770_0 .net "D", 0 0, v0x11a6042c0_0;  alias, 1 drivers
v0x11a604830_0 .var "Q", 0 0;
v0x11a6048c0_0 .net "clear", 0 0, v0x11a606560_0;  alias, 1 drivers
v0x11a604990_0 .net "clk", 0 0, v0x11a606600_0;  alias, 1 drivers
S_0x11a604a70 .scope module, "M2" "DFF" 2 4, 2 15 0, S_0x12b0042f0;
 .timescale 0 0;
    .port_info 0 /OUTPUT 1 "Q";
    .port_info 1 /INPUT 1 "clk";
    .port_info 2 /INPUT 1 "clear";
    .port_info 3 /INPUT 1 "D";
v0x11a604cb0_0 .net "D", 0 0, v0x11a604830_0;  alias, 1 drivers
v0x11a604d60_0 .var "Q", 0 0;
v0x11a604df0_0 .net "clear", 0 0, v0x11a606560_0;  alias, 1 drivers
v0x11a604ee0_0 .net "clk", 0 0, v0x11a606600_0;  alias, 1 drivers
S_0x11a604fc0 .scope module, "M3" "DFF" 2 5, 2 15 0, S_0x12b0042f0;
 .timescale 0 0;
    .port_info 0 /OUTPUT 1 "Q";
    .port_info 1 /INPUT 1 "clk";
    .port_info 2 /INPUT 1 "clear";
    .port_info 3 /INPUT 1 "D";
v0x11a6051e0_0 .net "D", 0 0, v0x11a604d60_0;  alias, 1 drivers
v0x11a6052a0_0 .var "Q", 0 0;
v0x11a605330_0 .net "clear", 0 0, v0x11a606560_0;  alias, 1 drivers
v0x11a6053e0_0 .net "clk", 0 0, v0x11a606600_0;  alias, 1 drivers
    .scope S_0x12b004600;
T_0 ;
    %wait E_0x12b004830;
    %load/vec4 v0x11a604370_0;
    %cmpi/e 0, 0, 1;
    %jmp/0xz  T_0.0, 4;
    %pushi/vec4 0, 0, 1;
    %assign/vec4 v0x11a6042c0_0, 0;
    %jmp T_0.1;
T_0.0 ;
    %load/vec4 v0x12b004890_0;
    %assign/vec4 v0x11a6042c0_0, 0;
T_0.1 ;
    %jmp T_0;
    .thread T_0;
    .scope S_0x11a604520;
T_1 ;
    %wait E_0x12b004830;
    %load/vec4 v0x11a6048c0_0;
    %cmpi/e 0, 0, 1;
    %jmp/0xz  T_1.0, 4;
    %pushi/vec4 0, 0, 1;
    %assign/vec4 v0x11a604830_0, 0;
    %jmp T_1.1;
T_1.0 ;
    %load/vec4 v0x11a604770_0;
    %assign/vec4 v0x11a604830_0, 0;
T_1.1 ;
    %jmp T_1;
    .thread T_1;
    .scope S_0x11a604a70;
T_2 ;
    %wait E_0x12b004830;
    %load/vec4 v0x11a604df0_0;
    %cmpi/e 0, 0, 1;
    %jmp/0xz  T_2.0, 4;
    %pushi/vec4 0, 0, 1;
    %assign/vec4 v0x11a604d60_0, 0;
    %jmp T_2.1;
T_2.0 ;
    %load/vec4 v0x11a604cb0_0;
    %assign/vec4 v0x11a604d60_0, 0;
T_2.1 ;
    %jmp T_2;
    .thread T_2;
    .scope S_0x11a604fc0;
T_3 ;
    %wait E_0x12b004830;
    %load/vec4 v0x11a605330_0;
    %cmpi/e 0, 0, 1;
    %jmp/0xz  T_3.0, 4;
    %pushi/vec4 0, 0, 1;
    %assign/vec4 v0x11a6052a0_0, 0;
    %jmp T_3.1;
T_3.0 ;
    %load/vec4 v0x11a6051e0_0;
    %assign/vec4 v0x11a6052a0_0, 0;
T_3.1 ;
    %jmp T_3;
    .thread T_3;
    .scope S_0x12b004170;
T_4 ;
    %delay 400, 0;
    %vpi_call 2 24 "$finish" {0 0 0};
    %end;
    .thread T_4;
    .scope S_0x12b004170;
T_5 ;
    %pushi/vec4 0, 0, 1;
    %store/vec4 v0x11a606600_0, 0, 1;
T_5.0 ;
    %delay 5, 0;
    %load/vec4 v0x11a606600_0;
    %nor/r;
    %store/vec4 v0x11a606600_0, 0, 1;
    %jmp T_5.0;
    %end;
    .thread T_5;
    .scope S_0x12b004170;
T_6 ;
    %fork t_1, S_0x12b004170;
    %fork t_2, S_0x12b004170;
    %fork t_3, S_0x12b004170;
    %fork t_4, S_0x12b004170;
    %fork t_5, S_0x12b004170;
    %fork t_6, S_0x12b004170;
    %join;
    %join;
    %join;
    %join;
    %join;
    %join;
    %jmp t_0;
t_1 ;
    %pushi/vec4 0, 0, 1;
    %store/vec4 v0x11a606560_0, 0, 1;
    %end;
t_2 ;
    %delay 5, 0;
    %pushi/vec4 1, 0, 1;
    %store/vec4 v0x11a606560_0, 0, 1;
    %end;
t_3 ;
    %delay 200, 0;
    %pushi/vec4 0, 0, 1;
    %store/vec4 v0x11a606560_0, 0, 1;
    %end;
t_4 ;
    %delay 240, 0;
    %pushi/vec4 1, 0, 1;
    %store/vec4 v0x11a606560_0, 0, 1;
    %end;
t_5 ;
    %vpi_call 2 31 "$dumpfile", "dump.vcd" {0 0 0};
    %end;
t_6 ;
    %vpi_call 2 32 "$dumpvars", 32'sb00000000000000000000000000000000, S_0x12b004170 {0 0 0};
    %end;
    .scope S_0x12b004170;
t_0 ;
    %end;
    .thread T_6;
# The file index is used to find the file name in the following table.
:file_names 3;
    "N/A";
    "<interactive>";
    "johhnson_counter.v";
