#! /c/iverilog/bin/vvp
:ivl_version "0.9.7 " "(v0_9_7)";
:vpi_time_precision + 0;
:vpi_module "system";
:vpi_module "v2005_math";
:vpi_module "va_math";
S_011F33E8 .scope module, "JKff" "JKff" 2 1;
 .timescale 0 0;
v011F3470_0 .net "J", 0 0, C4<z>; 0 drivers
v011F34C8_0 .net "K", 0 0, C4<z>; 0 drivers
v011FEB68_0 .var "Q", 0 0;
v011FEBC0_0 .net "Q_b", 0 0, L_011FEC70; 1 drivers
v011FEC18_0 .net "clk", 0 0, C4<z>; 0 drivers
E_01081690 .event posedge, v011FEC18_0;
L_011FEC70 .reduce/nor v011FEB68_0;
    .scope S_011F33E8;
T_0 ;
    %wait E_01081690;
    %load/v 8, v011F34C8_0, 1;
    %load/v 9, v011F3470_0, 1;
    %cmpi/u 8, 0, 2;
    %jmp/1 T_0.0, 6;
    %cmpi/u 8, 1, 2;
    %jmp/1 T_0.1, 6;
    %cmpi/u 8, 2, 2;
    %jmp/1 T_0.2, 6;
    %cmpi/u 8, 3, 2;
    %jmp/1 T_0.3, 6;
    %jmp T_0.4;
T_0.0 ;
    %load/v 8, v011FEB68_0, 1;
    %ix/load 0, 1, 0;
    %assign/v0 v011FEB68_0, 0, 8;
    %jmp T_0.4;
T_0.1 ;
    %ix/load 0, 1, 0;
    %assign/v0 v011FEB68_0, 0, 0;
    %jmp T_0.4;
T_0.2 ;
    %ix/load 0, 1, 0;
    %assign/v0 v011FEB68_0, 0, 1;
    %jmp T_0.4;
T_0.3 ;
    %load/v 8, v011FEB68_0, 1;
    %inv 8, 1;
    %ix/load 0, 1, 0;
    %assign/v0 v011FEB68_0, 0, 8;
    %jmp T_0.4;
T_0.4 ;
    %jmp T_0;
    .thread T_0;
# The file index is used to find the file name in the following table.
:file_names 3;
    "N/A";
    "<interactive>";
    "JKff.v";
