#! /opt/homebrew/Cellar/icarus-verilog/12.0/bin/vvp
:ivl_version "12.0 (stable)";
:ivl_delay_selection "TYPICAL";
:vpi_time_precision + 0;
:vpi_module "/opt/homebrew/Cellar/icarus-verilog/12.0/lib/ivl/system.vpi";
:vpi_module "/opt/homebrew/Cellar/icarus-verilog/12.0/lib/ivl/vhdl_sys.vpi";
:vpi_module "/opt/homebrew/Cellar/icarus-verilog/12.0/lib/ivl/vhdl_textio.vpi";
:vpi_module "/opt/homebrew/Cellar/icarus-verilog/12.0/lib/ivl/v2005_math.vpi";
:vpi_module "/opt/homebrew/Cellar/icarus-verilog/12.0/lib/ivl/va_math.vpi";
S_0x10571c860 .scope module, "t_Problem_6_58a" "t_Problem_6_58a" 2 47;
 .timescale 0 0;
v0x8cac823a0_0 .net "A0", 0 0, v0x8cac801e0_0;  1 drivers
v0x8cac82440_0 .net "A1", 0 0, v0x8cac80500_0;  1 drivers
v0x8cac824e0_0 .net "A2", 0 0, v0x8cac80820_0;  1 drivers
v0x8cac82580_0 .net "A3", 0 0, v0x8cac80b40_0;  1 drivers
v0x8cac82620_0 .var "CLK", 0 0;
v0x8cac826c0_0 .net "C_out", 0 0, L_0x8cac847e0;  1 drivers
v0x8cac82760_0 .var "Clear_b", 0 0;
v0x8cac82800_0 .var "Count", 0 0;
v0x8cac828a0_0 .var "I0", 0 0;
v0x8cac82940_0 .var "I1", 0 0;
v0x8cac829e0_0 .var "I2", 0 0;
v0x8cac82a80_0 .var "I3", 0 0;
v0x8cac82b20_0 .var "Load", 0 0;
v0x8cac82bc0_0 .net "Par_word", 3 0, L_0x8cb028280;  1 drivers
v0x8cac82c60_0 .net "value", 3 0, L_0x8cb0281e0;  1 drivers
L_0x8cb0281e0 .concat [ 1 1 1 1], v0x8cac801e0_0, v0x8cac80500_0, v0x8cac80820_0, v0x8cac80b40_0;
L_0x8cb028280 .concat [ 1 1 1 1], v0x8cac828a0_0, v0x8cac82940_0, v0x8cac829e0_0, v0x8cac82a80_0;
S_0x10571c9e0 .scope module, "M0" "Problem_6_58a" 2 52, 2 1 0, S_0x10571c860;
 .timescale 0 0;
    .port_info 0 /OUTPUT 1 "A3";
    .port_info 1 /OUTPUT 1 "A2";
    .port_info 2 /OUTPUT 1 "A1";
    .port_info 3 /OUTPUT 1 "A0";
    .port_info 4 /OUTPUT 1 "C_out";
    .port_info 5 /INPUT 1 "I3";
    .port_info 6 /INPUT 1 "I2";
    .port_info 7 /INPUT 1 "I1";
    .port_info 8 /INPUT 1 "I0";
    .port_info 9 /INPUT 1 "Count";
    .port_info 10 /INPUT 1 "Load";
    .port_info 11 /INPUT 1 "CLK";
    .port_info 12 /INPUT 1 "Clear_b";
L_0x8cac84070 .functor NOT 1, v0x8cac82b20_0, C4<0>, C4<0>, C4<0>;
L_0x8cac840e0 .functor NOT 1, v0x8cac828a0_0, C4<0>, C4<0>, C4<0>;
L_0x8cac84150 .functor NOT 1, v0x8cac82940_0, C4<0>, C4<0>, C4<0>;
L_0x8cac841c0 .functor NOT 1, v0x8cac829e0_0, C4<0>, C4<0>, C4<0>;
L_0x8cac84230 .functor NOT 1, v0x8cac82a80_0, C4<0>, C4<0>, C4<0>;
L_0x8cac842a0 .functor AND 1, v0x8cac82800_0, L_0x8cac84070, C4<1>, C4<1>;
L_0x8cac84310 .functor AND 1, v0x8cac82b20_0, v0x8cac828a0_0, C4<1>, C4<1>;
L_0x8cac84380 .functor AND 1, v0x8cac82b20_0, L_0x8cac840e0, C4<1>, C4<1>;
L_0x8cac843f0 .functor AND 1, v0x8cac82b20_0, v0x8cac82940_0, C4<1>, C4<1>;
L_0x8cac84460 .functor AND 1, v0x8cac82b20_0, L_0x8cac84150, C4<1>, C4<1>;
L_0x8cac844d0 .functor AND 1, v0x8cac82b20_0, v0x8cac829e0_0, C4<1>, C4<1>;
L_0x8cac84540 .functor AND 1, v0x8cac82b20_0, L_0x8cac841c0, C4<1>, C4<1>;
L_0x8cac845b0 .functor AND 1, v0x8cac82b20_0, v0x8cac82a80_0, C4<1>, C4<1>;
L_0x8cac84620 .functor AND 1, v0x8cac82b20_0, L_0x8cac84230, C4<1>, C4<1>;
L_0x8cac84690 .functor AND 1, L_0x8cac842a0, v0x8cac801e0_0, C4<1>, C4<1>;
L_0x8cac84700 .functor AND 1, L_0x8cac842a0, v0x8cac801e0_0, v0x8cac80500_0, C4<1>;
L_0x8cac84770 .functor AND 1, L_0x8cac842a0, v0x8cac801e0_0, v0x8cac80500_0, v0x8cac80820_0;
L_0x8cac847e0/0/0 .functor AND 1, L_0x8cac842a0, v0x8cac801e0_0, v0x8cac80500_0, v0x8cac80820_0;
L_0x8cac847e0/0/4 .functor AND 1, v0x8cac80b40_0, C4<1>, C4<1>, C4<1>;
L_0x8cac847e0 .functor AND 1, L_0x8cac847e0/0/0, L_0x8cac847e0/0/4, C4<1>, C4<1>;
L_0x8cac84850 .functor OR 1, L_0x8cac84310, L_0x8cac842a0, C4<0>, C4<0>;
L_0x8cac848c0 .functor OR 1, L_0x8cac84380, L_0x8cac842a0, C4<0>, C4<0>;
L_0x8cac84930 .functor OR 1, L_0x8cac843f0, L_0x8cac84690, C4<0>, C4<0>;
L_0x8cac849a0 .functor OR 1, L_0x8cac84460, L_0x8cac84690, C4<0>, C4<0>;
L_0x8cac84a10 .functor OR 1, L_0x8cac844d0, L_0x8cac84700, C4<0>, C4<0>;
L_0x8cac84a80 .functor OR 1, L_0x8cac84540, L_0x8cac84700, C4<0>, C4<0>;
L_0x8cac84af0 .functor OR 1, L_0x8cac845b0, L_0x8cac84770, C4<0>, C4<0>;
L_0x8cac84b60 .functor OR 1, L_0x8cac84620, L_0x8cac84770, C4<0>, C4<0>;
v0x8cac80be0_0 .net "A0", 0 0, v0x8cac801e0_0;  alias, 1 drivers
v0x8cac80c80_0 .net "A1", 0 0, v0x8cac80500_0;  alias, 1 drivers
v0x8cac80d20_0 .net "A2", 0 0, v0x8cac80820_0;  alias, 1 drivers
v0x8cac80dc0_0 .net "A3", 0 0, v0x8cac80b40_0;  alias, 1 drivers
v0x8cac80e60_0 .net "CLK", 0 0, v0x8cac82620_0;  1 drivers
v0x8cac80f00_0 .net "C_out", 0 0, L_0x8cac847e0;  alias, 1 drivers
v0x8cac80fa0_0 .net "Clear_b", 0 0, v0x8cac82760_0;  1 drivers
v0x8cac81040_0 .net "Count", 0 0, v0x8cac82800_0;  1 drivers
v0x8cac810e0_0 .net "I0", 0 0, v0x8cac828a0_0;  1 drivers
v0x8cac81180_0 .net "I0_bar", 0 0, L_0x8cac840e0;  1 drivers
v0x8cac81220_0 .net "I1", 0 0, v0x8cac82940_0;  1 drivers
v0x8cac812c0_0 .net "I1_bar", 0 0, L_0x8cac84150;  1 drivers
v0x8cac81360_0 .net "I2", 0 0, v0x8cac829e0_0;  1 drivers
v0x8cac81400_0 .net "I2_bar", 0 0, L_0x8cac841c0;  1 drivers
v0x8cac814a0_0 .net "I3", 0 0, v0x8cac82a80_0;  1 drivers
v0x8cac81540_0 .net "I3_bar", 0 0, L_0x8cac84230;  1 drivers
v0x8cac815e0_0 .net "Load", 0 0, v0x8cac82b20_0;  1 drivers
v0x8cac81680_0 .net "Load_bar", 0 0, L_0x8cac84070;  1 drivers
v0x8cac81720_0 .net "w0", 0 0, L_0x8cac842a0;  1 drivers
v0x8cac817c0_0 .net "w1", 0 0, L_0x8cac84310;  1 drivers
v0x8cac81860_0 .net "w10", 0 0, L_0x8cac848c0;  1 drivers
v0x8cac81900_0 .net "w11", 0 0, L_0x8cac84930;  1 drivers
v0x8cac819a0_0 .net "w12", 0 0, L_0x8cac849a0;  1 drivers
v0x8cac81a40_0 .net "w13", 0 0, L_0x8cac84a10;  1 drivers
v0x8cac81ae0_0 .net "w14", 0 0, L_0x8cac84a80;  1 drivers
v0x8cac81b80_0 .net "w15", 0 0, L_0x8cac84af0;  1 drivers
v0x8cac81c20_0 .net "w16", 0 0, L_0x8cac84b60;  1 drivers
v0x8cac81cc0_0 .net "w17", 0 0, L_0x8cac84690;  1 drivers
v0x8cac81d60_0 .net "w18", 0 0, L_0x8cac84700;  1 drivers
v0x8cac81e00_0 .net "w19", 0 0, L_0x8cac84770;  1 drivers
v0x8cac81ea0_0 .net "w2", 0 0, L_0x8cac84380;  1 drivers
v0x8cac81f40_0 .net "w3", 0 0, L_0x8cac843f0;  1 drivers
v0x8cac81fe0_0 .net "w4", 0 0, L_0x8cac84460;  1 drivers
v0x8cac82080_0 .net "w5", 0 0, L_0x8cac844d0;  1 drivers
v0x8cac82120_0 .net "w6", 0 0, L_0x8cac84540;  1 drivers
v0x8cac821c0_0 .net "w7", 0 0, L_0x8cac845b0;  1 drivers
v0x8cac82260_0 .net "w8", 0 0, L_0x8cac84620;  1 drivers
v0x8cac82300_0 .net "w9", 0 0, L_0x8cac84850;  1 drivers
S_0x105718510 .scope module, "M0" "JKFF" 2 31, 2 37 0, S_0x10571c9e0;
 .timescale 0 0;
    .port_info 0 /OUTPUT 1 "Q";
    .port_info 1 /INPUT 1 "J_in";
    .port_info 2 /INPUT 1 "K_in";
    .port_info 3 /INPUT 1 "C";
    .port_info 4 /INPUT 1 "Clear_b";
v0x105720340_0 .net "C", 0 0, v0x8cac82620_0;  alias, 1 drivers
v0x8cac80000_0 .net "Clear_b", 0 0, v0x8cac82760_0;  alias, 1 drivers
v0x8cac800a0_0 .net "J_in", 0 0, L_0x8cac84850;  alias, 1 drivers
v0x8cac80140_0 .net "K_in", 0 0, L_0x8cac848c0;  alias, 1 drivers
v0x8cac801e0_0 .var "Q", 0 0;
E_0x8cb02c740 .event posedge, v0x105720340_0;
S_0x10571bc20 .scope module, "M1" "JKFF" 2 32, 2 37 0, S_0x10571c9e0;
 .timescale 0 0;
    .port_info 0 /OUTPUT 1 "Q";
    .port_info 1 /INPUT 1 "J_in";
    .port_info 2 /INPUT 1 "K_in";
    .port_info 3 /INPUT 1 "C";
    .port_info 4 /INPUT 1 "Clear_b";
v0x8cac80280_0 .net "C", 0 0, v0x8cac82620_0;  alias, 1 drivers
v0x8cac80320_0 .net "Clear_b", 0 0, v0x8cac82760_0;  alias, 1 drivers
v0x8cac803c0_0 .net "J_in", 0 0, L_0x8cac84930;  alias, 1 drivers
v0x8cac80460_0 .net "K_in", 0 0, L_0x8cac849a0;  alias, 1 drivers
v0x8cac80500_0 .var "Q", 0 0;
S_0x10571bda0 .scope module, "M2" "JKFF" 2 33, 2 37 0, S_0x10571c9e0;
 .timescale 0 0;
    .port_info 0 /OUTPUT 1 "Q";
    .port_info 1 /INPUT 1 "J_in";
    .port_info 2 /INPUT 1 "K_in";
    .port_info 3 /INPUT 1 "C";
    .port_info 4 /INPUT 1 "Clear_b";
v0x8cac805a0_0 .net "C", 0 0, v0x8cac82620_0;  alias, 1 drivers
v0x8cac80640_0 .net "Clear_b", 0 0, v0x8cac82760_0;  alias, 1 drivers
v0x8cac806e0_0 .net "J_in", 0 0, L_0x8cac84a10;  alias, 1 drivers
v0x8cac80780_0 .net "K_in", 0 0, L_0x8cac84a80;  alias, 1 drivers
v0x8cac80820_0 .var "Q", 0 0;
S_0x105722be0 .scope module, "M3" "JKFF" 2 34, 2 37 0, S_0x10571c9e0;
 .timescale 0 0;
    .port_info 0 /OUTPUT 1 "Q";
    .port_info 1 /INPUT 1 "J_in";
    .port_info 2 /INPUT 1 "K_in";
    .port_info 3 /INPUT 1 "C";
    .port_info 4 /INPUT 1 "Clear_b";
v0x8cac808c0_0 .net "C", 0 0, v0x8cac82620_0;  alias, 1 drivers
v0x8cac80960_0 .net "Clear_b", 0 0, v0x8cac82760_0;  alias, 1 drivers
v0x8cac80a00_0 .net "J_in", 0 0, L_0x8cac84af0;  alias, 1 drivers
v0x8cac80aa0_0 .net "K_in", 0 0, L_0x8cac84b60;  alias, 1 drivers
v0x8cac80b40_0 .var "Q", 0 0;
    .scope S_0x105718510;
T_0 ;
    %wait E_0x8cb02c740;
    %load/vec4 v0x8cac80000_0;
    %cmpi/e 0, 0, 1;
    %jmp/0xz  T_0.0, 4;
    %pushi/vec4 0, 0, 1;
    %assign/vec4 v0x8cac801e0_0, 0;
    %jmp T_0.1;
T_0.0 ;
    %load/vec4 v0x8cac800a0_0;
    %load/vec4 v0x8cac80140_0;
    %concat/vec4; draw_concat_vec4
    %dup/vec4;
    %pushi/vec4 0, 0, 2;
    %cmp/u;
    %jmp/1 T_0.2, 6;
    %dup/vec4;
    %pushi/vec4 1, 0, 2;
    %cmp/u;
    %jmp/1 T_0.3, 6;
    %dup/vec4;
    %pushi/vec4 2, 0, 2;
    %cmp/u;
    %jmp/1 T_0.4, 6;
    %dup/vec4;
    %pushi/vec4 3, 0, 2;
    %cmp/u;
    %jmp/1 T_0.5, 6;
    %jmp T_0.6;
T_0.2 ;
    %load/vec4 v0x8cac801e0_0;
    %assign/vec4 v0x8cac801e0_0, 0;
    %jmp T_0.6;
T_0.3 ;
    %pushi/vec4 0, 0, 1;
    %assign/vec4 v0x8cac801e0_0, 0;
    %jmp T_0.6;
T_0.4 ;
    %pushi/vec4 1, 0, 1;
    %assign/vec4 v0x8cac801e0_0, 0;
    %jmp T_0.6;
T_0.5 ;
    %load/vec4 v0x8cac801e0_0;
    %nor/r;
    %assign/vec4 v0x8cac801e0_0, 0;
    %jmp T_0.6;
T_0.6 ;
    %pop/vec4 1;
T_0.1 ;
    %jmp T_0;
    .thread T_0;
    .scope S_0x10571bc20;
T_1 ;
    %wait E_0x8cb02c740;
    %load/vec4 v0x8cac80320_0;
    %cmpi/e 0, 0, 1;
    %jmp/0xz  T_1.0, 4;
    %pushi/vec4 0, 0, 1;
    %assign/vec4 v0x8cac80500_0, 0;
    %jmp T_1.1;
T_1.0 ;
    %load/vec4 v0x8cac803c0_0;
    %load/vec4 v0x8cac80460_0;
    %concat/vec4; draw_concat_vec4
    %dup/vec4;
    %pushi/vec4 0, 0, 2;
    %cmp/u;
    %jmp/1 T_1.2, 6;
    %dup/vec4;
    %pushi/vec4 1, 0, 2;
    %cmp/u;
    %jmp/1 T_1.3, 6;
    %dup/vec4;
    %pushi/vec4 2, 0, 2;
    %cmp/u;
    %jmp/1 T_1.4, 6;
    %dup/vec4;
    %pushi/vec4 3, 0, 2;
    %cmp/u;
    %jmp/1 T_1.5, 6;
    %jmp T_1.6;
T_1.2 ;
    %load/vec4 v0x8cac80500_0;
    %assign/vec4 v0x8cac80500_0, 0;
    %jmp T_1.6;
T_1.3 ;
    %pushi/vec4 0, 0, 1;
    %assign/vec4 v0x8cac80500_0, 0;
    %jmp T_1.6;
T_1.4 ;
    %pushi/vec4 1, 0, 1;
    %assign/vec4 v0x8cac80500_0, 0;
    %jmp T_1.6;
T_1.5 ;
    %load/vec4 v0x8cac80500_0;
    %nor/r;
    %assign/vec4 v0x8cac80500_0, 0;
    %jmp T_1.6;
T_1.6 ;
    %pop/vec4 1;
T_1.1 ;
    %jmp T_1;
    .thread T_1;
    .scope S_0x10571bda0;
T_2 ;
    %wait E_0x8cb02c740;
    %load/vec4 v0x8cac80640_0;
    %cmpi/e 0, 0, 1;
    %jmp/0xz  T_2.0, 4;
    %pushi/vec4 0, 0, 1;
    %assign/vec4 v0x8cac80820_0, 0;
    %jmp T_2.1;
T_2.0 ;
    %load/vec4 v0x8cac806e0_0;
    %load/vec4 v0x8cac80780_0;
    %concat/vec4; draw_concat_vec4
    %dup/vec4;
    %pushi/vec4 0, 0, 2;
    %cmp/u;
    %jmp/1 T_2.2, 6;
    %dup/vec4;
    %pushi/vec4 1, 0, 2;
    %cmp/u;
    %jmp/1 T_2.3, 6;
    %dup/vec4;
    %pushi/vec4 2, 0, 2;
    %cmp/u;
    %jmp/1 T_2.4, 6;
    %dup/vec4;
    %pushi/vec4 3, 0, 2;
    %cmp/u;
    %jmp/1 T_2.5, 6;
    %jmp T_2.6;
T_2.2 ;
    %load/vec4 v0x8cac80820_0;
    %assign/vec4 v0x8cac80820_0, 0;
    %jmp T_2.6;
T_2.3 ;
    %pushi/vec4 0, 0, 1;
    %assign/vec4 v0x8cac80820_0, 0;
    %jmp T_2.6;
T_2.4 ;
    %pushi/vec4 1, 0, 1;
    %assign/vec4 v0x8cac80820_0, 0;
    %jmp T_2.6;
T_2.5 ;
    %load/vec4 v0x8cac80820_0;
    %nor/r;
    %assign/vec4 v0x8cac80820_0, 0;
    %jmp T_2.6;
T_2.6 ;
    %pop/vec4 1;
T_2.1 ;
    %jmp T_2;
    .thread T_2;
    .scope S_0x105722be0;
T_3 ;
    %wait E_0x8cb02c740;
    %load/vec4 v0x8cac80960_0;
    %cmpi/e 0, 0, 1;
    %jmp/0xz  T_3.0, 4;
    %pushi/vec4 0, 0, 1;
    %assign/vec4 v0x8cac80b40_0, 0;
    %jmp T_3.1;
T_3.0 ;
    %load/vec4 v0x8cac80a00_0;
    %load/vec4 v0x8cac80aa0_0;
    %concat/vec4; draw_concat_vec4
    %dup/vec4;
    %pushi/vec4 0, 0, 2;
    %cmp/u;
    %jmp/1 T_3.2, 6;
    %dup/vec4;
    %pushi/vec4 1, 0, 2;
    %cmp/u;
    %jmp/1 T_3.3, 6;
    %dup/vec4;
    %pushi/vec4 2, 0, 2;
    %cmp/u;
    %jmp/1 T_3.4, 6;
    %dup/vec4;
    %pushi/vec4 3, 0, 2;
    %cmp/u;
    %jmp/1 T_3.5, 6;
    %jmp T_3.6;
T_3.2 ;
    %load/vec4 v0x8cac80b40_0;
    %assign/vec4 v0x8cac80b40_0, 0;
    %jmp T_3.6;
T_3.3 ;
    %pushi/vec4 0, 0, 1;
    %assign/vec4 v0x8cac80b40_0, 0;
    %jmp T_3.6;
T_3.4 ;
    %pushi/vec4 1, 0, 1;
    %assign/vec4 v0x8cac80b40_0, 0;
    %jmp T_3.6;
T_3.5 ;
    %load/vec4 v0x8cac80b40_0;
    %nor/r;
    %assign/vec4 v0x8cac80b40_0, 0;
    %jmp T_3.6;
T_3.6 ;
    %pop/vec4 1;
T_3.1 ;
    %jmp T_3;
    .thread T_3;
    .scope S_0x10571c860;
T_4 ;
    %delay 400, 0;
    %vpi_call 2 53 "$finish" {0 0 0};
    %end;
    .thread T_4;
    .scope S_0x10571c860;
T_5 ;
    %pushi/vec4 0, 0, 1;
    %store/vec4 v0x8cac82620_0, 0, 1;
T_5.0 ;
    %delay 5, 0;
    %load/vec4 v0x8cac82620_0;
    %nor/r;
    %store/vec4 v0x8cac82620_0, 0, 1;
    %jmp T_5.0;
    %end;
    .thread T_5;
    .scope S_0x10571c860;
T_6 ;
    %fork t_1, S_0x10571c860;
    %fork t_2, S_0x10571c860;
    %fork t_3, S_0x10571c860;
    %fork t_4, S_0x10571c860;
    %fork t_5, S_0x10571c860;
    %fork t_6, S_0x10571c860;
    %fork t_7, S_0x10571c860;
    %fork t_8, S_0x10571c860;
    %fork t_9, S_0x10571c860;
    %fork t_10, S_0x10571c860;
    %fork t_11, S_0x10571c860;
    %fork t_12, S_0x10571c860;
    %join;
    %join;
    %join;
    %join;
    %join;
    %join;
    %join;
    %join;
    %join;
    %join;
    %join;
    %join;
    %jmp t_0;
t_1 ;
    %pushi/vec4 5, 0, 4;
    %split/vec4 1;
    %store/vec4 v0x8cac828a0_0, 0, 1;
    %split/vec4 1;
    %store/vec4 v0x8cac82940_0, 0, 1;
    %split/vec4 1;
    %store/vec4 v0x8cac829e0_0, 0, 1;
    %store/vec4 v0x8cac82a80_0, 0, 1;
    %end;
t_2 ;
    %pushi/vec4 0, 0, 1;
    %store/vec4 v0x8cac82760_0, 0, 1;
    %end;
t_3 ;
    %pushi/vec4 0, 0, 1;
    %store/vec4 v0x8cac82800_0, 0, 1;
    %end;
t_4 ;
    %pushi/vec4 0, 0, 1;
    %store/vec4 v0x8cac82b20_0, 0, 1;
    %end;
t_5 ;
    %delay 20, 0;
    %pushi/vec4 1, 0, 1;
    %store/vec4 v0x8cac82760_0, 0, 1;
    %end;
t_6 ;
    %delay 50, 0;
    %pushi/vec4 1, 0, 1;
    %store/vec4 v0x8cac82800_0, 0, 1;
    %end;
t_7 ;
    %delay 150, 0;
    %pushi/vec4 0, 0, 1;
    %store/vec4 v0x8cac82800_0, 0, 1;
    %end;
t_8 ;
    %delay 200, 0;
    %pushi/vec4 1, 0, 1;
    %store/vec4 v0x8cac82800_0, 0, 1;
    %end;
t_9 ;
    %delay 250, 0;
    %pushi/vec4 1, 0, 1;
    %store/vec4 v0x8cac82b20_0, 0, 1;
    %end;
t_10 ;
    %delay 260, 0;
    %pushi/vec4 0, 0, 1;
    %store/vec4 v0x8cac82b20_0, 0, 1;
    %end;
t_11 ;
    %vpi_call 2 66 "$dumpfile", "dump.vcd" {0 0 0};
    %end;
t_12 ;
    %vpi_call 2 67 "$dumpvars", 32'sb00000000000000000000000000000000, S_0x10571c860 {0 0 0};
    %end;
    .scope S_0x10571c860;
t_0 ;
    %end;
    .thread T_6;
# The file index is used to find the file name in the following table.
:file_names 3;
    "N/A";
    "<interactive>";
    "4bit_counter.v";
