#! /opt/homebrew/Cellar/icarus-verilog/12.0/bin/vvp
:ivl_version "12.0 (stable)";
:ivl_delay_selection "TYPICAL";
:vpi_time_precision + 0;
:vpi_module "/opt/homebrew/Cellar/icarus-verilog/12.0/lib/ivl/system.vpi";
:vpi_module "/opt/homebrew/Cellar/icarus-verilog/12.0/lib/ivl/vhdl_sys.vpi";
:vpi_module "/opt/homebrew/Cellar/icarus-verilog/12.0/lib/ivl/vhdl_textio.vpi";
:vpi_module "/opt/homebrew/Cellar/icarus-verilog/12.0/lib/ivl/v2005_math.vpi";
:vpi_module "/opt/homebrew/Cellar/icarus-verilog/12.0/lib/ivl/va_math.vpi";
S_0x149604170 .scope module, "test" "test" 2 12;
 .timescale 0 0;
v0x149614a70_0 .var "D", 0 0;
v0x149614b20_0 .net "Q", 0 0, v0x149614690_0;  1 drivers
v0x149614bb0_0 .net "Q_b", 0 0, L_0x149614e90;  1 drivers
v0x149614c60_0 .var "clear", 0 0;
v0x149614d10_0 .var "clk", 0 0;
v0x149614de0_0 .var "set", 0 0;
S_0x1496042f0 .scope module, "M0" "Dff" 2 15, 2 1 0, S_0x149604170;
 .timescale 0 0;
    .port_info 0 /INPUT 1 "D";
    .port_info 1 /INPUT 1 "clk";
    .port_info 2 /INPUT 1 "clear";
    .port_info 3 /INPUT 1 "set";
    .port_info 4 /OUTPUT 1 "Q";
    .port_info 5 /OUTPUT 1 "Q_b";
v0x1496045e0_0 .net "D", 0 0, v0x149614a70_0;  1 drivers
v0x149614690_0 .var "Q", 0 0;
v0x149614730_0 .net "Q_b", 0 0, L_0x149614e90;  alias, 1 drivers
v0x1496147c0_0 .net "clear", 0 0, v0x149614c60_0;  1 drivers
v0x149614860_0 .net "clk", 0 0, v0x149614d10_0;  1 drivers
v0x149614940_0 .net "set", 0 0, v0x149614de0_0;  1 drivers
E_0x149604580 .event posedge, v0x149614860_0;
L_0x149614e90 .reduce/nor v0x149614690_0;
    .scope S_0x1496042f0;
T_0 ;
    %wait E_0x149604580;
    %load/vec4 v0x1496147c0_0;
    %cmpi/e 0, 0, 1;
    %jmp/0xz  T_0.0, 4;
    %pushi/vec4 0, 0, 1;
    %assign/vec4 v0x149614690_0, 0;
    %jmp T_0.1;
T_0.0 ;
    %load/vec4 v0x149614940_0;
    %cmpi/e 0, 0, 1;
    %jmp/0xz  T_0.2, 4;
    %pushi/vec4 1, 0, 1;
    %assign/vec4 v0x149614690_0, 0;
    %jmp T_0.3;
T_0.2 ;
    %load/vec4 v0x1496045e0_0;
    %assign/vec4 v0x149614690_0, 0;
T_0.3 ;
T_0.1 ;
    %jmp T_0;
    .thread T_0;
    .scope S_0x149604170;
T_1 ;
    %delay 400, 0;
    %vpi_call 2 16 "$finish" {0 0 0};
    %end;
    .thread T_1;
    .scope S_0x149604170;
T_2 ;
    %pushi/vec4 0, 0, 1;
    %store/vec4 v0x149614d10_0, 0, 1;
T_2.0 ;
    %delay 5, 0;
    %load/vec4 v0x149614d10_0;
    %nor/r;
    %store/vec4 v0x149614d10_0, 0, 1;
    %jmp T_2.0;
    %end;
    .thread T_2;
    .scope S_0x149604170;
T_3 ;
    %fork t_1, S_0x149604170;
    %fork t_2, S_0x149604170;
    %fork t_3, S_0x149604170;
    %fork t_4, S_0x149604170;
    %fork t_5, S_0x149604170;
    %fork t_6, S_0x149604170;
    %join;
    %join;
    %join;
    %join;
    %join;
    %join;
    %jmp t_0;
t_1 ;
    %pushi/vec4 0, 0, 1;
    %store/vec4 v0x149614de0_0, 0, 1;
    %end;
t_2 ;
    %pushi/vec4 1, 0, 1;
    %store/vec4 v0x149614a70_0, 0, 1;
    %end;
t_3 ;
    %delay 100, 0;
    %pushi/vec4 0, 0, 1;
    %store/vec4 v0x149614c60_0, 0, 1;
    %end;
t_4 ;
    %delay 150, 0;
    %pushi/vec4 1, 0, 1;
    %store/vec4 v0x149614c60_0, 0, 1;
    %end;
t_5 ;
    %vpi_call 2 23 "$dumpfile", "dump.vcd" {0 0 0};
    %end;
t_6 ;
    %vpi_call 2 24 "$dumpvars", 32'sb00000000000000000000000000000000, S_0x149604170 {0 0 0};
    %end;
    .scope S_0x149604170;
t_0 ;
    %end;
    .thread T_3;
# The file index is used to find the file name in the following table.
:file_names 3;
    "N/A";
    "<interactive>";
    "Project/Project.v";
