#! /c/iverilog/bin/vvp
:ivl_version "0.9.7 " "(v0_9_7)";
:vpi_time_precision + 0;
:vpi_module "system";
:vpi_module "v2005_math";
:vpi_module "va_math";
S_00CCA248 .scope module, "test" "test" 2 20;
 .timescale 0 0;
v00F00448_0 .var "clear", 0 0;
v00F00C30_0 .var "clk", 0 0;
v00F00760_0 .net "s0", 0 0, L_00F012A0; 1 drivers
v00F00AD0_0 .net "s1", 0 0, L_00F01428; 1 drivers
v00F00340_0 .net "s2", 0 0, L_00F01498; 1 drivers
v00F00A78_0 .net "s3", 0 0, L_00F01348; 1 drivers
v00F002E8_0 .net "s4", 0 0, L_00F011F8; 1 drivers
v00F007B8_0 .net "s5", 0 0, L_00F01380; 1 drivers
v00F009C8_0 .net "s6", 0 0, L_00F01608; 1 drivers
v00F004A0_0 .net "s7", 0 0, L_00F01988; 1 drivers
S_00CC9CF8 .scope module, "M0" "counter" 2 23, 2 1, S_00CCA248;
 .timescale 0 0;
L_00F012A0 .functor AND 1, L_00F00398, L_00F00868, C4<1>, C4<1>;
L_00F01428 .functor AND 1, v00CCA790_0, L_00F004F8, C4<1>, C4<1>;
L_00F01498 .functor AND 1, v00CCACB8_0, L_00F00918, C4<1>, C4<1>;
L_00F01348 .functor AND 1, v00CCA9A0_0, L_00F00188, C4<1>, C4<1>;
L_00F011F8 .functor AND 1, v00CCAC08_0, v00CCA790_0, C4<1>, C4<1>;
L_00F01380 .functor AND 1, L_00F005A8, v00CCACB8_0, C4<1>, C4<1>;
L_00F01608 .functor AND 1, L_00F00970, v00CCA9A0_0, C4<1>, C4<1>;
L_00F01988 .functor AND 1, L_00F001E0, v00CCAC08_0, C4<1>, C4<1>;
v00F00F48_0 .net "A", 0 0, v00CCA790_0; 1 drivers
v00F00EF0_0 .net "B", 0 0, v00CCACB8_0; 1 drivers
v00F01100_0 .net "C", 0 0, v00CCA9A0_0; 1 drivers
v00F00D38_0 .net "E", 0 0, v00CCAC08_0; 1 drivers
v00F010A8_0 .net *"_s12", 0 0, L_00F00918; 1 drivers
v00F00D90_0 .net *"_s15", 0 0, L_00F00188; 1 drivers
v00F00C88_0 .net *"_s19", 0 0, L_00F005A8; 1 drivers
v00F00FF8_0 .net *"_s22", 0 0, L_00F00970; 1 drivers
v00F00E98_0 .net *"_s25", 0 0, L_00F001E0; 1 drivers
v00F00CE0_0 .net *"_s4", 0 0, L_00F00398; 1 drivers
v00F01050_0 .net *"_s6", 0 0, L_00F00868; 1 drivers
v00F00E40_0 .net *"_s9", 0 0, L_00F004F8; 1 drivers
v00F00A20_0 .net "clear", 0 0, v00F00448_0; 1 drivers
v00F00708_0 .net "clk", 0 0, v00F00C30_0; 1 drivers
v00F00600_0 .alias "s0", 0 0, v00F00760_0;
v00F00658_0 .alias "s1", 0 0, v00F00AD0_0;
v00F00550_0 .alias "s2", 0 0, v00F00340_0;
v00F00B28_0 .alias "s3", 0 0, v00F00A78_0;
v00F00B80_0 .alias "s4", 0 0, v00F002E8_0;
v00F00BD8_0 .alias "s5", 0 0, v00F007B8_0;
v00F008C0_0 .alias "s6", 0 0, v00F009C8_0;
v00F006B0_0 .alias "s7", 0 0, v00F004A0_0;
L_00F00810 .reduce/nor v00CCAC08_0;
L_00F00398 .reduce/nor v00CCA790_0;
L_00F00868 .reduce/nor v00CCAC08_0;
L_00F004F8 .reduce/nor v00CCACB8_0;
L_00F00918 .reduce/nor v00CCA9A0_0;
L_00F00188 .reduce/nor v00CCAC08_0;
L_00F005A8 .reduce/nor v00CCA790_0;
L_00F00970 .reduce/nor v00CCACB8_0;
L_00F001E0 .reduce/nor v00CCA9A0_0;
S_00CCA138 .scope module, "M0" "DFF" 2 2, 2 15, S_00CC9CF8;
 .timescale 0 0;
v00CCA6E0_0 .net "D", 0 0, L_00F00810; 1 drivers
v00CCA790_0 .var "Q", 0 0;
v00F00DE8_0 .alias "clear", 0 0, v00F00A20_0;
v00F00FA0_0 .alias "clk", 0 0, v00F00708_0;
S_00CC9698 .scope module, "M1" "DFF" 2 3, 2 15, S_00CC9CF8;
 .timescale 0 0;
v00CCAA50_0 .alias "D", 0 0, v00F00F48_0;
v00CCACB8_0 .var "Q", 0 0;
v00CCAD10_0 .alias "clear", 0 0, v00F00A20_0;
v00CCA738_0 .alias "clk", 0 0, v00F00708_0;
S_00CC99C8 .scope module, "M2" "DFF" 2 4, 2 15, S_00CC9CF8;
 .timescale 0 0;
v00CCAC60_0 .alias "D", 0 0, v00F00EF0_0;
v00CCA9A0_0 .var "Q", 0 0;
v00CCA9F8_0 .alias "clear", 0 0, v00F00A20_0;
v00CCAAA8_0 .alias "clk", 0 0, v00F00708_0;
S_00CC9940 .scope module, "M3" "DFF" 2 5, 2 15, S_00CC9CF8;
 .timescale 0 0;
v00CCABB0_0 .alias "D", 0 0, v00F01100_0;
v00CCAC08_0 .var "Q", 0 0;
v00CCA948_0 .alias "clear", 0 0, v00F00A20_0;
v00CCAE18_0 .alias "clk", 0 0, v00F00708_0;
E_00CC73E8/0 .event negedge, v00CCA948_0;
E_00CC73E8/1 .event posedge, v00CCAE18_0;
E_00CC73E8 .event/or E_00CC73E8/0, E_00CC73E8/1;
    .scope S_00CCA138;
T_0 ;
    %wait E_00CC73E8;
    %load/v 8, v00F00DE8_0, 1;
    %cmpi/u 8, 0, 1;
    %jmp/0xz  T_0.0, 4;
    %ix/load 0, 1, 0;
    %assign/v0 v00CCA790_0, 0, 0;
    %jmp T_0.1;
T_0.0 ;
    %load/v 8, v00CCA6E0_0, 1;
    %ix/load 0, 1, 0;
    %assign/v0 v00CCA790_0, 0, 8;
T_0.1 ;
    %jmp T_0;
    .thread T_0;
    .scope S_00CC9698;
T_1 ;
    %wait E_00CC73E8;
    %load/v 8, v00CCAD10_0, 1;
    %cmpi/u 8, 0, 1;
    %jmp/0xz  T_1.0, 4;
    %ix/load 0, 1, 0;
    %assign/v0 v00CCACB8_0, 0, 0;
    %jmp T_1.1;
T_1.0 ;
    %load/v 8, v00CCAA50_0, 1;
    %ix/load 0, 1, 0;
    %assign/v0 v00CCACB8_0, 0, 8;
T_1.1 ;
    %jmp T_1;
    .thread T_1;
    .scope S_00CC99C8;
T_2 ;
    %wait E_00CC73E8;
    %load/v 8, v00CCA9F8_0, 1;
    %cmpi/u 8, 0, 1;
    %jmp/0xz  T_2.0, 4;
    %ix/load 0, 1, 0;
    %assign/v0 v00CCA9A0_0, 0, 0;
    %jmp T_2.1;
T_2.0 ;
    %load/v 8, v00CCAC60_0, 1;
    %ix/load 0, 1, 0;
    %assign/v0 v00CCA9A0_0, 0, 8;
T_2.1 ;
    %jmp T_2;
    .thread T_2;
    .scope S_00CC9940;
T_3 ;
    %wait E_00CC73E8;
    %load/v 8, v00CCA948_0, 1;
    %cmpi/u 8, 0, 1;
    %jmp/0xz  T_3.0, 4;
    %ix/load 0, 1, 0;
    %assign/v0 v00CCAC08_0, 0, 0;
    %jmp T_3.1;
T_3.0 ;
    %load/v 8, v00CCABB0_0, 1;
    %ix/load 0, 1, 0;
    %assign/v0 v00CCAC08_0, 0, 8;
T_3.1 ;
    %jmp T_3;
    .thread T_3;
    .scope S_00CCA248;
T_4 ;
    %delay 400, 0;
    %vpi_call 2 24 "$finish";
    %end;
    .thread T_4;
    .scope S_00CCA248;
T_5 ;
    %set/v v00F00C30_0, 0, 1;
T_5.0 ;
    %delay 5, 0;
    %load/v 8, v00F00C30_0, 1;
    %inv 8, 1;
    %set/v v00F00C30_0, 8, 1;
    %jmp T_5.0;
    %end;
    .thread T_5;
    .scope S_00CCA248;
T_6 ;
    %fork t_1, S_00CCA248;
    %fork t_2, S_00CCA248;
    %fork t_3, S_00CCA248;
    %fork t_4, S_00CCA248;
    %fork t_5, S_00CCA248;
    %vpi_call 2 32 "$dumpvars", 1'sb0, S_00CCA248;
    %join;
    %join;
    %join;
    %join;
    %join;
    %jmp t_0;
t_1 ;
    %set/v v00F00448_0, 0, 1;
    %end;
t_2 ;
    %delay 5, 0;
    %set/v v00F00448_0, 1, 1;
    %end;
t_3 ;
    %delay 200, 0;
    %set/v v00F00448_0, 0, 1;
    %end;
t_4 ;
    %delay 240, 0;
    %set/v v00F00448_0, 1, 1;
    %end;
t_5 ;
    %vpi_call 2 31 "$dumpfile", "dump.vcd";
    %end;
t_0 ;
    %end;
    .thread T_6;
# The file index is used to find the file name in the following table.
:file_names 3;
    "N/A";
    "<interactive>";
    "johhnson_counter.v";
