#! /c/iverilog/bin/vvp
:ivl_version "0.9.7 " "(v0_9_7)";
:vpi_time_precision + 0;
:vpi_module "system";
:vpi_module "v2005_math";
:vpi_module "va_math";
S_00EF8818 .scope module, "test" "test" 2 29;
 .timescale 0 0;
v00F30A30_0 .net "A", 3 0, L_00F30E50; 1 drivers
v00F30BE8_0 .net "B0", 0 0, v00F30248_0; 1 drivers
v00F30878_0 .net "B1", 0 0, v00F222D8_0; 1 drivers
v00F308D0_0 .net "B2", 0 0, v00F22018_0; 1 drivers
v00F30A88_0 .net "B3", 0 0, v00F220C8_0; 1 drivers
v00F30FB0_0 .var "Down", 0 0;
v00F31008_0 .var "Up", 0 0;
v00F30DA0_0 .var "clk", 0 0;
v00F30DF8_0 .var "reset", 0 0;
L_00F30E50 .concat [ 1 1 1 1], v00F30248_0, v00F222D8_0, v00F22018_0, v00F220C8_0;
S_00EF8DF0 .scope module, "M0" "exam6" 2 33, 2 1, S_00EF8818;
 .timescale 0 0;
L_00EFA2F8 .functor AND 1, L_00F310B8, v00F30FB0_0, C4<1>, C4<1>;
L_00EFA138 .functor OR 1, v00F31008_0, L_00EFA2F8, C4<0>, C4<0>;
L_00EFA0C8 .functor AND 1, L_00F31060, L_00EFA2F8, C4<1>, C4<1>;
L_00EFA090 .functor AND 1, v00F30248_0, v00F31008_0, C4<1>, C4<1>;
L_00EFA1A8 .functor OR 1, L_00EFA0C8, L_00EFA090, C4<0>, C4<0>;
L_00F31818 .functor AND 1, L_00F30EA8, L_00EFA0C8, C4<1>, C4<1>;
L_00F31850 .functor AND 1, v00F222D8_0, L_00EFA090, C4<1>, C4<1>;
L_00F31540 .functor OR 1, L_00F31818, L_00F31850, C4<0>, C4<0>;
L_00F311F8 .functor AND 1, L_00F30F00, L_00F31818, C4<1>, C4<1>;
L_00F318C0 .functor AND 1, v00F22018_0, L_00F31850, C4<1>, C4<1>;
L_00F31508 .functor OR 1, L_00F311F8, L_00F318C0, C4<0>, C4<0>;
v00F302A0_0 .alias "A0", 0 0, v00F30BE8_0;
v00F30C40_0 .alias "A1", 0 0, v00F30878_0;
v00F30C98_0 .alias "A2", 0 0, v00F308D0_0;
v00F30AE0_0 .alias "A3", 0 0, v00F30A88_0;
v00F30770_0 .net "Down", 0 0, v00F30FB0_0; 1 drivers
v00F30718_0 .net "Up", 0 0, v00F31008_0; 1 drivers
v00F307C8_0 .net *"_s11", 0 0, L_00F30EA8; 1 drivers
v00F302F8_0 .net *"_s16", 0 0, L_00F30F00; 1 drivers
v00F30350_0 .net *"_s2", 0 0, L_00F310B8; 1 drivers
v00F30400_0 .net *"_s6", 0 0, L_00F31060; 1 drivers
v00F30508_0 .net "clk", 0 0, v00F30DA0_0; 1 drivers
v00F30458_0 .net "reset", 0 0, v00F30DF8_0; 1 drivers
v00F304B0_0 .net "w1", 0 0, L_00EFA2F8; 1 drivers
v00F301F0_0 .net "w10", 0 0, L_00F318C0; 1 drivers
v00F30668_0 .net "w11", 0 0, L_00F31508; 1 drivers
v00F30980_0 .net "w2", 0 0, L_00EFA138; 1 drivers
v00F30B38_0 .net "w3", 0 0, L_00EFA0C8; 1 drivers
v00F309D8_0 .net "w4", 0 0, L_00EFA090; 1 drivers
v00F30560_0 .net "w5", 0 0, L_00EFA1A8; 1 drivers
v00F305B8_0 .net "w6", 0 0, L_00F31818; 1 drivers
v00F30610_0 .net "w7", 0 0, L_00F31850; 1 drivers
v00F30B90_0 .net "w8", 0 0, L_00F31540; 1 drivers
v00F306C0_0 .net "w9", 0 0, L_00F311F8; 1 drivers
L_00F310B8 .reduce/nor v00F31008_0;
L_00F31060 .reduce/nor v00F30248_0;
L_00F30EA8 .reduce/nor v00F222D8_0;
L_00F30F00 .reduce/nor v00F22018_0;
S_00EF83D8 .scope module, "M0" "TFF" 2 4, 2 18, S_00EF8DF0;
 .timescale 0 0;
v00F30248_0 .var "Q", 0 0;
v00F30928_0 .alias "T", 0 0, v00F30980_0;
v00F303A8_0 .alias "clk", 0 0, v00F30508_0;
v00F30820_0 .alias "reset", 0 0, v00F30458_0;
S_00EF8A38 .scope module, "M1" "TFF" 2 8, 2 18, S_00EF8DF0;
 .timescale 0 0;
v00F222D8_0 .var "Q", 0 0;
v00F226F8_0 .alias "T", 0 0, v00F30560_0;
v00F22330_0 .alias "clk", 0 0, v00F30508_0;
v00F22750_0 .alias "reset", 0 0, v00F30458_0;
S_00EF89B0 .scope module, "M2" "TFF" 2 12, 2 18, S_00EF8DF0;
 .timescale 0 0;
v00F22018_0 .var "Q", 0 0;
v00F22280_0 .alias "T", 0 0, v00F30B90_0;
v00F22120_0 .alias "clk", 0 0, v00F30508_0;
v00F22388_0 .alias "reset", 0 0, v00F30458_0;
S_00EF8928 .scope module, "M3" "TFF" 2 16, 2 18, S_00EF8DF0;
 .timescale 0 0;
v00F220C8_0 .var "Q", 0 0;
v00F22438_0 .alias "T", 0 0, v00F30668_0;
v00F22598_0 .alias "clk", 0 0, v00F30508_0;
v00F225F0_0 .alias "reset", 0 0, v00F30458_0;
E_00EFA450/0 .event negedge, v00F225F0_0;
E_00EFA450/1 .event posedge, v00F22598_0;
E_00EFA450 .event/or E_00EFA450/0, E_00EFA450/1;
    .scope S_00EF83D8;
T_0 ;
    %wait E_00EFA450;
    %load/v 8, v00F30820_0, 1;
    %cmpi/u 8, 0, 1;
    %jmp/0xz  T_0.0, 4;
    %ix/load 0, 1, 0;
    %assign/v0 v00F30248_0, 0, 0;
    %jmp T_0.1;
T_0.0 ;
    %load/v 8, v00F30928_0, 1;
    %cmpi/u 8, 1, 1;
    %jmp/1 T_0.2, 6;
    %cmpi/u 8, 0, 1;
    %jmp/1 T_0.3, 6;
    %jmp T_0.4;
T_0.2 ;
    %load/v 8, v00F30248_0, 1;
    %inv 8, 1;
    %ix/load 0, 1, 0;
    %assign/v0 v00F30248_0, 0, 8;
    %jmp T_0.4;
T_0.3 ;
    %load/v 8, v00F30248_0, 1;
    %ix/load 0, 1, 0;
    %assign/v0 v00F30248_0, 0, 8;
    %jmp T_0.4;
T_0.4 ;
T_0.1 ;
    %jmp T_0;
    .thread T_0;
    .scope S_00EF8A38;
T_1 ;
    %wait E_00EFA450;
    %load/v 8, v00F22750_0, 1;
    %cmpi/u 8, 0, 1;
    %jmp/0xz  T_1.0, 4;
    %ix/load 0, 1, 0;
    %assign/v0 v00F222D8_0, 0, 0;
    %jmp T_1.1;
T_1.0 ;
    %load/v 8, v00F226F8_0, 1;
    %cmpi/u 8, 1, 1;
    %jmp/1 T_1.2, 6;
    %cmpi/u 8, 0, 1;
    %jmp/1 T_1.3, 6;
    %jmp T_1.4;
T_1.2 ;
    %load/v 8, v00F222D8_0, 1;
    %inv 8, 1;
    %ix/load 0, 1, 0;
    %assign/v0 v00F222D8_0, 0, 8;
    %jmp T_1.4;
T_1.3 ;
    %load/v 8, v00F222D8_0, 1;
    %ix/load 0, 1, 0;
    %assign/v0 v00F222D8_0, 0, 8;
    %jmp T_1.4;
T_1.4 ;
T_1.1 ;
    %jmp T_1;
    .thread T_1;
    .scope S_00EF89B0;
T_2 ;
    %wait E_00EFA450;
    %load/v 8, v00F22388_0, 1;
    %cmpi/u 8, 0, 1;
    %jmp/0xz  T_2.0, 4;
    %ix/load 0, 1, 0;
    %assign/v0 v00F22018_0, 0, 0;
    %jmp T_2.1;
T_2.0 ;
    %load/v 8, v00F22280_0, 1;
    %cmpi/u 8, 1, 1;
    %jmp/1 T_2.2, 6;
    %cmpi/u 8, 0, 1;
    %jmp/1 T_2.3, 6;
    %jmp T_2.4;
T_2.2 ;
    %load/v 8, v00F22018_0, 1;
    %inv 8, 1;
    %ix/load 0, 1, 0;
    %assign/v0 v00F22018_0, 0, 8;
    %jmp T_2.4;
T_2.3 ;
    %load/v 8, v00F22018_0, 1;
    %ix/load 0, 1, 0;
    %assign/v0 v00F22018_0, 0, 8;
    %jmp T_2.4;
T_2.4 ;
T_2.1 ;
    %jmp T_2;
    .thread T_2;
    .scope S_00EF8928;
T_3 ;
    %wait E_00EFA450;
    %load/v 8, v00F225F0_0, 1;
    %cmpi/u 8, 0, 1;
    %jmp/0xz  T_3.0, 4;
    %ix/load 0, 1, 0;
    %assign/v0 v00F220C8_0, 0, 0;
    %jmp T_3.1;
T_3.0 ;
    %load/v 8, v00F22438_0, 1;
    %cmpi/u 8, 1, 1;
    %jmp/1 T_3.2, 6;
    %cmpi/u 8, 0, 1;
    %jmp/1 T_3.3, 6;
    %jmp T_3.4;
T_3.2 ;
    %load/v 8, v00F220C8_0, 1;
    %inv 8, 1;
    %ix/load 0, 1, 0;
    %assign/v0 v00F220C8_0, 0, 8;
    %jmp T_3.4;
T_3.3 ;
    %load/v 8, v00F220C8_0, 1;
    %ix/load 0, 1, 0;
    %assign/v0 v00F220C8_0, 0, 8;
    %jmp T_3.4;
T_3.4 ;
T_3.1 ;
    %jmp T_3;
    .thread T_3;
    .scope S_00EF8818;
T_4 ;
    %delay 300, 0;
    %vpi_call 2 34 "$finish";
    %end;
    .thread T_4;
    .scope S_00EF8818;
T_5 ;
    %set/v v00F30DA0_0, 1, 1;
T_5.0 ;
    %delay 5, 0;
    %load/v 8, v00F30DA0_0, 1;
    %inv 8, 1;
    %set/v v00F30DA0_0, 8, 1;
    %jmp T_5.0;
    %end;
    .thread T_5;
    .scope S_00EF8818;
T_6 ;
    %fork t_1, S_00EF8818;
    %delay 20, 0;
    %set/v v00F30DF8_0, 1, 1;
    %join;
    %jmp t_0;
t_1 ;
    %delay 10, 0;
    %set/v v00F30DF8_0, 0, 1;
    %end;
t_0 ;
    %end;
    .thread T_6;
    .scope S_00EF8818;
T_7 ;
    %fork t_3, S_00EF8818;
    %fork t_4, S_00EF8818;
    %fork t_5, S_00EF8818;
    %fork t_6, S_00EF8818;
    %fork t_7, S_00EF8818;
    %fork t_8, S_00EF8818;
    %fork t_9, S_00EF8818;
    %vpi_call 2 39 "$dumpvars", 1'sb0, S_00EF8818;
    %join;
    %join;
    %join;
    %join;
    %join;
    %join;
    %join;
    %jmp t_2;
t_3 ;
    %set/v v00F30FB0_0, 0, 1;
    %end;
t_4 ;
    %set/v v00F31008_0, 0, 1;
    %end;
t_5 ;
    %delay 40, 0;
    %set/v v00F31008_0, 1, 1;
    %end;
t_6 ;
    %delay 150, 0;
    %set/v v00F30FB0_0, 1, 1;
    %end;
t_7 ;
    %delay 200, 0;
    %set/v v00F31008_0, 0, 1;
    %end;
t_8 ;
    %delay 250, 0;
    %set/v v00F30FB0_0, 0, 1;
    %end;
t_9 ;
    %vpi_call 2 38 "$dumpfile", "dump.vcd";
    %end;
t_2 ;
    %end;
    .thread T_7;
# The file index is used to find the file name in the following table.
:file_names 3;
    "N/A";
    "<interactive>";
    "2nd_exam.v";
