#! /opt/homebrew/Cellar/icarus-verilog/12.0/bin/vvp
:ivl_version "12.0 (stable)";
:ivl_delay_selection "TYPICAL";
:vpi_time_precision - 9;
:vpi_module "/opt/homebrew/Cellar/icarus-verilog/12.0/lib/ivl/system.vpi";
:vpi_module "/opt/homebrew/Cellar/icarus-verilog/12.0/lib/ivl/vhdl_sys.vpi";
:vpi_module "/opt/homebrew/Cellar/icarus-verilog/12.0/lib/ivl/vhdl_textio.vpi";
:vpi_module "/opt/homebrew/Cellar/icarus-verilog/12.0/lib/ivl/v2005_math.vpi";
:vpi_module "/opt/homebrew/Cellar/icarus-verilog/12.0/lib/ivl/va_math.vpi";
S_0x1014b74c0 .scope module, "t_lab2" "t_lab2" 2 3;
 .timescale -6 -9;
v0x1014bc1f0_0 .var "accum", 7 0;
v0x1014bc290_0 .net "alu_out", 7 0, v0x1014b27b0_0;  1 drivers
v0x1014bc330_0 .var "clk", 0 0;
v0x1014bc3d0_0 .var "data", 7 0;
v0x1014bc470_0 .var "opcode", 2 0;
S_0x1014b2590 .scope module, "U_lab1_2" "lab1_2" 2 8, 3 1 0, S_0x1014b74c0;
 .timescale 0 0;
    .port_info 0 /INPUT 1 "clk";
    .port_info 1 /INPUT 8 "accum";
    .port_info 2 /INPUT 8 "data";
    .port_info 3 /INPUT 3 "opcode";
    .port_info 4 /OUTPUT 8 "alu_out";
v0x1014b2710_0 .net "accum", 7 0, v0x1014bc1f0_0;  1 drivers
v0x1014b27b0_0 .var "alu_out", 7 0;
v0x1014bc010_0 .net "clk", 0 0, v0x1014bc330_0;  1 drivers
v0x1014bc0b0_0 .net "data", 7 0, v0x1014bc3d0_0;  1 drivers
v0x1014bc150_0 .net "opcode", 2 0, v0x1014bc470_0;  1 drivers
E_0xb3ec10140 .event posedge, v0x1014bc010_0;
    .scope S_0x1014b2590;
T_0 ;
    %pushi/vec4 0, 0, 8;
    %store/vec4 v0x1014b27b0_0, 0, 8;
    %end;
    .thread T_0;
    .scope S_0x1014b2590;
T_1 ;
    %wait E_0xb3ec10140;
    %load/vec4 v0x1014bc150_0;
    %dup/vec4;
    %pushi/vec4 0, 0, 3;
    %cmp/u;
    %jmp/1 T_1.0, 6;
    %dup/vec4;
    %pushi/vec4 1, 0, 3;
    %cmp/u;
    %jmp/1 T_1.1, 6;
    %dup/vec4;
    %pushi/vec4 2, 0, 3;
    %cmp/u;
    %jmp/1 T_1.2, 6;
    %dup/vec4;
    %pushi/vec4 3, 0, 3;
    %cmp/u;
    %jmp/1 T_1.3, 6;
    %dup/vec4;
    %pushi/vec4 4, 0, 3;
    %cmp/u;
    %jmp/1 T_1.4, 6;
    %dup/vec4;
    %pushi/vec4 5, 0, 3;
    %cmp/u;
    %jmp/1 T_1.5, 6;
    %dup/vec4;
    %pushi/vec4 6, 0, 3;
    %cmp/u;
    %jmp/1 T_1.6, 6;
    %dup/vec4;
    %pushi/vec4 7, 0, 3;
    %cmp/u;
    %jmp/1 T_1.7, 6;
    %pushi/vec4 255, 255, 8;
    %assign/vec4 v0x1014b27b0_0, 0;
    %jmp T_1.9;
T_1.0 ;
    %load/vec4 v0x1014b2710_0;
    %assign/vec4 v0x1014b27b0_0, 0;
    %jmp T_1.9;
T_1.1 ;
    %load/vec4 v0x1014b2710_0;
    %load/vec4 v0x1014bc0b0_0;
    %add;
    %assign/vec4 v0x1014b27b0_0, 0;
    %jmp T_1.9;
T_1.2 ;
    %load/vec4 v0x1014b2710_0;
    %load/vec4 v0x1014bc0b0_0;
    %sub;
    %assign/vec4 v0x1014b27b0_0, 0;
    %jmp T_1.9;
T_1.3 ;
    %load/vec4 v0x1014b2710_0;
    %load/vec4 v0x1014bc0b0_0;
    %and;
    %assign/vec4 v0x1014b27b0_0, 0;
    %jmp T_1.9;
T_1.4 ;
    %load/vec4 v0x1014b2710_0;
    %load/vec4 v0x1014bc0b0_0;
    %xor;
    %assign/vec4 v0x1014b27b0_0, 0;
    %jmp T_1.9;
T_1.5 ;
    %load/vec4 v0x1014b2710_0;
    %inv;
    %addi 1, 0, 8;
    %assign/vec4 v0x1014b27b0_0, 0;
    %jmp T_1.9;
T_1.6 ;
    %load/vec4 v0x1014b2710_0;
    %pad/u 32;
    %muli 5, 0, 32;
    %load/vec4 v0x1014b2710_0;
    %pad/u 32;
    %pushi/vec4 8, 0, 32;
    %div;
    %add;
    %pad/u 8;
    %assign/vec4 v0x1014b27b0_0, 0;
    %jmp T_1.9;
T_1.7 ;
    %load/vec4 v0x1014b2710_0;
    %pad/u 32;
    %cmpi/u 32, 0, 32;
    %flag_inv 5; GE is !LT
    %flag_mov 8, 5;
    %jmp/0 T_1.10, 8;
    %load/vec4 v0x1014bc0b0_0;
    %jmp/1 T_1.11, 8;
T_1.10 ; End of true expr.
    %load/vec4 v0x1014bc0b0_0;
    %inv;
    %jmp/0 T_1.11, 8;
 ; End of false expr.
    %blend;
T_1.11;
    %assign/vec4 v0x1014b27b0_0, 0;
    %jmp T_1.9;
T_1.9 ;
    %pop/vec4 1;
    %jmp T_1;
    .thread T_1;
    .scope S_0x1014b74c0;
T_2 ;
    %delay 1000000, 0;
    %vpi_call 2 17 "$finish" {0 0 0};
    %end;
    .thread T_2;
    .scope S_0x1014b74c0;
T_3 ;
    %pushi/vec4 0, 0, 1;
    %store/vec4 v0x1014bc330_0, 0, 1;
T_3.0 ;
    %delay 5000, 0;
    %load/vec4 v0x1014bc330_0;
    %inv;
    %store/vec4 v0x1014bc330_0, 0, 1;
    %jmp T_3.0;
    %end;
    .thread T_3;
    .scope S_0x1014b74c0;
T_4 ;
    %pushi/vec4 0, 0, 8;
    %store/vec4 v0x1014bc1f0_0, 0, 8;
    %pushi/vec4 0, 0, 8;
    %store/vec4 v0x1014bc3d0_0, 0, 8;
    %pushi/vec4 0, 0, 3;
    %store/vec4 v0x1014bc470_0, 0, 3;
T_4.0 ;
    %delay 10000, 0;
    %load/vec4 v0x1014bc1f0_0;
    %addi 1, 0, 8;
    %assign/vec4 v0x1014bc1f0_0, 0;
    %load/vec4 v0x1014bc3d0_0;
    %addi 1, 0, 8;
    %assign/vec4 v0x1014bc3d0_0, 0;
    %load/vec4 v0x1014bc470_0;
    %addi 1, 0, 3;
    %assign/vec4 v0x1014bc470_0, 0;
    %jmp T_4.0;
    %end;
    .thread T_4;
    .scope S_0x1014b74c0;
T_5 ;
    %vpi_call 2 38 "$dumpfile", "t_lab2.vcd" {0 0 0};
    %vpi_call 2 39 "$dumpvars", 32'sb00000000000000000000000000000000, S_0x1014b74c0 {0 0 0};
    %end;
    .thread T_5;
# The file index is used to find the file name in the following table.
:file_names 4;
    "N/A";
    "<interactive>";
    "lab1_2/t_lab2.v";
    "./lab1_2/lab1_2.v";
