#! /opt/homebrew/Cellar/icarus-verilog/11.0/bin/vvp
:ivl_version "11.0 (stable)";
:ivl_delay_selection "TYPICAL";
:vpi_time_precision + 0;
:vpi_module "/opt/homebrew/Cellar/icarus-verilog/11.0/lib/ivl/system.vpi";
:vpi_module "/opt/homebrew/Cellar/icarus-verilog/11.0/lib/ivl/vhdl_sys.vpi";
:vpi_module "/opt/homebrew/Cellar/icarus-verilog/11.0/lib/ivl/vhdl_textio.vpi";
:vpi_module "/opt/homebrew/Cellar/icarus-verilog/11.0/lib/ivl/v2005_math.vpi";
:vpi_module "/opt/homebrew/Cellar/icarus-verilog/11.0/lib/ivl/va_math.vpi";
S_0x141e0cda0 .scope module, "test_Problem5_60" "test_Problem5_60" 2 24;
 .timescale 0 0;
v0x141e24600_0 .var "t_Clock", 0 0;
v0x141e246a0_0 .var "t_Count", 0 0;
v0x141e24750_0 .var "t_Reset", 0 0;
S_0x141e08060 .scope module, "M0" "problem5_60" 2 26, 2 1 0, S_0x141e0cda0;
 .timescale 0 0;
    .port_info 0 /INPUT 1 "Clock";
    .port_info 1 /INPUT 1 "Reset";
    .port_info 2 /INPUT 1 "Count";
P_0x141e146a0 .param/l "S0" 0 2 4, C4<0000>;
P_0x141e146e0 .param/l "S1" 0 2 4, C4<0001>;
P_0x141e14720 .param/l "S2" 0 2 4, C4<0010>;
P_0x141e14760 .param/l "S3" 0 2 4, C4<0011>;
P_0x141e147a0 .param/l "S4" 0 2 4, C4<0100>;
P_0x141e147e0 .param/l "S5" 0 2 5, C4<0101>;
P_0x141e14820 .param/l "S6" 0 2 5, C4<0110>;
P_0x141e14860 .param/l "S7" 0 2 5, C4<0111>;
P_0x141e148a0 .param/l "S8" 0 2 5, C4<1000>;
P_0x141e148e0 .param/l "S9" 0 2 5, C4<1001>;
v0x141e14610_0 .net "Clock", 0 0, v0x141e24600_0;  1 drivers
v0x141e243b0_0 .net "Count", 0 0, v0x141e246a0_0;  1 drivers
v0x141e24450_0 .net "Reset", 0 0, v0x141e24750_0;  1 drivers
v0x141e24500_0 .var "state", 3 0;
E_0x141e09700/0 .event negedge, v0x141e24450_0;
E_0x141e09700/1 .event posedge, v0x141e14610_0;
E_0x141e09700 .event/or E_0x141e09700/0, E_0x141e09700/1;
    .scope S_0x141e08060;
T_0 ;
    %wait E_0x141e09700;
    %load/vec4 v0x141e24450_0;
    %pad/u 32;
    %cmpi/e 0, 0, 32;
    %jmp/0xz  T_0.0, 4;
    %pushi/vec4 0, 0, 4;
    %assign/vec4 v0x141e24500_0, 0;
    %jmp T_0.1;
T_0.0 ;
    %load/vec4 v0x141e24500_0;
    %dup/vec4;
    %pushi/vec4 0, 0, 4;
    %cmp/u;
    %jmp/1 T_0.2, 6;
    %dup/vec4;
    %pushi/vec4 1, 0, 4;
    %cmp/u;
    %jmp/1 T_0.3, 6;
    %dup/vec4;
    %pushi/vec4 2, 0, 4;
    %cmp/u;
    %jmp/1 T_0.4, 6;
    %dup/vec4;
    %pushi/vec4 3, 0, 4;
    %cmp/u;
    %jmp/1 T_0.5, 6;
    %dup/vec4;
    %pushi/vec4 4, 0, 4;
    %cmp/u;
    %jmp/1 T_0.6, 6;
    %dup/vec4;
    %pushi/vec4 5, 0, 4;
    %cmp/u;
    %jmp/1 T_0.7, 6;
    %dup/vec4;
    %pushi/vec4 6, 0, 4;
    %cmp/u;
    %jmp/1 T_0.8, 6;
    %dup/vec4;
    %pushi/vec4 7, 0, 4;
    %cmp/u;
    %jmp/1 T_0.9, 6;
    %dup/vec4;
    %pushi/vec4 8, 0, 4;
    %cmp/u;
    %jmp/1 T_0.10, 6;
    %dup/vec4;
    %pushi/vec4 9, 0, 4;
    %cmp/u;
    %jmp/1 T_0.11, 6;
    %jmp T_0.12;
T_0.2 ;
    %load/vec4 v0x141e243b0_0;
    %flag_set/vec4 8;
    %jmp/0xz  T_0.13, 8;
    %pushi/vec4 1, 0, 4;
    %assign/vec4 v0x141e24500_0, 0;
    %jmp T_0.14;
T_0.13 ;
    %pushi/vec4 0, 0, 4;
    %assign/vec4 v0x141e24500_0, 0;
T_0.14 ;
    %jmp T_0.12;
T_0.3 ;
    %load/vec4 v0x141e243b0_0;
    %flag_set/vec4 8;
    %jmp/0xz  T_0.15, 8;
    %pushi/vec4 2, 0, 4;
    %assign/vec4 v0x141e24500_0, 0;
    %jmp T_0.16;
T_0.15 ;
    %pushi/vec4 1, 0, 4;
    %assign/vec4 v0x141e24500_0, 0;
T_0.16 ;
    %jmp T_0.12;
T_0.4 ;
    %load/vec4 v0x141e243b0_0;
    %flag_set/vec4 8;
    %jmp/0xz  T_0.17, 8;
    %pushi/vec4 3, 0, 4;
    %assign/vec4 v0x141e24500_0, 0;
    %jmp T_0.18;
T_0.17 ;
    %pushi/vec4 2, 0, 4;
    %assign/vec4 v0x141e24500_0, 0;
T_0.18 ;
    %jmp T_0.12;
T_0.5 ;
    %load/vec4 v0x141e243b0_0;
    %flag_set/vec4 8;
    %jmp/0xz  T_0.19, 8;
    %pushi/vec4 4, 0, 4;
    %assign/vec4 v0x141e24500_0, 0;
    %jmp T_0.20;
T_0.19 ;
    %pushi/vec4 3, 0, 4;
    %assign/vec4 v0x141e24500_0, 0;
T_0.20 ;
    %jmp T_0.12;
T_0.6 ;
    %load/vec4 v0x141e243b0_0;
    %flag_set/vec4 8;
    %jmp/0xz  T_0.21, 8;
    %pushi/vec4 5, 0, 4;
    %assign/vec4 v0x141e24500_0, 0;
    %jmp T_0.22;
T_0.21 ;
    %pushi/vec4 4, 0, 4;
    %assign/vec4 v0x141e24500_0, 0;
T_0.22 ;
    %jmp T_0.12;
T_0.7 ;
    %load/vec4 v0x141e243b0_0;
    %flag_set/vec4 8;
    %jmp/0xz  T_0.23, 8;
    %pushi/vec4 6, 0, 4;
    %assign/vec4 v0x141e24500_0, 0;
    %jmp T_0.24;
T_0.23 ;
    %pushi/vec4 5, 0, 4;
    %assign/vec4 v0x141e24500_0, 0;
T_0.24 ;
    %jmp T_0.12;
T_0.8 ;
    %load/vec4 v0x141e243b0_0;
    %flag_set/vec4 8;
    %jmp/0xz  T_0.25, 8;
    %pushi/vec4 7, 0, 4;
    %assign/vec4 v0x141e24500_0, 0;
    %jmp T_0.26;
T_0.25 ;
    %pushi/vec4 6, 0, 4;
    %assign/vec4 v0x141e24500_0, 0;
T_0.26 ;
    %jmp T_0.12;
T_0.9 ;
    %load/vec4 v0x141e243b0_0;
    %flag_set/vec4 8;
    %jmp/0xz  T_0.27, 8;
    %pushi/vec4 8, 0, 4;
    %assign/vec4 v0x141e24500_0, 0;
    %jmp T_0.28;
T_0.27 ;
    %pushi/vec4 7, 0, 4;
    %assign/vec4 v0x141e24500_0, 0;
T_0.28 ;
    %jmp T_0.12;
T_0.10 ;
    %load/vec4 v0x141e243b0_0;
    %flag_set/vec4 8;
    %jmp/0xz  T_0.29, 8;
    %pushi/vec4 9, 0, 4;
    %assign/vec4 v0x141e24500_0, 0;
    %jmp T_0.30;
T_0.29 ;
    %pushi/vec4 8, 0, 4;
    %assign/vec4 v0x141e24500_0, 0;
T_0.30 ;
    %jmp T_0.12;
T_0.11 ;
    %load/vec4 v0x141e243b0_0;
    %flag_set/vec4 8;
    %jmp/0xz  T_0.31, 8;
    %pushi/vec4 0, 0, 4;
    %assign/vec4 v0x141e24500_0, 0;
    %jmp T_0.32;
T_0.31 ;
    %pushi/vec4 9, 0, 4;
    %assign/vec4 v0x141e24500_0, 0;
T_0.32 ;
    %jmp T_0.12;
T_0.12 ;
    %pop/vec4 1;
T_0.1 ;
    %jmp T_0;
    .thread T_0;
    .scope S_0x141e0cda0;
T_1 ;
    %pushi/vec4 0, 0, 1;
    %store/vec4 v0x141e24600_0, 0, 1;
T_1.0 ;
    %delay 5, 0;
    %load/vec4 v0x141e24600_0;
    %nor/r;
    %store/vec4 v0x141e24600_0, 0, 1;
    %jmp T_1.0;
    %end;
    .thread T_1;
    .scope S_0x141e0cda0;
T_2 ;
    %fork t_1, S_0x141e0cda0;
    %fork t_2, S_0x141e0cda0;
    %fork t_3, S_0x141e0cda0;
    %fork t_4, S_0x141e0cda0;
    %fork t_5, S_0x141e0cda0;
    %fork t_6, S_0x141e0cda0;
    %fork t_7, S_0x141e0cda0;
    %fork t_8, S_0x141e0cda0;
    %fork t_9, S_0x141e0cda0;
    %fork t_10, S_0x141e0cda0;
    %fork t_11, S_0x141e0cda0;
    %join;
    %join;
    %join;
    %join;
    %join;
    %join;
    %join;
    %join;
    %join;
    %join;
    %join;
    %jmp t_0;
t_1 ;
    %delay 0, 0;
    %pushi/vec4 0, 0, 1;
    %store/vec4 v0x141e24750_0, 0, 1;
    %end;
t_2 ;
    %delay 40, 0;
    %pushi/vec4 1, 0, 1;
    %store/vec4 v0x141e24750_0, 0, 1;
    %end;
t_3 ;
    %delay 80, 0;
    %pushi/vec4 0, 0, 1;
    %store/vec4 v0x141e24750_0, 0, 1;
    %end;
t_4 ;
    %delay 120, 0;
    %pushi/vec4 1, 0, 1;
    %store/vec4 v0x141e24750_0, 0, 1;
    %end;
t_5 ;
    %delay 0, 0;
    %pushi/vec4 1, 0, 1;
    %store/vec4 v0x141e246a0_0, 0, 1;
    %end;
t_6 ;
    %delay 30, 0;
    %pushi/vec4 0, 0, 1;
    %store/vec4 v0x141e246a0_0, 0, 1;
    %end;
t_7 ;
    %delay 50, 0;
    %pushi/vec4 1, 0, 1;
    %store/vec4 v0x141e246a0_0, 0, 1;
    %end;
t_8 ;
    %delay 100, 0;
    %pushi/vec4 0, 0, 1;
    %store/vec4 v0x141e246a0_0, 0, 1;
    %end;
t_9 ;
    %delay 130, 0;
    %pushi/vec4 1, 0, 1;
    %store/vec4 v0x141e246a0_0, 0, 1;
    %end;
t_10 ;
    %vpi_call 2 41 "$dumpfile", "problem5.60.vcd" {0 0 0};
    %end;
t_11 ;
    %vpi_call 2 42 "$dumpvars", 32'sb00000000000000000000000000000000, S_0x141e0cda0 {0 0 0};
    %end;
    .scope S_0x141e0cda0;
t_0 ;
    %end;
    .thread T_2;
    .scope S_0x141e0cda0;
T_3 ;
    %delay 200, 0;
    %vpi_call 2 44 "$finish" {0 0 0};
    %end;
    .thread T_3;
# The file index is used to find the file name in the following table.
:file_names 3;
    "N/A";
    "<interactive>";
    "function.v";
