#! /opt/homebrew/Cellar/icarus-verilog/12.0/bin/vvp
:ivl_version "12.0 (stable)";
:ivl_delay_selection "TYPICAL";
:vpi_time_precision - 12;
:vpi_module "/opt/homebrew/Cellar/icarus-verilog/12.0/lib/ivl/system.vpi";
:vpi_module "/opt/homebrew/Cellar/icarus-verilog/12.0/lib/ivl/vhdl_sys.vpi";
:vpi_module "/opt/homebrew/Cellar/icarus-verilog/12.0/lib/ivl/vhdl_textio.vpi";
:vpi_module "/opt/homebrew/Cellar/icarus-verilog/12.0/lib/ivl/v2005_math.vpi";
:vpi_module "/opt/homebrew/Cellar/icarus-verilog/12.0/lib/ivl/va_math.vpi";
S_0x102cec370 .scope module, "t_LAB5_2" "t_LAB5_2" 2 3;
 .timescale -12 -12;
v0x102cf44d0_0 .var/2u *"_ivl_0", 0 0; Local signal
v0x102cf4570_0 .var/2u *"_ivl_1", 0 0; Local signal
v0x102cf4610_0 .var "clk", 0 0;
v0x102cf46b0_0 .net "fout", 0 0, v0x102cf42f0_0;  1 drivers
v0x102cf4750_0 .var "rst", 0 0;
S_0x102cec4f0 .scope module, "i1" "LAB5_2" 2 11, 3 1 0, S_0x102cec370;
 .timescale 0 0;
    .port_info 0 /INPUT 1 "clk";
    .port_info 1 /OUTPUT 1 "fout";
    .port_info 2 /INPUT 1 "rst";
v0x102cef800_0 .net "clk", 0 0, v0x102cf4610_0;  1 drivers
v0x102cf42f0_0 .var "fout", 0 0;
v0x102cf4390_0 .var "out", 3 0;
v0x102cf4430_0 .net "rst", 0 0, v0x102cf4750_0;  1 drivers
E_0xabd000300/0 .event negedge, v0x102cf4430_0;
E_0xabd000300/1 .event posedge, v0x102cef800_0;
E_0xabd000300 .event/or E_0xabd000300/0, E_0xabd000300/1;
    .scope S_0x102cec4f0;
T_0 ;
    %pushi/vec4 10, 0, 4;
    %store/vec4 v0x102cf4390_0, 0, 4;
    %end;
    .thread T_0;
    .scope S_0x102cec4f0;
T_1 ;
    %wait E_0xabd000300;
    %load/vec4 v0x102cf4430_0;
    %pad/u 32;
    %cmpi/e 0, 0, 32;
    %jmp/0xz  T_1.0, 4;
    %pushi/vec4 0, 0, 1;
    %store/vec4 v0x102cf42f0_0, 0, 1;
    %jmp T_1.1;
T_1.0 ;
    %load/vec4 v0x102cf4390_0;
    %pad/u 32;
    %cmpi/e 1, 0, 32;
    %jmp/0xz  T_1.2, 4;
    %load/vec4 v0x102cf42f0_0;
    %inv;
    %assign/vec4 v0x102cf42f0_0, 0;
    %pushi/vec4 10, 0, 4;
    %store/vec4 v0x102cf4390_0, 0, 4;
    %jmp T_1.3;
T_1.2 ;
    %load/vec4 v0x102cf4390_0;
    %subi 1, 0, 4;
    %assign/vec4 v0x102cf4390_0, 0;
T_1.3 ;
T_1.1 ;
    %jmp T_1;
    .thread T_1;
    .scope S_0x102cec370;
T_2 ;
    %delay 1000000, 0;
    %vpi_call 2 19 "$stop" {0 0 0};
    %end;
    .thread T_2;
    .scope S_0x102cec370;
T_3 ;
    %pushi/vec4 0, 0, 1;
    %store/vec4 v0x102cf4610_0, 0, 1;
    %pushi/vec4 1, 0, 1;
    %store/vec4 v0x102cf44d0_0, 0, 1;
    %pushi/vec4 10000, 0, 64;
    %ix/vec4 4;
    %delayx 4;
    %load/vec4 v0x102cf44d0_0;
    %store/vec4 v0x102cf4610_0, 0, 1;
    %delay 10000, 0;
    %jmp T_3;
    .thread T_3;
    .scope S_0x102cec370;
T_4 ;
    %pushi/vec4 0, 0, 1;
    %store/vec4 v0x102cf4750_0, 0, 1;
    %pushi/vec4 1, 0, 1;
    %store/vec4 v0x102cf4570_0, 0, 1;
    %pushi/vec4 20000, 0, 64;
    %ix/vec4 4;
    %delayx 4;
    %load/vec4 v0x102cf4570_0;
    %store/vec4 v0x102cf4750_0, 0, 1;
    %end;
    .thread T_4;
    .scope S_0x102cec370;
T_5 ;
    %vpi_call 2 39 "$dumpfile", "LAB5_2.vcd" {0 0 0};
    %vpi_call 2 40 "$dumpvars", 32'sb00000000000000000000000000000000, S_0x102cec370 {0 0 0};
    %end;
    .thread T_5;
# The file index is used to find the file name in the following table.
:file_names 4;
    "N/A";
    "<interactive>";
    "t_LAB5_2.v";
    "./LAB5_2.v";
