#! /c/iverilog/bin/vvp
:ivl_version "0.9.7 " "(v0_9_7)";
:vpi_time_precision + 0;
:vpi_module "system";
:vpi_module "v2005_math";
:vpi_module "va_math";
S_00ED4460 .scope module, "test" "test" 2 18;
 .timescale 0 0;
v00EDEE30_0 .var "clk", 0 0;
v00EDEE88_0 .net "count", 7 0, v00ED4E40_0; 1 drivers
v00EDEEE0_0 .var "reset", 0 0;
S_00ED44E8 .scope module, "M0" "Question6" 2 21, 2 1, S_00ED4460;
 .timescale 0 0;
v00ED8C78_0 .net "clk", 0 0, v00EDEE30_0; 1 drivers
v00ED4E40_0 .var "count", 7 0;
v00ED4E98_0 .net "reset", 0 0, v00EDEEE0_0; 1 drivers
v00ED4EF0_0 .var "state", 3 0;
E_00ED86A0 .event edge, v00ED4EF0_0;
E_00ED8720/0 .event negedge, v00ED4E98_0;
E_00ED8720/1 .event posedge, v00ED8C78_0;
E_00ED8720 .event/or E_00ED8720/0, E_00ED8720/1;
    .scope S_00ED44E8;
T_0 ;
    %wait E_00ED8720;
    %load/v 8, v00ED4E98_0, 1;
    %cmpi/u 8, 0, 1;
    %jmp/0xz  T_0.0, 4;
    %ix/load 0, 4, 0;
    %assign/v0 v00ED4EF0_0, 0, 0;
    %jmp T_0.1;
T_0.0 ;
    %load/v 8, v00ED4EF0_0, 4;
    %mov 12, 0, 28;
    %addi 8, 1, 32;
    %ix/load 0, 4, 0;
    %assign/v0 v00ED4EF0_0, 0, 8;
T_0.1 ;
    %jmp T_0;
    .thread T_0;
    .scope S_00ED44E8;
T_1 ;
    %wait E_00ED86A0;
    %load/v 8, v00ED4EF0_0, 4;
    %cmpi/u 8, 0, 4;
    %jmp/1 T_1.0, 6;
    %cmpi/u 8, 2, 4;
    %jmp/1 T_1.1, 6;
    %cmpi/u 8, 4, 4;
    %jmp/1 T_1.2, 6;
    %cmpi/u 8, 6, 4;
    %jmp/1 T_1.3, 6;
    %cmpi/u 8, 8, 4;
    %jmp/1 T_1.4, 6;
    %cmpi/u 8, 10, 4;
    %jmp/1 T_1.5, 6;
    %cmpi/u 8, 12, 4;
    %jmp/1 T_1.6, 6;
    %cmpi/u 8, 1, 4;
    %jmp/1 T_1.7, 6;
    %cmpi/u 8, 3, 4;
    %jmp/1 T_1.8, 6;
    %cmpi/u 8, 5, 4;
    %jmp/1 T_1.9, 6;
    %cmpi/u 8, 7, 4;
    %jmp/1 T_1.10, 6;
    %cmpi/u 8, 9, 4;
    %jmp/1 T_1.11, 6;
    %cmpi/u 8, 11, 4;
    %jmp/1 T_1.12, 6;
    %cmpi/u 8, 13, 4;
    %jmp/1 T_1.13, 6;
    %ix/load 0, 8, 0;
    %assign/v0 v00ED4E40_0, 0, 0;
    %jmp T_1.15;
T_1.0 ;
    %movi 8, 1, 8;
    %ix/load 0, 8, 0;
    %assign/v0 v00ED4E40_0, 0, 8;
    %jmp T_1.15;
T_1.1 ;
    %movi 8, 1, 8;
    %ix/load 0, 8, 0;
    %assign/v0 v00ED4E40_0, 0, 8;
    %jmp T_1.15;
T_1.2 ;
    %movi 8, 1, 8;
    %ix/load 0, 8, 0;
    %assign/v0 v00ED4E40_0, 0, 8;
    %jmp T_1.15;
T_1.3 ;
    %movi 8, 1, 8;
    %ix/load 0, 8, 0;
    %assign/v0 v00ED4E40_0, 0, 8;
    %jmp T_1.15;
T_1.4 ;
    %movi 8, 1, 8;
    %ix/load 0, 8, 0;
    %assign/v0 v00ED4E40_0, 0, 8;
    %jmp T_1.15;
T_1.5 ;
    %movi 8, 1, 8;
    %ix/load 0, 8, 0;
    %assign/v0 v00ED4E40_0, 0, 8;
    %jmp T_1.15;
T_1.6 ;
    %movi 8, 1, 8;
    %ix/load 0, 8, 0;
    %assign/v0 v00ED4E40_0, 0, 8;
    %jmp T_1.15;
T_1.7 ;
    %movi 8, 2, 8;
    %ix/load 0, 8, 0;
    %assign/v0 v00ED4E40_0, 0, 8;
    %jmp T_1.15;
T_1.8 ;
    %movi 8, 4, 8;
    %ix/load 0, 8, 0;
    %assign/v0 v00ED4E40_0, 0, 8;
    %jmp T_1.15;
T_1.9 ;
    %movi 8, 8, 8;
    %ix/load 0, 8, 0;
    %assign/v0 v00ED4E40_0, 0, 8;
    %jmp T_1.15;
T_1.10 ;
    %movi 8, 16, 8;
    %ix/load 0, 8, 0;
    %assign/v0 v00ED4E40_0, 0, 8;
    %jmp T_1.15;
T_1.11 ;
    %movi 8, 32, 8;
    %ix/load 0, 8, 0;
    %assign/v0 v00ED4E40_0, 0, 8;
    %jmp T_1.15;
T_1.12 ;
    %movi 8, 64, 8;
    %ix/load 0, 8, 0;
    %assign/v0 v00ED4E40_0, 0, 8;
    %jmp T_1.15;
T_1.13 ;
    %movi 8, 128, 8;
    %ix/load 0, 8, 0;
    %assign/v0 v00ED4E40_0, 0, 8;
    %jmp T_1.15;
T_1.15 ;
    %jmp T_1;
    .thread T_1, $push;
    .scope S_00ED4460;
T_2 ;
    %delay 200, 0;
    %vpi_call 2 22 "$finish";
    %end;
    .thread T_2;
    .scope S_00ED4460;
T_3 ;
    %set/v v00EDEE30_0, 0, 1;
T_3.0 ;
    %delay 5, 0;
    %load/v 8, v00EDEE30_0, 1;
    %inv 8, 1;
    %set/v v00EDEE30_0, 8, 1;
    %jmp T_3.0;
    %end;
    .thread T_3;
    .scope S_00ED4460;
T_4 ;
    %set/v v00EDEEE0_0, 0, 1;
    %delay 2, 0;
    %set/v v00EDEEE0_0, 1, 1;
    %vpi_call 2 24 "$dumpfile", "dump.vcd";
    %vpi_call 2 24 "$dumpvars", 1'sb0, S_00ED4460;
    %end;
    .thread T_4;
# The file index is used to find the file name in the following table.
:file_names 3;
    "N/A";
    "<interactive>";
    "Q6.v";
