#! /opt/homebrew/Cellar/icarus-verilog/12.0/bin/vvp
:ivl_version "12.0 (stable)";
:ivl_delay_selection "TYPICAL";
:vpi_time_precision - 12;
:vpi_module "/opt/homebrew/Cellar/icarus-verilog/12.0/lib/ivl/system.vpi";
:vpi_module "/opt/homebrew/Cellar/icarus-verilog/12.0/lib/ivl/vhdl_sys.vpi";
:vpi_module "/opt/homebrew/Cellar/icarus-verilog/12.0/lib/ivl/vhdl_textio.vpi";
:vpi_module "/opt/homebrew/Cellar/icarus-verilog/12.0/lib/ivl/v2005_math.vpi";
:vpi_module "/opt/homebrew/Cellar/icarus-verilog/12.0/lib/ivl/va_math.vpi";
S_0x105626000 .scope module, "LAB3_1_t" "LAB3_1_t" 2 3;
 .timescale -12 -12;
v0x10562d6e0_0 .var/2u *"_ivl_0", 0 0; Local signal
v0x10562d780_0 .var/2u *"_ivl_1", 0 0; Local signal
v0x10562d820_0 .var/2u *"_ivl_2", 0 0; Local signal
v0x10562d8c0_0 .var/2u *"_ivl_3", 0 0; Local signal
v0x10562d960_0 .var/2u *"_ivl_4", 0 0; Local signal
v0x10562da00_0 .var "in", 31 0;
v0x10562daa0_0 .net "out", 0 0, v0x10562d5a0_0;  1 drivers
v0x10562db40_0 .var "sel", 4 0;
S_0x105624360 .scope module, "i1" "LAB3_1" 2 17, 3 1 0, S_0x105626000;
 .timescale 0 0;
    .port_info 0 /OUTPUT 1 "out";
    .port_info 1 /INPUT 5 "sel";
    .port_info 2 /INPUT 32 "in";
v0x1056244e0_0 .var/i "i", 31 0;
v0x105624580_0 .net "in", 31 0, v0x10562da00_0;  1 drivers
v0x10562d5a0_0 .var "out", 0 0;
v0x10562d640_0 .net "sel", 4 0, v0x10562db40_0;  1 drivers
E_0x87ec500c0 .event anyedge, v0x10562d640_0, v0x105624580_0;
    .scope S_0x105624360;
T_0 ;
    %wait E_0x87ec500c0;
    %pushi/vec4 0, 0, 32;
    %store/vec4 v0x1056244e0_0, 0, 32;
T_0.0 ;
    %load/vec4 v0x1056244e0_0;
    %cmpi/s 32, 0, 32;
    %jmp/0xz T_0.1, 5;
    %load/vec4 v0x10562d640_0;
    %pad/u 32;
    %load/vec4 v0x1056244e0_0;
    %cmp/e;
    %jmp/0xz  T_0.2, 4;
    %load/vec4 v0x105624580_0;
    %load/vec4 v0x1056244e0_0;
    %part/s 1;
    %store/vec4 v0x10562d5a0_0, 0, 1;
T_0.2 ;
    %load/vec4 v0x1056244e0_0;
    %addi 1, 0, 32;
    %store/vec4 v0x1056244e0_0, 0, 32;
    %jmp T_0.0;
T_0.1 ;
    %jmp T_0;
    .thread T_0, $push;
    .scope S_0x105626000;
T_1 ;
    %vpi_call 2 12 "$dumpfile", "t_LAB3_1.vcd" {0 0 0};
    %vpi_call 2 13 "$dumpvars", 32'sb00000000000000000000000000000000, S_0x105626000 {0 0 0};
    %end;
    .thread T_1;
    .scope S_0x105626000;
T_2 ;
    %delay 1000000, 0;
    %vpi_call 2 25 "$stop" {0 0 0};
    %end;
    .thread T_2;
    .scope S_0x105626000;
T_3 ;
    %pushi/vec4 0, 0, 1;
    %ix/load 4, 31, 0;
    %flag_set/imm 4, 0;
    %store/vec4 v0x10562da00_0, 4, 1;
    %end;
    .thread T_3;
    .scope S_0x105626000;
T_4 ;
    %pushi/vec4 0, 0, 1;
    %ix/load 4, 30, 0;
    %flag_set/imm 4, 0;
    %store/vec4 v0x10562da00_0, 4, 1;
    %end;
    .thread T_4;
    .scope S_0x105626000;
T_5 ;
    %pushi/vec4 0, 0, 1;
    %ix/load 4, 29, 0;
    %flag_set/imm 4, 0;
    %store/vec4 v0x10562da00_0, 4, 1;
    %end;
    .thread T_5;
    .scope S_0x105626000;
T_6 ;
    %pushi/vec4 0, 0, 1;
    %ix/load 4, 28, 0;
    %flag_set/imm 4, 0;
    %store/vec4 v0x10562da00_0, 4, 1;
    %end;
    .thread T_6;
    .scope S_0x105626000;
T_7 ;
    %pushi/vec4 0, 0, 1;
    %ix/load 4, 27, 0;
    %flag_set/imm 4, 0;
    %store/vec4 v0x10562da00_0, 4, 1;
    %end;
    .thread T_7;
    .scope S_0x105626000;
T_8 ;
    %pushi/vec4 0, 0, 1;
    %ix/load 4, 26, 0;
    %flag_set/imm 4, 0;
    %store/vec4 v0x10562da00_0, 4, 1;
    %end;
    .thread T_8;
    .scope S_0x105626000;
T_9 ;
    %pushi/vec4 0, 0, 1;
    %ix/load 4, 25, 0;
    %flag_set/imm 4, 0;
    %store/vec4 v0x10562da00_0, 4, 1;
    %end;
    .thread T_9;
    .scope S_0x105626000;
T_10 ;
    %pushi/vec4 0, 0, 1;
    %ix/load 4, 24, 0;
    %flag_set/imm 4, 0;
    %store/vec4 v0x10562da00_0, 4, 1;
    %end;
    .thread T_10;
    .scope S_0x105626000;
T_11 ;
    %pushi/vec4 0, 0, 1;
    %ix/load 4, 23, 0;
    %flag_set/imm 4, 0;
    %store/vec4 v0x10562da00_0, 4, 1;
    %end;
    .thread T_11;
    .scope S_0x105626000;
T_12 ;
    %pushi/vec4 0, 0, 1;
    %ix/load 4, 22, 0;
    %flag_set/imm 4, 0;
    %store/vec4 v0x10562da00_0, 4, 1;
    %end;
    .thread T_12;
    .scope S_0x105626000;
T_13 ;
    %pushi/vec4 0, 0, 1;
    %ix/load 4, 21, 0;
    %flag_set/imm 4, 0;
    %store/vec4 v0x10562da00_0, 4, 1;
    %end;
    .thread T_13;
    .scope S_0x105626000;
T_14 ;
    %pushi/vec4 0, 0, 1;
    %ix/load 4, 20, 0;
    %flag_set/imm 4, 0;
    %store/vec4 v0x10562da00_0, 4, 1;
    %end;
    .thread T_14;
    .scope S_0x105626000;
T_15 ;
    %pushi/vec4 0, 0, 1;
    %ix/load 4, 19, 0;
    %flag_set/imm 4, 0;
    %store/vec4 v0x10562da00_0, 4, 1;
    %end;
    .thread T_15;
    .scope S_0x105626000;
T_16 ;
    %pushi/vec4 0, 0, 1;
    %ix/load 4, 18, 0;
    %flag_set/imm 4, 0;
    %store/vec4 v0x10562da00_0, 4, 1;
    %end;
    .thread T_16;
    .scope S_0x105626000;
T_17 ;
    %pushi/vec4 0, 0, 1;
    %ix/load 4, 17, 0;
    %flag_set/imm 4, 0;
    %store/vec4 v0x10562da00_0, 4, 1;
    %end;
    .thread T_17;
    .scope S_0x105626000;
T_18 ;
    %pushi/vec4 0, 0, 1;
    %ix/load 4, 16, 0;
    %flag_set/imm 4, 0;
    %store/vec4 v0x10562da00_0, 4, 1;
    %end;
    .thread T_18;
    .scope S_0x105626000;
T_19 ;
    %pushi/vec4 0, 0, 1;
    %ix/load 4, 15, 0;
    %flag_set/imm 4, 0;
    %store/vec4 v0x10562da00_0, 4, 1;
    %end;
    .thread T_19;
    .scope S_0x105626000;
T_20 ;
    %pushi/vec4 0, 0, 1;
    %ix/load 4, 14, 0;
    %flag_set/imm 4, 0;
    %store/vec4 v0x10562da00_0, 4, 1;
    %end;
    .thread T_20;
    .scope S_0x105626000;
T_21 ;
    %pushi/vec4 0, 0, 1;
    %ix/load 4, 13, 0;
    %flag_set/imm 4, 0;
    %store/vec4 v0x10562da00_0, 4, 1;
    %end;
    .thread T_21;
    .scope S_0x105626000;
T_22 ;
    %pushi/vec4 0, 0, 1;
    %ix/load 4, 12, 0;
    %flag_set/imm 4, 0;
    %store/vec4 v0x10562da00_0, 4, 1;
    %end;
    .thread T_22;
    .scope S_0x105626000;
T_23 ;
    %pushi/vec4 0, 0, 1;
    %ix/load 4, 11, 0;
    %flag_set/imm 4, 0;
    %store/vec4 v0x10562da00_0, 4, 1;
    %end;
    .thread T_23;
    .scope S_0x105626000;
T_24 ;
    %pushi/vec4 0, 0, 1;
    %ix/load 4, 10, 0;
    %flag_set/imm 4, 0;
    %store/vec4 v0x10562da00_0, 4, 1;
    %end;
    .thread T_24;
    .scope S_0x105626000;
T_25 ;
    %pushi/vec4 0, 0, 1;
    %ix/load 4, 9, 0;
    %flag_set/imm 4, 0;
    %store/vec4 v0x10562da00_0, 4, 1;
    %end;
    .thread T_25;
    .scope S_0x105626000;
T_26 ;
    %pushi/vec4 0, 0, 1;
    %ix/load 4, 8, 0;
    %flag_set/imm 4, 0;
    %store/vec4 v0x10562da00_0, 4, 1;
    %end;
    .thread T_26;
    .scope S_0x105626000;
T_27 ;
    %pushi/vec4 0, 0, 1;
    %ix/load 4, 7, 0;
    %flag_set/imm 4, 0;
    %store/vec4 v0x10562da00_0, 4, 1;
    %end;
    .thread T_27;
    .scope S_0x105626000;
T_28 ;
    %pushi/vec4 0, 0, 1;
    %ix/load 4, 6, 0;
    %flag_set/imm 4, 0;
    %store/vec4 v0x10562da00_0, 4, 1;
    %end;
    .thread T_28;
    .scope S_0x105626000;
T_29 ;
    %pushi/vec4 0, 0, 1;
    %ix/load 4, 5, 0;
    %flag_set/imm 4, 0;
    %store/vec4 v0x10562da00_0, 4, 1;
    %end;
    .thread T_29;
    .scope S_0x105626000;
T_30 ;
    %pushi/vec4 0, 0, 1;
    %ix/load 4, 4, 0;
    %flag_set/imm 4, 0;
    %store/vec4 v0x10562da00_0, 4, 1;
    %end;
    .thread T_30;
    .scope S_0x105626000;
T_31 ;
    %pushi/vec4 0, 0, 1;
    %ix/load 4, 3, 0;
    %flag_set/imm 4, 0;
    %store/vec4 v0x10562da00_0, 4, 1;
    %end;
    .thread T_31;
    .scope S_0x105626000;
T_32 ;
    %pushi/vec4 1, 0, 1;
    %ix/load 4, 2, 0;
    %flag_set/imm 4, 0;
    %store/vec4 v0x10562da00_0, 4, 1;
    %end;
    .thread T_32;
    .scope S_0x105626000;
T_33 ;
    %pushi/vec4 1, 0, 1;
    %ix/load 4, 1, 0;
    %flag_set/imm 4, 0;
    %store/vec4 v0x10562da00_0, 4, 1;
    %end;
    .thread T_33;
    .scope S_0x105626000;
T_34 ;
    %pushi/vec4 1, 0, 1;
    %ix/load 4, 0, 0;
    %flag_set/imm 4, 0;
    %store/vec4 v0x10562da00_0, 4, 1;
    %end;
    .thread T_34;
    .scope S_0x105626000;
T_35 ;
    %pushi/vec4 3, 0, 32;
T_35.0 %dup/vec4;
    %pushi/vec4 0, 0, 32;
    %cmp/s;
    %jmp/1xz T_35.1, 5;
    %jmp/1 T_35.1, 4;
    %pushi/vec4 1, 0, 32;
    %sub;
    %pushi/vec4 0, 0, 1;
    %ix/load 4, 4, 0;
    %flag_set/imm 4, 0;
    %store/vec4 v0x10562db40_0, 4, 1;
    %pushi/vec4 1, 0, 1;
    %store/vec4 v0x10562d6e0_0, 0, 1;
    %pushi/vec4 160000, 0, 64;
    %ix/vec4 4;
    %delayx 4;
    %load/vec4 v0x10562d6e0_0;
    %ix/load 4, 4, 0;
    %flag_set/imm 4, 0;
    %store/vec4 v0x10562db40_0, 4, 1;
    %delay 160000, 0;
    %jmp T_35.0;
T_35.1 ;
    %pop/vec4 1;
    %pushi/vec4 0, 0, 1;
    %ix/load 4, 4, 0;
    %flag_set/imm 4, 0;
    %store/vec4 v0x10562db40_0, 4, 1;
    %end;
    .thread T_35;
    .scope S_0x105626000;
T_36 ;
    %pushi/vec4 6, 0, 32;
T_36.0 %dup/vec4;
    %pushi/vec4 0, 0, 32;
    %cmp/s;
    %jmp/1xz T_36.1, 5;
    %jmp/1 T_36.1, 4;
    %pushi/vec4 1, 0, 32;
    %sub;
    %pushi/vec4 0, 0, 1;
    %ix/load 4, 3, 0;
    %flag_set/imm 4, 0;
    %store/vec4 v0x10562db40_0, 4, 1;
    %pushi/vec4 1, 0, 1;
    %store/vec4 v0x10562d780_0, 0, 1;
    %pushi/vec4 80000, 0, 64;
    %ix/vec4 4;
    %delayx 4;
    %load/vec4 v0x10562d780_0;
    %ix/load 4, 3, 0;
    %flag_set/imm 4, 0;
    %store/vec4 v0x10562db40_0, 4, 1;
    %delay 80000, 0;
    %jmp T_36.0;
T_36.1 ;
    %pop/vec4 1;
    %pushi/vec4 0, 0, 1;
    %ix/load 4, 3, 0;
    %flag_set/imm 4, 0;
    %store/vec4 v0x10562db40_0, 4, 1;
    %end;
    .thread T_36;
    .scope S_0x105626000;
T_37 ;
    %pushi/vec4 12, 0, 32;
T_37.0 %dup/vec4;
    %pushi/vec4 0, 0, 32;
    %cmp/s;
    %jmp/1xz T_37.1, 5;
    %jmp/1 T_37.1, 4;
    %pushi/vec4 1, 0, 32;
    %sub;
    %pushi/vec4 0, 0, 1;
    %ix/load 4, 2, 0;
    %flag_set/imm 4, 0;
    %store/vec4 v0x10562db40_0, 4, 1;
    %pushi/vec4 1, 0, 1;
    %store/vec4 v0x10562d820_0, 0, 1;
    %pushi/vec4 40000, 0, 64;
    %ix/vec4 4;
    %delayx 4;
    %load/vec4 v0x10562d820_0;
    %ix/load 4, 2, 0;
    %flag_set/imm 4, 0;
    %store/vec4 v0x10562db40_0, 4, 1;
    %delay 40000, 0;
    %jmp T_37.0;
T_37.1 ;
    %pop/vec4 1;
    %pushi/vec4 0, 0, 1;
    %ix/load 4, 2, 0;
    %flag_set/imm 4, 0;
    %store/vec4 v0x10562db40_0, 4, 1;
    %end;
    .thread T_37;
    .scope S_0x105626000;
T_38 ;
    %pushi/vec4 0, 0, 1;
    %ix/load 4, 1, 0;
    %flag_set/imm 4, 0;
    %store/vec4 v0x10562db40_0, 4, 1;
    %pushi/vec4 1, 0, 1;
    %store/vec4 v0x10562d8c0_0, 0, 1;
    %pushi/vec4 20000, 0, 64;
    %ix/vec4 4;
    %delayx 4;
    %load/vec4 v0x10562d8c0_0;
    %ix/load 4, 1, 0;
    %flag_set/imm 4, 0;
    %store/vec4 v0x10562db40_0, 4, 1;
    %delay 20000, 0;
    %jmp T_38;
    .thread T_38;
    .scope S_0x105626000;
T_39 ;
    %pushi/vec4 0, 0, 1;
    %ix/load 4, 0, 0;
    %flag_set/imm 4, 0;
    %store/vec4 v0x10562db40_0, 4, 1;
    %pushi/vec4 1, 0, 1;
    %store/vec4 v0x10562d960_0, 0, 1;
    %pushi/vec4 10000, 0, 64;
    %ix/vec4 4;
    %delayx 4;
    %load/vec4 v0x10562d960_0;
    %ix/load 4, 0, 0;
    %flag_set/imm 4, 0;
    %store/vec4 v0x10562db40_0, 4, 1;
    %delay 10000, 0;
    %jmp T_39;
    .thread T_39;
# The file index is used to find the file name in the following table.
:file_names 4;
    "N/A";
    "<interactive>";
    "t_LAB3_1.v";
    "./LAB3_1.v";
