#! /opt/homebrew/Cellar/icarus-verilog/12.0/bin/vvp
:ivl_version "12.0 (stable)";
:ivl_delay_selection "TYPICAL";
:vpi_time_precision - 12;
:vpi_module "/opt/homebrew/Cellar/icarus-verilog/12.0/lib/ivl/system.vpi";
:vpi_module "/opt/homebrew/Cellar/icarus-verilog/12.0/lib/ivl/vhdl_sys.vpi";
:vpi_module "/opt/homebrew/Cellar/icarus-verilog/12.0/lib/ivl/vhdl_textio.vpi";
:vpi_module "/opt/homebrew/Cellar/icarus-verilog/12.0/lib/ivl/v2005_math.vpi";
:vpi_module "/opt/homebrew/Cellar/icarus-verilog/12.0/lib/ivl/va_math.vpi";
S_0x101141a30 .scope module, "t_LAB3_2" "t_LAB3_2" 2 3;
 .timescale -12 -12;
v0xc10c74500_0 .var/2u *"_ivl_0", 0 0; Local signal
v0xc10c745a0_0 .var/2u *"_ivl_1", 0 0; Local signal
v0xc10c74640_0 .var/2u *"_ivl_2", 0 0; Local signal
v0xc10c746e0_0 .var/2u *"_ivl_3", 0 0; Local signal
v0xc10c74780_0 .var/2u *"_ivl_4", 0 0; Local signal
v0xc10c74820_0 .var/2u *"_ivl_5", 0 0; Local signal
v0xc10c748c0_0 .var/2u *"_ivl_6", 0 0; Local signal
v0xc10c74960_0 .var/2u *"_ivl_7", 0 0; Local signal
v0xc10c74a00_0 .var/2u *"_ivl_8", 0 0; Local signal
v0xc10c74aa0_0 .var/2u *"_ivl_9", 0 0; Local signal
v0xc10c74b40_0 .var "en", 0 0;
v0xc10c74be0_0 .var "in", 3 0;
RS_0xc11020190 .resolv tri, v0x10113e640_0, v0x10114c490_0, v0x10114c7f0_0, v0xc10c74140_0;
v0xc10c74c80_0 .net8 "out", 0 0, RS_0xc11020190;  4 drivers
v0xc10c74d20_0 .var "sel", 1 0;
S_0x101141bb0 .scope module, "i1" "LAB3_2" 2 10, 3 1 0, S_0x101141a30;
 .timescale 0 0;
    .port_info 0 /OUTPUT 1 "out";
    .port_info 1 /INPUT 4 "in";
    .port_info 2 /INPUT 2 "sel";
    .port_info 3 /INPUT 1 "en";
v0xc10c741e0_0 .net "W", 3 0, v0x101144c90_0;  1 drivers
v0xc10c74280_0 .net "en", 0 0, v0xc10c74b40_0;  1 drivers
v0xc10c74320_0 .net "in", 3 0, v0xc10c74be0_0;  1 drivers
v0xc10c743c0_0 .net8 "out", 0 0, RS_0xc11020190;  alias, 4 drivers
v0xc10c74460_0 .net "sel", 1 0, v0xc10c74d20_0;  1 drivers
L_0xc114303c0 .part v0xc10c74be0_0, 0, 1;
L_0xc11430460 .part v0x101144c90_0, 0, 1;
L_0xc11430500 .part v0xc10c74be0_0, 1, 1;
L_0xc114305a0 .part v0x101144c90_0, 1, 1;
L_0xc11430640 .part v0xc10c74be0_0, 2, 1;
L_0xc114306e0 .part v0x101144c90_0, 2, 1;
L_0xc11430780 .part v0xc10c74be0_0, 3, 1;
L_0xc11430820 .part v0x101144c90_0, 3, 1;
S_0x101144b10 .scope module, "D1" "decoder_2to4" 3 9, 3 26 0, S_0x101141bb0;
 .timescale 0 0;
    .port_info 0 /OUTPUT 4 "Y_2";
    .port_info 1 /INPUT 2 "sel";
    .port_info 2 /INPUT 1 "en";
v0x101144c90_0 .var "Y_2", 3 0;
v0x101144d30_0 .net "en", 0 0, v0xc10c74b40_0;  alias, 1 drivers
v0x1011437c0_0 .net "sel", 1 0, v0xc10c74d20_0;  alias, 1 drivers
E_0xc10c059c0 .event anyedge, v0x1011437c0_0, v0x101144d30_0;
S_0x101143860 .scope module, "T1" "three_state_buffer" 3 10, 3 17 0, S_0x101141bb0;
 .timescale 0 0;
    .port_info 0 /OUTPUT 1 "Y";
    .port_info 1 /INPUT 1 "A";
    .port_info 2 /INPUT 1 "EN";
v0x1011439e0_0 .net "A", 0 0, L_0xc114303c0;  1 drivers
v0x10113e5a0_0 .net "EN", 0 0, L_0xc11430460;  1 drivers
v0x10113e640_0 .var "Y", 0 0;
E_0xc10c05a00 .event anyedge, v0x10113e5a0_0, v0x1011439e0_0;
S_0x10113e6e0 .scope module, "T2" "three_state_buffer" 3 11, 3 17 0, S_0x101141bb0;
 .timescale 0 0;
    .port_info 0 /OUTPUT 1 "Y";
    .port_info 1 /INPUT 1 "A";
    .port_info 2 /INPUT 1 "EN";
v0x10114c350_0 .net "A", 0 0, L_0xc11430500;  1 drivers
v0x10114c3f0_0 .net "EN", 0 0, L_0xc114305a0;  1 drivers
v0x10114c490_0 .var "Y", 0 0;
E_0xc10c05a40 .event anyedge, v0x10114c3f0_0, v0x10114c350_0;
S_0x10114c530 .scope module, "T3" "three_state_buffer" 3 12, 3 17 0, S_0x101141bb0;
 .timescale 0 0;
    .port_info 0 /OUTPUT 1 "Y";
    .port_info 1 /INPUT 1 "A";
    .port_info 2 /INPUT 1 "EN";
v0x10114c6b0_0 .net "A", 0 0, L_0xc11430640;  1 drivers
v0x10114c750_0 .net "EN", 0 0, L_0xc114306e0;  1 drivers
v0x10114c7f0_0 .var "Y", 0 0;
E_0xc10c05a80 .event anyedge, v0x10114c750_0, v0x10114c6b0_0;
S_0x10114c890 .scope module, "T4" "three_state_buffer" 3 13, 3 17 0, S_0x101141bb0;
 .timescale 0 0;
    .port_info 0 /OUTPUT 1 "Y";
    .port_info 1 /INPUT 1 "A";
    .port_info 2 /INPUT 1 "EN";
v0xc10c74000_0 .net "A", 0 0, L_0xc11430780;  1 drivers
v0xc10c740a0_0 .net "EN", 0 0, L_0xc11430820;  1 drivers
v0xc10c74140_0 .var "Y", 0 0;
E_0xc10c05b00 .event anyedge, v0xc10c740a0_0, v0xc10c74000_0;
    .scope S_0x101144b10;
T_0 ;
    %wait E_0xc10c059c0;
    %load/vec4 v0x101144d30_0;
    %flag_set/vec4 8;
    %jmp/0xz  T_0.0, 8;
    %load/vec4 v0x1011437c0_0;
    %dup/vec4;
    %pushi/vec4 0, 0, 2;
    %cmp/u;
    %jmp/1 T_0.2, 6;
    %dup/vec4;
    %pushi/vec4 1, 0, 2;
    %cmp/u;
    %jmp/1 T_0.3, 6;
    %dup/vec4;
    %pushi/vec4 2, 0, 2;
    %cmp/u;
    %jmp/1 T_0.4, 6;
    %dup/vec4;
    %pushi/vec4 3, 0, 2;
    %cmp/u;
    %jmp/1 T_0.5, 6;
    %pushi/vec4 0, 0, 4;
    %store/vec4 v0x101144c90_0, 0, 4;
    %jmp T_0.7;
T_0.2 ;
    %pushi/vec4 1, 0, 4;
    %store/vec4 v0x101144c90_0, 0, 4;
    %jmp T_0.7;
T_0.3 ;
    %pushi/vec4 2, 0, 4;
    %store/vec4 v0x101144c90_0, 0, 4;
    %jmp T_0.7;
T_0.4 ;
    %pushi/vec4 4, 0, 4;
    %store/vec4 v0x101144c90_0, 0, 4;
    %jmp T_0.7;
T_0.5 ;
    %pushi/vec4 8, 0, 4;
    %store/vec4 v0x101144c90_0, 0, 4;
    %jmp T_0.7;
T_0.7 ;
    %pop/vec4 1;
    %jmp T_0.1;
T_0.0 ;
    %pushi/vec4 0, 0, 4;
    %store/vec4 v0x101144c90_0, 0, 4;
T_0.1 ;
    %jmp T_0;
    .thread T_0, $push;
    .scope S_0x101143860;
T_1 ;
    %wait E_0xc10c05a00;
    %load/vec4 v0x10113e5a0_0;
    %flag_set/vec4 8;
    %jmp/0xz  T_1.0, 8;
    %load/vec4 v0x1011439e0_0;
    %store/vec4 v0x10113e640_0, 0, 1;
    %jmp T_1.1;
T_1.0 ;
    %pushi/vec4 0, 1, 1;
    %store/vec4 v0x10113e640_0, 0, 1;
T_1.1 ;
    %jmp T_1;
    .thread T_1, $push;
    .scope S_0x10113e6e0;
T_2 ;
    %wait E_0xc10c05a40;
    %load/vec4 v0x10114c3f0_0;
    %flag_set/vec4 8;
    %jmp/0xz  T_2.0, 8;
    %load/vec4 v0x10114c350_0;
    %store/vec4 v0x10114c490_0, 0, 1;
    %jmp T_2.1;
T_2.0 ;
    %pushi/vec4 0, 1, 1;
    %store/vec4 v0x10114c490_0, 0, 1;
T_2.1 ;
    %jmp T_2;
    .thread T_2, $push;
    .scope S_0x10114c530;
T_3 ;
    %wait E_0xc10c05a80;
    %load/vec4 v0x10114c750_0;
    %flag_set/vec4 8;
    %jmp/0xz  T_3.0, 8;
    %load/vec4 v0x10114c6b0_0;
    %store/vec4 v0x10114c7f0_0, 0, 1;
    %jmp T_3.1;
T_3.0 ;
    %pushi/vec4 0, 1, 1;
    %store/vec4 v0x10114c7f0_0, 0, 1;
T_3.1 ;
    %jmp T_3;
    .thread T_3, $push;
    .scope S_0x10114c890;
T_4 ;
    %wait E_0xc10c05b00;
    %load/vec4 v0xc10c740a0_0;
    %flag_set/vec4 8;
    %jmp/0xz  T_4.0, 8;
    %load/vec4 v0xc10c74000_0;
    %store/vec4 v0xc10c74140_0, 0, 1;
    %jmp T_4.1;
T_4.0 ;
    %pushi/vec4 0, 1, 1;
    %store/vec4 v0xc10c74140_0, 0, 1;
T_4.1 ;
    %jmp T_4;
    .thread T_4, $push;
    .scope S_0x101141a30;
T_5 ;
    %delay 1000000, 0;
    %vpi_call 2 19 "$stop" {0 0 0};
    %end;
    .thread T_5;
    .scope S_0x101141a30;
T_6 ;
    %pushi/vec4 1, 0, 1;
    %store/vec4 v0xc10c74b40_0, 0, 1;
    %pushi/vec4 0, 0, 1;
    %store/vec4 v0xc10c74500_0, 0, 1;
    %pushi/vec4 200000, 0, 64;
    %ix/vec4 4;
    %delayx 4;
    %load/vec4 v0xc10c74500_0;
    %store/vec4 v0xc10c74b40_0, 0, 1;
    %pushi/vec4 1, 0, 1;
    %store/vec4 v0xc10c745a0_0, 0, 1;
    %pushi/vec4 200000, 0, 64;
    %ix/vec4 4;
    %delayx 4;
    %load/vec4 v0xc10c745a0_0;
    %store/vec4 v0xc10c74b40_0, 0, 1;
    %pushi/vec4 0, 0, 1;
    %store/vec4 v0xc10c74640_0, 0, 1;
    %pushi/vec4 230000, 0, 64;
    %ix/vec4 4;
    %delayx 4;
    %load/vec4 v0xc10c74640_0;
    %store/vec4 v0xc10c74b40_0, 0, 1;
    %pushi/vec4 1, 0, 1;
    %store/vec4 v0xc10c746e0_0, 0, 1;
    %pushi/vec4 100000, 0, 64;
    %ix/vec4 4;
    %delayx 4;
    %load/vec4 v0xc10c746e0_0;
    %store/vec4 v0xc10c74b40_0, 0, 1;
    %end;
    .thread T_6;
    .scope S_0x101141a30;
T_7 ;
    %pushi/vec4 3, 0, 32;
T_7.0 %dup/vec4;
    %pushi/vec4 0, 0, 32;
    %cmp/s;
    %jmp/1xz T_7.1, 5;
    %jmp/1 T_7.1, 4;
    %pushi/vec4 1, 0, 32;
    %sub;
    %pushi/vec4 0, 0, 1;
    %ix/load 4, 3, 0;
    %flag_set/imm 4, 0;
    %store/vec4 v0xc10c74be0_0, 4, 1;
    %pushi/vec4 1, 0, 1;
    %store/vec4 v0xc10c74780_0, 0, 1;
    %pushi/vec4 160000, 0, 64;
    %ix/vec4 4;
    %delayx 4;
    %load/vec4 v0xc10c74780_0;
    %ix/load 4, 3, 0;
    %flag_set/imm 4, 0;
    %store/vec4 v0xc10c74be0_0, 4, 1;
    %delay 160000, 0;
    %jmp T_7.0;
T_7.1 ;
    %pop/vec4 1;
    %pushi/vec4 0, 0, 1;
    %ix/load 4, 3, 0;
    %flag_set/imm 4, 0;
    %store/vec4 v0xc10c74be0_0, 4, 1;
    %end;
    .thread T_7;
    .scope S_0x101141a30;
T_8 ;
    %pushi/vec4 6, 0, 32;
T_8.0 %dup/vec4;
    %pushi/vec4 0, 0, 32;
    %cmp/s;
    %jmp/1xz T_8.1, 5;
    %jmp/1 T_8.1, 4;
    %pushi/vec4 1, 0, 32;
    %sub;
    %pushi/vec4 0, 0, 1;
    %ix/load 4, 2, 0;
    %flag_set/imm 4, 0;
    %store/vec4 v0xc10c74be0_0, 4, 1;
    %pushi/vec4 1, 0, 1;
    %store/vec4 v0xc10c74820_0, 0, 1;
    %pushi/vec4 80000, 0, 64;
    %ix/vec4 4;
    %delayx 4;
    %load/vec4 v0xc10c74820_0;
    %ix/load 4, 2, 0;
    %flag_set/imm 4, 0;
    %store/vec4 v0xc10c74be0_0, 4, 1;
    %delay 80000, 0;
    %jmp T_8.0;
T_8.1 ;
    %pop/vec4 1;
    %pushi/vec4 0, 0, 1;
    %ix/load 4, 2, 0;
    %flag_set/imm 4, 0;
    %store/vec4 v0xc10c74be0_0, 4, 1;
    %end;
    .thread T_8;
    .scope S_0x101141a30;
T_9 ;
    %pushi/vec4 12, 0, 32;
T_9.0 %dup/vec4;
    %pushi/vec4 0, 0, 32;
    %cmp/s;
    %jmp/1xz T_9.1, 5;
    %jmp/1 T_9.1, 4;
    %pushi/vec4 1, 0, 32;
    %sub;
    %pushi/vec4 0, 0, 1;
    %ix/load 4, 1, 0;
    %flag_set/imm 4, 0;
    %store/vec4 v0xc10c74be0_0, 4, 1;
    %pushi/vec4 1, 0, 1;
    %store/vec4 v0xc10c748c0_0, 0, 1;
    %pushi/vec4 40000, 0, 64;
    %ix/vec4 4;
    %delayx 4;
    %load/vec4 v0xc10c748c0_0;
    %ix/load 4, 1, 0;
    %flag_set/imm 4, 0;
    %store/vec4 v0xc10c74be0_0, 4, 1;
    %delay 40000, 0;
    %jmp T_9.0;
T_9.1 ;
    %pop/vec4 1;
    %pushi/vec4 0, 0, 1;
    %ix/load 4, 1, 0;
    %flag_set/imm 4, 0;
    %store/vec4 v0xc10c74be0_0, 4, 1;
    %end;
    .thread T_9;
    .scope S_0x101141a30;
T_10 ;
    %pushi/vec4 0, 0, 1;
    %ix/load 4, 0, 0;
    %flag_set/imm 4, 0;
    %store/vec4 v0xc10c74be0_0, 4, 1;
    %pushi/vec4 1, 0, 1;
    %store/vec4 v0xc10c74960_0, 0, 1;
    %pushi/vec4 20000, 0, 64;
    %ix/vec4 4;
    %delayx 4;
    %load/vec4 v0xc10c74960_0;
    %ix/load 4, 0, 0;
    %flag_set/imm 4, 0;
    %store/vec4 v0xc10c74be0_0, 4, 1;
    %delay 20000, 0;
    %jmp T_10;
    .thread T_10;
    .scope S_0x101141a30;
T_11 ;
    %pushi/vec4 12, 0, 32;
T_11.0 %dup/vec4;
    %pushi/vec4 0, 0, 32;
    %cmp/s;
    %jmp/1xz T_11.1, 5;
    %jmp/1 T_11.1, 4;
    %pushi/vec4 1, 0, 32;
    %sub;
    %pushi/vec4 0, 0, 1;
    %ix/load 4, 1, 0;
    %flag_set/imm 4, 0;
    %store/vec4 v0xc10c74d20_0, 4, 1;
    %pushi/vec4 1, 0, 1;
    %store/vec4 v0xc10c74a00_0, 0, 1;
    %pushi/vec4 40000, 0, 64;
    %ix/vec4 4;
    %delayx 4;
    %load/vec4 v0xc10c74a00_0;
    %ix/load 4, 1, 0;
    %flag_set/imm 4, 0;
    %store/vec4 v0xc10c74d20_0, 4, 1;
    %delay 40000, 0;
    %jmp T_11.0;
T_11.1 ;
    %pop/vec4 1;
    %pushi/vec4 0, 0, 1;
    %ix/load 4, 1, 0;
    %flag_set/imm 4, 0;
    %store/vec4 v0xc10c74d20_0, 4, 1;
    %end;
    .thread T_11;
    .scope S_0x101141a30;
T_12 ;
    %pushi/vec4 0, 0, 1;
    %ix/load 4, 0, 0;
    %flag_set/imm 4, 0;
    %store/vec4 v0xc10c74d20_0, 4, 1;
    %pushi/vec4 1, 0, 1;
    %store/vec4 v0xc10c74aa0_0, 0, 1;
    %pushi/vec4 20000, 0, 64;
    %ix/vec4 4;
    %delayx 4;
    %load/vec4 v0xc10c74aa0_0;
    %ix/load 4, 0, 0;
    %flag_set/imm 4, 0;
    %store/vec4 v0xc10c74d20_0, 4, 1;
    %delay 20000, 0;
    %jmp T_12;
    .thread T_12;
    .scope S_0x101141a30;
T_13 ;
    %vpi_call 2 91 "$dumpfile", "t_LAB3_2.vcd" {0 0 0};
    %vpi_call 2 92 "$dumpvars", 32'sb00000000000000000000000000000000, S_0x101141a30 {0 0 0};
    %end;
    .thread T_13;
# The file index is used to find the file name in the following table.
:file_names 4;
    "N/A";
    "<interactive>";
    "t_LAB3_2.v";
    "./LAB3_2.v";
