#! /c/Source/iverilog-install/bin/vvp
:ivl_version "12.0 (devel)" "(s20150603-1539-g2693dd32b)";
:ivl_delay_selection "TYPICAL";
:vpi_time_precision + 0;
:vpi_module "C:\iverilog\lib\ivl\system.vpi";
:vpi_module "C:\iverilog\lib\ivl\vhdl_sys.vpi";
:vpi_module "C:\iverilog\lib\ivl\vhdl_textio.vpi";
:vpi_module "C:\iverilog\lib\ivl\v2005_math.vpi";
:vpi_module "C:\iverilog\lib\ivl\va_math.vpi";
S_0000029dbc22a9e0 .scope module, "t_Prob_6_54" "t_Prob_6_54" 2 37;
 .timescale 0 0;
v0000029dbc27cad0_0 .var "CLK", 0 0;
v0000029dbc27c210_0 .var "Clear_b", 0 0;
v0000029dbc27ce90_0 .var "SI", 0 0;
v0000029dbc27ca30_0 .net "SR_A", 3 0, v0000029dbc27c710_0;  1 drivers
v0000029dbc27c850_0 .var "Shift_control", 0 0;
S_0000029dbc22ab70 .scope module, "M0" "Prob_6_54" 2 41, 2 1 0, S_0000029dbc22a9e0;
 .timescale 0 0;
    .port_info 0 /OUTPUT 4 "SR_A";
    .port_info 1 /INPUT 1 "Shift_control";
    .port_info 2 /INPUT 1 "SI";
    .port_info 3 /INPUT 1 "CLK";
    .port_info 4 /INPUT 1 "Clear_b";
L_0000029dbc22a7d0 .functor BUFZ 1, L_0000029dbc27dcf0, C4<0>, C4<0>, C4<0>;
L_0000029dbc22a300 .functor BUFZ 1, v0000029dbc27ce90_0, C4<0>, C4<0>, C4<0>;
L_0000029dbc27db30 .functor AND 1, L_0000029dbc27c530, L_0000029dbc27cc10, C4<1>, C4<1>;
L_0000029dbc27d270 .functor NOR 1, L_0000029dbc27c530, L_0000029dbc27cc10, C4<0>, C4<0>;
L_0000029dbc27dcf0 .functor XOR 1, L_0000029dbc27c530, L_0000029dbc27cc10, v0000029dbc227400_0, C4<0>;
L_0000029dbc27d4a0 .functor AND 1, v0000029dbc27cad0_0, v0000029dbc27c850_0, C4<1>, C4<1>;
v0000029dbc2274a0_0 .net "CLK", 0 0, v0000029dbc27cad0_0;  1 drivers
v0000029dbc227540_0 .net "Clear_b", 0 0, v0000029dbc27c210_0;  1 drivers
v0000029dbc2275e0_0 .net "J_in", 0 0, L_0000029dbc27db30;  1 drivers
v0000029dbc38b830_0 .net "K_in", 0 0, L_0000029dbc27d270;  1 drivers
v0000029dbc27cb70_0 .net "Q", 0 0, v0000029dbc227400_0;  1 drivers
v0000029dbc27c030_0 .net "S", 0 0, L_0000029dbc27dcf0;  1 drivers
v0000029dbc27c350_0 .net "SI", 0 0, v0000029dbc27ce90_0;  1 drivers
v0000029dbc27cdf0_0 .net "SI_A", 0 0, L_0000029dbc22a7d0;  1 drivers
v0000029dbc27c5d0_0 .net "SI_B", 0 0, L_0000029dbc22a300;  1 drivers
v0000029dbc27c670_0 .net "SO_A", 0 0, L_0000029dbc27c530;  1 drivers
v0000029dbc27ccb0_0 .net "SO_B", 0 0, L_0000029dbc27cc10;  1 drivers
v0000029dbc27c710_0 .var "SR_A", 3 0;
v0000029dbc27c490_0 .var "SR_B", 3 0;
v0000029dbc27c8f0_0 .net "Shift_control", 0 0, v0000029dbc27c850_0;  1 drivers
v0000029dbc27cd50_0 .net "clk_to_JKFF", 0 0, L_0000029dbc27d4a0;  1 drivers
E_0000029dbc215d20 .event posedge, v0000029dbc2274a0_0;
L_0000029dbc27c530 .part v0000029dbc27c710_0, 0, 1;
L_0000029dbc27cc10 .part v0000029dbc27c490_0, 0, 1;
S_0000029dbc227270 .scope module, "M1" "JKFF" 2 21, 2 27 0, S_0000029dbc22ab70;
 .timescale 0 0;
    .port_info 0 /OUTPUT 1 "Q";
    .port_info 1 /INPUT 1 "J_in";
    .port_info 2 /INPUT 1 "K_in";
    .port_info 3 /INPUT 1 "C";
    .port_info 4 /INPUT 1 "Clear_b";
v0000029dbc38b4d0_0 .net "C", 0 0, L_0000029dbc27d4a0;  alias, 1 drivers
v0000029dbc386f70_0 .net "Clear_b", 0 0, v0000029dbc27c210_0;  alias, 1 drivers
v0000029dbc22ad00_0 .net "J_in", 0 0, L_0000029dbc27db30;  alias, 1 drivers
v0000029dbc22ada0_0 .net "K_in", 0 0, L_0000029dbc27d270;  alias, 1 drivers
v0000029dbc227400_0 .var "Q", 0 0;
E_0000029dbc215ae0 .event posedge, v0000029dbc38b4d0_0;
    .scope S_0000029dbc227270;
T_0 ;
    %wait E_0000029dbc215ae0;
    %load/vec4 v0000029dbc386f70_0;
    %cmpi/e 0, 0, 1;
    %jmp/0xz  T_0.0, 4;
    %pushi/vec4 0, 0, 1;
    %assign/vec4 v0000029dbc227400_0, 0;
    %jmp T_0.1;
T_0.0 ;
    %load/vec4 v0000029dbc22ad00_0;
    %load/vec4 v0000029dbc22ada0_0;
    %concat/vec4; draw_concat_vec4
    %dup/vec4;
    %pushi/vec4 0, 0, 2;
    %cmp/u;
    %jmp/1 T_0.2, 6;
    %dup/vec4;
    %pushi/vec4 1, 0, 2;
    %cmp/u;
    %jmp/1 T_0.3, 6;
    %dup/vec4;
    %pushi/vec4 2, 0, 2;
    %cmp/u;
    %jmp/1 T_0.4, 6;
    %dup/vec4;
    %pushi/vec4 3, 0, 2;
    %cmp/u;
    %jmp/1 T_0.5, 6;
    %jmp T_0.6;
T_0.2 ;
    %load/vec4 v0000029dbc227400_0;
    %assign/vec4 v0000029dbc227400_0, 0;
    %jmp T_0.6;
T_0.3 ;
    %pushi/vec4 0, 0, 1;
    %assign/vec4 v0000029dbc227400_0, 0;
    %jmp T_0.6;
T_0.4 ;
    %pushi/vec4 1, 0, 1;
    %assign/vec4 v0000029dbc227400_0, 0;
    %jmp T_0.6;
T_0.5 ;
    %load/vec4 v0000029dbc227400_0;
    %nor/r;
    %assign/vec4 v0000029dbc227400_0, 0;
    %jmp T_0.6;
T_0.6 ;
    %pop/vec4 1;
T_0.1 ;
    %jmp T_0;
    .thread T_0;
    .scope S_0000029dbc22ab70;
T_1 ;
    %wait E_0000029dbc215d20;
    %load/vec4 v0000029dbc227540_0;
    %cmpi/e 0, 0, 1;
    %jmp/0xz  T_1.0, 4;
    %pushi/vec4 0, 0, 4;
    %assign/vec4 v0000029dbc27c710_0, 0;
    %jmp T_1.1;
T_1.0 ;
    %load/vec4 v0000029dbc27c8f0_0;
    %flag_set/vec4 8;
    %jmp/0xz  T_1.2, 8;
    %load/vec4 v0000029dbc27cdf0_0;
    %load/vec4 v0000029dbc27c710_0;
    %parti/s 3, 1, 2;
    %concat/vec4; draw_concat_vec4
    %assign/vec4 v0000029dbc27c710_0, 0;
T_1.2 ;
T_1.1 ;
    %jmp T_1;
    .thread T_1;
    .scope S_0000029dbc22ab70;
T_2 ;
    %wait E_0000029dbc215d20;
    %load/vec4 v0000029dbc227540_0;
    %cmpi/e 0, 0, 1;
    %jmp/0xz  T_2.0, 4;
    %pushi/vec4 0, 0, 4;
    %assign/vec4 v0000029dbc27c490_0, 0;
    %jmp T_2.1;
T_2.0 ;
    %load/vec4 v0000029dbc27c8f0_0;
    %flag_set/vec4 8;
    %jmp/0xz  T_2.2, 8;
    %load/vec4 v0000029dbc27c5d0_0;
    %load/vec4 v0000029dbc27c490_0;
    %parti/s 3, 1, 2;
    %concat/vec4; draw_concat_vec4
    %assign/vec4 v0000029dbc27c490_0, 0;
T_2.2 ;
T_2.1 ;
    %jmp T_2;
    .thread T_2;
    .scope S_0000029dbc22a9e0;
T_3 ;
    %delay 400, 0;
    %vpi_call 2 42 "$finish" {0 0 0};
    %end;
    .thread T_3;
    .scope S_0000029dbc22a9e0;
T_4 ;
    %pushi/vec4 0, 0, 1;
    %store/vec4 v0000029dbc27cad0_0, 0, 1;
T_4.0 ;
    %delay 5, 0;
    %load/vec4 v0000029dbc27cad0_0;
    %inv;
    %store/vec4 v0000029dbc27cad0_0, 0, 1;
    %jmp T_4.0;
    %end;
    .thread T_4;
    .scope S_0000029dbc22a9e0;
T_5 ;
    %fork t_1, S_0000029dbc22a9e0;
    %fork t_2, S_0000029dbc22a9e0;
    %fork t_3, S_0000029dbc22a9e0;
    %fork t_4, S_0000029dbc22a9e0;
    %fork t_5, S_0000029dbc22a9e0;
    %fork t_6, S_0000029dbc22a9e0;
    %fork t_7, S_0000029dbc22a9e0;
    %fork t_8, S_0000029dbc22a9e0;
    %fork t_9, S_0000029dbc22a9e0;
    %join;
    %join;
    %join;
    %join;
    %join;
    %join;
    %join;
    %join;
    %join;
    %jmp t_0;
t_1 ;
    %pushi/vec4 0, 0, 1;
    %store/vec4 v0000029dbc27c210_0, 0, 1;
    %end;
t_2 ;
    %delay 20, 0;
    %pushi/vec4 1, 0, 1;
    %store/vec4 v0000029dbc27c210_0, 0, 1;
    %end;
t_3 ;
    %delay 40, 0;
    %pushi/vec4 0, 0, 1;
    %store/vec4 v0000029dbc27c850_0, 0, 1;
    %end;
t_4 ;
    %delay 145, 0;
    %pushi/vec4 1, 0, 1;
    %store/vec4 v0000029dbc27c850_0, 0, 1;
    %end;
t_5 ;
    %delay 225, 0;
    %pushi/vec4 0, 0, 1;
    %store/vec4 v0000029dbc27c850_0, 0, 1;
    %end;
t_6 ;
    %pushi/vec4 0, 0, 1;
    %store/vec4 v0000029dbc27ce90_0, 0, 1;
    %end;
t_7 ;
    %delay 100, 0;
    %pushi/vec4 1, 0, 1;
    %store/vec4 v0000029dbc27ce90_0, 0, 1;
    %end;
t_8 ;
    %vpi_call 2 57 "$dumpfile", "dump.vcd" {0 0 0};
    %end;
t_9 ;
    %vpi_call 2 58 "$dumpvars", 32'sb00000000000000000000000000000000, S_0000029dbc22a9e0 {0 0 0};
    %end;
    .scope S_0000029dbc22a9e0;
t_0 ;
    %end;
    .thread T_5;
# The file index is used to find the file name in the following table.
:file_names 3;
    "N/A";
    "<interactive>";
    "full_adder.v";
