#! /opt/homebrew/Cellar/icarus-verilog/12.0/bin/vvp
:ivl_version "12.0 (stable)";
:ivl_delay_selection "TYPICAL";
:vpi_time_precision + 0;
:vpi_module "/opt/homebrew/Cellar/icarus-verilog/12.0/lib/ivl/system.vpi";
:vpi_module "/opt/homebrew/Cellar/icarus-verilog/12.0/lib/ivl/vhdl_sys.vpi";
:vpi_module "/opt/homebrew/Cellar/icarus-verilog/12.0/lib/ivl/vhdl_textio.vpi";
:vpi_module "/opt/homebrew/Cellar/icarus-verilog/12.0/lib/ivl/v2005_math.vpi";
:vpi_module "/opt/homebrew/Cellar/icarus-verilog/12.0/lib/ivl/va_math.vpi";
S_0x130712aa0 .scope module, "test" "test" 2 20;
 .timescale 0 0;
v0x1307239f0_0 .net "A", 3 0, L_0x1209049f0;  1 drivers
v0x130723a80_0 .var "clk", 0 0;
v0x130723b50_0 .var "reset_b", 0 0;
L_0x1209049f0 .concat8 [ 1 1 1 1], v0x130705230_0, v0x1307222c0_0, v0x130722830_0, v0x130722de0_0;
S_0x130711910 .scope module, "M0" "BCDcounter" 2 23, 2 1 0, S_0x130712aa0;
 .timescale 0 0;
    .port_info 0 /OUTPUT 1 "A3";
    .port_info 1 /OUTPUT 1 "A2";
    .port_info 2 /OUTPUT 1 "A1";
    .port_info 3 /OUTPUT 1 "A0";
    .port_info 4 /INPUT 1 "clk";
    .port_info 5 /INPUT 1 "reset_b";
L_0x130723be0 .functor NAND 1, v0x130722de0_0, v0x1307222c0_0, C4<1>, C4<1>;
L_0x130723d10 .functor AND 1, v0x130723b50_0, L_0x130723be0, C4<1>, C4<1>;
v0x1307230d0_0 .net "A0", 0 0, v0x130705230_0;  1 drivers
v0x130723170_0 .net "A1", 0 0, v0x1307222c0_0;  1 drivers
v0x130723220_0 .net "A2", 0 0, v0x130722830_0;  1 drivers
v0x1307232f0_0 .net "A3", 0 0, v0x130722de0_0;  1 drivers
L_0x1280680a0 .functor BUFT 1, C4<00000000000000000000000000000001>, C4<0>, C4<0>, C4<0>;
v0x1307233a0_0 .net/2s *"_ivl_12", 31 0, L_0x1280680a0;  1 drivers
L_0x1280680e8 .functor BUFT 1, C4<00000000000000000000000000000001>, C4<0>, C4<0>, C4<0>;
v0x130723470_0 .net/2s *"_ivl_18", 31 0, L_0x1280680e8;  1 drivers
L_0x128068010 .functor BUFT 1, C4<00000000000000000000000000000001>, C4<0>, C4<0>, C4<0>;
v0x130723500_0 .net/2s *"_ivl_2", 31 0, L_0x128068010;  1 drivers
L_0x128068058 .functor BUFT 1, C4<00000000000000000000000000000001>, C4<0>, C4<0>, C4<0>;
v0x1307235a0_0 .net/2s *"_ivl_6", 31 0, L_0x128068058;  1 drivers
v0x130723650_0 .net "clk", 0 0, v0x130723a80_0;  1 drivers
v0x130723760_0 .net "reset_b", 0 0, v0x130723b50_0;  1 drivers
v0x1307237f0_0 .net "w0", 0 0, L_0x130723be0;  1 drivers
v0x130723880_0 .net "w1", 0 0, L_0x130723d10;  1 drivers
L_0x1209042c0 .part L_0x128068010, 0, 1;
L_0x1209043e0 .part L_0x128068058, 0, 1;
L_0x1209044e0 .reduce/nor v0x130705230_0;
L_0x120904620 .part L_0x1280680a0, 0, 1;
L_0x120904720 .reduce/nor v0x1307222c0_0;
L_0x1209047f0 .part L_0x1280680e8, 0, 1;
L_0x1209048d0 .reduce/nor v0x130722830_0;
S_0x130710760 .scope module, "M0" "TFF" 2 4, 2 9 0, S_0x130711910;
 .timescale 0 0;
    .port_info 0 /OUTPUT 1 "Q";
    .port_info 1 /INPUT 1 "T";
    .port_info 2 /INPUT 1 "clk";
    .port_info 3 /INPUT 1 "reset_b";
v0x130705230_0 .var "Q", 0 0;
v0x130721df0_0 .net "T", 0 0, L_0x1209042c0;  1 drivers
v0x130721e90_0 .net "clk", 0 0, v0x130723a80_0;  alias, 1 drivers
v0x130721f40_0 .net "reset_b", 0 0, L_0x130723d10;  alias, 1 drivers
E_0x130706fa0/0 .event negedge, v0x130721f40_0;
E_0x130706fa0/1 .event posedge, v0x130721e90_0;
E_0x130706fa0 .event/or E_0x130706fa0/0, E_0x130706fa0/1;
S_0x130722040 .scope module, "M1" "TFF" 2 5, 2 9 0, S_0x130711910;
 .timescale 0 0;
    .port_info 0 /OUTPUT 1 "Q";
    .port_info 1 /INPUT 1 "T";
    .port_info 2 /INPUT 1 "clk";
    .port_info 3 /INPUT 1 "reset_b";
v0x1307222c0_0 .var "Q", 0 0;
v0x130722370_0 .net "T", 0 0, L_0x1209043e0;  1 drivers
v0x130722410_0 .net "clk", 0 0, L_0x1209044e0;  1 drivers
v0x1307224c0_0 .net "reset_b", 0 0, L_0x130723d10;  alias, 1 drivers
E_0x130722270/0 .event negedge, v0x130721f40_0;
E_0x130722270/1 .event posedge, v0x130722410_0;
E_0x130722270 .event/or E_0x130722270/0, E_0x130722270/1;
S_0x1307225c0 .scope module, "M2" "TFF" 2 6, 2 9 0, S_0x130711910;
 .timescale 0 0;
    .port_info 0 /OUTPUT 1 "Q";
    .port_info 1 /INPUT 1 "T";
    .port_info 2 /INPUT 1 "clk";
    .port_info 3 /INPUT 1 "reset_b";
v0x130722830_0 .var "Q", 0 0;
v0x1307228e0_0 .net "T", 0 0, L_0x120904620;  1 drivers
v0x130722980_0 .net "clk", 0 0, L_0x120904720;  1 drivers
v0x130722a30_0 .net "reset_b", 0 0, L_0x130723d10;  alias, 1 drivers
E_0x1307227e0/0 .event negedge, v0x130721f40_0;
E_0x1307227e0/1 .event posedge, v0x130722980_0;
E_0x1307227e0 .event/or E_0x1307227e0/0, E_0x1307227e0/1;
S_0x130722b40 .scope module, "M3" "TFF" 2 7, 2 9 0, S_0x130711910;
 .timescale 0 0;
    .port_info 0 /OUTPUT 1 "Q";
    .port_info 1 /INPUT 1 "T";
    .port_info 2 /INPUT 1 "clk";
    .port_info 3 /INPUT 1 "reset_b";
v0x130722de0_0 .var "Q", 0 0;
v0x130722e90_0 .net "T", 0 0, L_0x1209047f0;  1 drivers
v0x130722f30_0 .net "clk", 0 0, L_0x1209048d0;  1 drivers
v0x130722fe0_0 .net "reset_b", 0 0, L_0x130723d10;  alias, 1 drivers
E_0x130722d80/0 .event negedge, v0x130721f40_0;
E_0x130722d80/1 .event posedge, v0x130722f30_0;
E_0x130722d80 .event/or E_0x130722d80/0, E_0x130722d80/1;
    .scope S_0x130710760;
T_0 ;
    %wait E_0x130706fa0;
    %load/vec4 v0x130721f40_0;
    %cmpi/e 0, 0, 1;
    %jmp/0xz  T_0.0, 4;
    %pushi/vec4 0, 0, 1;
    %assign/vec4 v0x130705230_0, 0;
    %jmp T_0.1;
T_0.0 ;
    %load/vec4 v0x130721df0_0;
    %dup/vec4;
    %pushi/vec4 1, 0, 1;
    %cmp/u;
    %jmp/1 T_0.2, 6;
    %dup/vec4;
    %pushi/vec4 0, 0, 1;
    %cmp/u;
    %jmp/1 T_0.3, 6;
    %jmp T_0.4;
T_0.2 ;
    %load/vec4 v0x130705230_0;
    %nor/r;
    %assign/vec4 v0x130705230_0, 0;
    %jmp T_0.4;
T_0.3 ;
    %load/vec4 v0x130705230_0;
    %assign/vec4 v0x130705230_0, 0;
    %jmp T_0.4;
T_0.4 ;
    %pop/vec4 1;
T_0.1 ;
    %jmp T_0;
    .thread T_0;
    .scope S_0x130722040;
T_1 ;
    %wait E_0x130722270;
    %load/vec4 v0x1307224c0_0;
    %cmpi/e 0, 0, 1;
    %jmp/0xz  T_1.0, 4;
    %pushi/vec4 0, 0, 1;
    %assign/vec4 v0x1307222c0_0, 0;
    %jmp T_1.1;
T_1.0 ;
    %load/vec4 v0x130722370_0;
    %dup/vec4;
    %pushi/vec4 1, 0, 1;
    %cmp/u;
    %jmp/1 T_1.2, 6;
    %dup/vec4;
    %pushi/vec4 0, 0, 1;
    %cmp/u;
    %jmp/1 T_1.3, 6;
    %jmp T_1.4;
T_1.2 ;
    %load/vec4 v0x1307222c0_0;
    %nor/r;
    %assign/vec4 v0x1307222c0_0, 0;
    %jmp T_1.4;
T_1.3 ;
    %load/vec4 v0x1307222c0_0;
    %assign/vec4 v0x1307222c0_0, 0;
    %jmp T_1.4;
T_1.4 ;
    %pop/vec4 1;
T_1.1 ;
    %jmp T_1;
    .thread T_1;
    .scope S_0x1307225c0;
T_2 ;
    %wait E_0x1307227e0;
    %load/vec4 v0x130722a30_0;
    %cmpi/e 0, 0, 1;
    %jmp/0xz  T_2.0, 4;
    %pushi/vec4 0, 0, 1;
    %assign/vec4 v0x130722830_0, 0;
    %jmp T_2.1;
T_2.0 ;
    %load/vec4 v0x1307228e0_0;
    %dup/vec4;
    %pushi/vec4 1, 0, 1;
    %cmp/u;
    %jmp/1 T_2.2, 6;
    %dup/vec4;
    %pushi/vec4 0, 0, 1;
    %cmp/u;
    %jmp/1 T_2.3, 6;
    %jmp T_2.4;
T_2.2 ;
    %load/vec4 v0x130722830_0;
    %nor/r;
    %assign/vec4 v0x130722830_0, 0;
    %jmp T_2.4;
T_2.3 ;
    %load/vec4 v0x130722830_0;
    %assign/vec4 v0x130722830_0, 0;
    %jmp T_2.4;
T_2.4 ;
    %pop/vec4 1;
T_2.1 ;
    %jmp T_2;
    .thread T_2;
    .scope S_0x130722b40;
T_3 ;
    %wait E_0x130722d80;
    %load/vec4 v0x130722fe0_0;
    %cmpi/e 0, 0, 1;
    %jmp/0xz  T_3.0, 4;
    %pushi/vec4 0, 0, 1;
    %assign/vec4 v0x130722de0_0, 0;
    %jmp T_3.1;
T_3.0 ;
    %load/vec4 v0x130722e90_0;
    %dup/vec4;
    %pushi/vec4 1, 0, 1;
    %cmp/u;
    %jmp/1 T_3.2, 6;
    %dup/vec4;
    %pushi/vec4 0, 0, 1;
    %cmp/u;
    %jmp/1 T_3.3, 6;
    %jmp T_3.4;
T_3.2 ;
    %load/vec4 v0x130722de0_0;
    %nor/r;
    %assign/vec4 v0x130722de0_0, 0;
    %jmp T_3.4;
T_3.3 ;
    %load/vec4 v0x130722de0_0;
    %assign/vec4 v0x130722de0_0, 0;
    %jmp T_3.4;
T_3.4 ;
    %pop/vec4 1;
T_3.1 ;
    %jmp T_3;
    .thread T_3;
    .scope S_0x130712aa0;
T_4 ;
    %delay 300, 0;
    %vpi_call 2 24 "$finish" {0 0 0};
    %end;
    .thread T_4;
    .scope S_0x130712aa0;
T_5 ;
    %pushi/vec4 0, 0, 1;
    %assign/vec4 v0x130723a80_0, 0;
T_5.0 ;
    %delay 5, 0;
    %load/vec4 v0x130723a80_0;
    %nor/r;
    %assign/vec4 v0x130723a80_0, 0;
    %jmp T_5.0;
    %end;
    .thread T_5;
    .scope S_0x130712aa0;
T_6 ;
    %fork t_1, S_0x130712aa0;
    %fork t_2, S_0x130712aa0;
    %fork t_3, S_0x130712aa0;
    %fork t_4, S_0x130712aa0;
    %fork t_5, S_0x130712aa0;
    %fork t_6, S_0x130712aa0;
    %fork t_7, S_0x130712aa0;
    %fork t_8, S_0x130712aa0;
    %join;
    %join;
    %join;
    %join;
    %join;
    %join;
    %join;
    %join;
    %jmp t_0;
t_1 ;
    %pushi/vec4 0, 0, 1;
    %assign/vec4 v0x130723b50_0, 0;
    %end;
t_2 ;
    %delay 10, 0;
    %pushi/vec4 1, 0, 1;
    %assign/vec4 v0x130723b50_0, 0;
    %end;
t_3 ;
    %delay 30, 0;
    %pushi/vec4 0, 0, 1;
    %assign/vec4 v0x130723b50_0, 0;
    %end;
t_4 ;
    %delay 50, 0;
    %pushi/vec4 1, 0, 1;
    %assign/vec4 v0x130723b50_0, 0;
    %end;
t_5 ;
    %delay 70, 0;
    %pushi/vec4 0, 0, 1;
    %assign/vec4 v0x130723b50_0, 0;
    %end;
t_6 ;
    %delay 80, 0;
    %pushi/vec4 1, 0, 1;
    %assign/vec4 v0x130723b50_0, 0;
    %end;
t_7 ;
    %vpi_call 2 33 "$dumpfile", "dumpfile" {0 0 0};
    %end;
t_8 ;
    %vpi_call 2 34 "$dumpvars", 32'sb00000000000000000000000000000000, S_0x130712aa0 {0 0 0};
    %end;
    .scope S_0x130712aa0;
t_0 ;
    %end;
    .thread T_6;
# The file index is used to find the file name in the following table.
:file_names 3;
    "N/A";
    "<interactive>";
    "BCD_counter.v";
