#! /opt/homebrew/Cellar/icarus-verilog/12.0/bin/vvp
:ivl_version "12.0 (stable)";
:ivl_delay_selection "TYPICAL";
:vpi_time_precision + 0;
:vpi_module "/opt/homebrew/Cellar/icarus-verilog/12.0/lib/ivl/system.vpi";
:vpi_module "/opt/homebrew/Cellar/icarus-verilog/12.0/lib/ivl/vhdl_sys.vpi";
:vpi_module "/opt/homebrew/Cellar/icarus-verilog/12.0/lib/ivl/vhdl_textio.vpi";
:vpi_module "/opt/homebrew/Cellar/icarus-verilog/12.0/lib/ivl/v2005_math.vpi";
:vpi_module "/opt/homebrew/Cellar/icarus-verilog/12.0/lib/ivl/va_math.vpi";
S_0x1016fc030 .scope module, "OOXX" "OOXX" 2 1;
 .timescale 0 0;
    .port_info 0 /INPUT 1 "clk";
    .port_info 1 /INPUT 1 "reset";
    .port_info 2 /OUTPUT 16 "display_col";
    .port_info 3 /OUTPUT 16 "display_row";
P_0x1016fc1b0 .param/l "WIDTH" 0 2 2, +C4<00000000000000000000000000010000>;
P_0x1016fc1f0 .param/l "board_color" 0 2 3, C4<1111111111111111>;
o0x927800010 .functor BUFZ 1, C4<z>; HiZ drive
v0x101703780_0 .net "clk", 0 0, o0x927800010;  0 drivers
v0x101703820 .array "col_reg", 15 0, 15 0;
v0x1017038c0_0 .var "display_col", 15 0;
v0x101703960_0 .var "display_row", 15 0;
v0x101703a00_0 .var/i "i", 31 0;
v0x101703aa0_0 .var/i "j", 31 0;
o0x927800400 .functor BUFZ 1, C4<z>; HiZ drive
v0x101703b40_0 .net "reset", 0 0, o0x927800400;  0 drivers
v0x101703be0 .array "row_reg", 15 0, 15 0;
v0x101703c80_0 .var "state", 3 0;
v0x101703820_0 .array/port v0x101703820, 0;
v0x101703820_1 .array/port v0x101703820, 1;
v0x101703820_2 .array/port v0x101703820, 2;
E_0x1016fd390/0 .event anyedge, v0x101703c80_0, v0x101703820_0, v0x101703820_1, v0x101703820_2;
v0x101703820_3 .array/port v0x101703820, 3;
v0x101703820_4 .array/port v0x101703820, 4;
v0x101703820_5 .array/port v0x101703820, 5;
v0x101703820_6 .array/port v0x101703820, 6;
E_0x1016fd390/1 .event anyedge, v0x101703820_3, v0x101703820_4, v0x101703820_5, v0x101703820_6;
v0x101703820_7 .array/port v0x101703820, 7;
v0x101703820_8 .array/port v0x101703820, 8;
v0x101703820_9 .array/port v0x101703820, 9;
v0x101703820_10 .array/port v0x101703820, 10;
E_0x1016fd390/2 .event anyedge, v0x101703820_7, v0x101703820_8, v0x101703820_9, v0x101703820_10;
v0x101703820_11 .array/port v0x101703820, 11;
v0x101703820_12 .array/port v0x101703820, 12;
v0x101703820_13 .array/port v0x101703820, 13;
v0x101703820_14 .array/port v0x101703820, 14;
E_0x1016fd390/3 .event anyedge, v0x101703820_11, v0x101703820_12, v0x101703820_13, v0x101703820_14;
v0x101703820_15 .array/port v0x101703820, 15;
v0x101703be0_0 .array/port v0x101703be0, 0;
v0x101703be0_1 .array/port v0x101703be0, 1;
v0x101703be0_2 .array/port v0x101703be0, 2;
E_0x1016fd390/4 .event anyedge, v0x101703820_15, v0x101703be0_0, v0x101703be0_1, v0x101703be0_2;
v0x101703be0_3 .array/port v0x101703be0, 3;
v0x101703be0_4 .array/port v0x101703be0, 4;
v0x101703be0_5 .array/port v0x101703be0, 5;
v0x101703be0_6 .array/port v0x101703be0, 6;
E_0x1016fd390/5 .event anyedge, v0x101703be0_3, v0x101703be0_4, v0x101703be0_5, v0x101703be0_6;
v0x101703be0_7 .array/port v0x101703be0, 7;
v0x101703be0_8 .array/port v0x101703be0, 8;
v0x101703be0_9 .array/port v0x101703be0, 9;
v0x101703be0_10 .array/port v0x101703be0, 10;
E_0x1016fd390/6 .event anyedge, v0x101703be0_7, v0x101703be0_8, v0x101703be0_9, v0x101703be0_10;
v0x101703be0_11 .array/port v0x101703be0, 11;
v0x101703be0_12 .array/port v0x101703be0, 12;
v0x101703be0_13 .array/port v0x101703be0, 13;
v0x101703be0_14 .array/port v0x101703be0, 14;
E_0x1016fd390/7 .event anyedge, v0x101703be0_11, v0x101703be0_12, v0x101703be0_13, v0x101703be0_14;
v0x101703be0_15 .array/port v0x101703be0, 15;
E_0x1016fd390/8 .event anyedge, v0x101703be0_15;
E_0x1016fd390 .event/or E_0x1016fd390/0, E_0x1016fd390/1, E_0x1016fd390/2, E_0x1016fd390/3, E_0x1016fd390/4, E_0x1016fd390/5, E_0x1016fd390/6, E_0x1016fd390/7, E_0x1016fd390/8;
E_0x1016fdb70 .event posedge, v0x101703780_0;
    .scope S_0x1016fc030;
T_0 ;
    %pushi/vec4 0, 0, 32;
    %store/vec4 v0x101703a00_0, 0, 32;
T_0.0 ;
    %load/vec4 v0x101703a00_0;
    %cmpi/s 16, 0, 32;
    %jmp/0xz T_0.1, 5;
    %load/vec4 v0x101703a00_0;
    %cmpi/e 4, 0, 32;
    %jmp/1 T_0.6, 4;
    %flag_mov 8, 4;
    %load/vec4 v0x101703a00_0;
    %cmpi/e 5, 0, 32;
    %flag_or 4, 8;
T_0.6;
    %jmp/1 T_0.5, 4;
    %flag_mov 8, 4;
    %load/vec4 v0x101703a00_0;
    %cmpi/e 10, 0, 32;
    %flag_or 4, 8;
T_0.5;
    %jmp/1 T_0.4, 4;
    %flag_mov 8, 4;
    %load/vec4 v0x101703a00_0;
    %cmpi/e 11, 0, 32;
    %flag_or 4, 8;
T_0.4;
    %jmp/0xz  T_0.2, 4;
    %pushi/vec4 65535, 0, 16;
    %ix/getv/s 4, v0x101703a00_0;
    %store/vec4a v0x101703820, 4, 0;
    %jmp T_0.3;
T_0.2 ;
    %pushi/vec4 3120, 0, 16;
    %ix/getv/s 4, v0x101703a00_0;
    %store/vec4a v0x101703820, 4, 0;
T_0.3 ;
    %pushi/vec4 1, 0, 16;
    %load/vec4 v0x101703a00_0;
    %ix/vec4 4;
    %shiftl 4;
    %ix/getv/s 4, v0x101703a00_0;
    %store/vec4a v0x101703be0, 4, 0;
    %load/vec4 v0x101703a00_0;
    %addi 1, 0, 32;
    %store/vec4 v0x101703a00_0, 0, 32;
    %jmp T_0.0;
T_0.1 ;
    %end;
    .thread T_0;
    .scope S_0x1016fc030;
T_1 ;
    %wait E_0x1016fdb70;
    %load/vec4 v0x101703b40_0;
    %flag_set/vec4 8;
    %jmp/0xz  T_1.0, 8;
    %pushi/vec4 0, 0, 4;
    %assign/vec4 v0x101703c80_0, 0;
    %jmp T_1.1;
T_1.0 ;
    %load/vec4 v0x101703c80_0;
    %addi 1, 0, 4;
    %assign/vec4 v0x101703c80_0, 0;
T_1.1 ;
    %jmp T_1;
    .thread T_1;
    .scope S_0x1016fc030;
T_2 ;
    %wait E_0x1016fd390;
    %pushi/vec4 0, 0, 16;
    %store/vec4 v0x1017038c0_0, 0, 16;
    %pushi/vec4 0, 0, 16;
    %store/vec4 v0x101703960_0, 0, 16;
    %pushi/vec4 0, 0, 32;
    %store/vec4 v0x101703aa0_0, 0, 32;
T_2.0 ;
    %load/vec4 v0x101703aa0_0;
    %cmpi/s 16, 0, 32;
    %jmp/0xz T_2.1, 5;
    %load/vec4 v0x101703aa0_0;
    %load/vec4 v0x101703c80_0;
    %pad/u 32;
    %cmp/e;
    %jmp/0xz  T_2.2, 4;
    %ix/getv/s 4, v0x101703aa0_0;
    %load/vec4a v0x101703820, 4;
    %store/vec4 v0x1017038c0_0, 0, 16;
    %ix/getv/s 4, v0x101703aa0_0;
    %load/vec4a v0x101703be0, 4;
    %store/vec4 v0x101703960_0, 0, 16;
T_2.2 ;
    %load/vec4 v0x101703aa0_0;
    %addi 1, 0, 32;
    %store/vec4 v0x101703aa0_0, 0, 32;
    %jmp T_2.0;
T_2.1 ;
    %jmp T_2;
    .thread T_2, $push;
# The file index is used to find the file name in the following table.
:file_names 3;
    "N/A";
    "<interactive>";
    "數位系統實習/project/OOXX.v";
