#! /opt/homebrew/Cellar/icarus-verilog/12.0/bin/vvp
:ivl_version "12.0 (stable)";
:ivl_delay_selection "TYPICAL";
:vpi_time_precision - 12;
:vpi_module "/opt/homebrew/Cellar/icarus-verilog/12.0/lib/ivl/system.vpi";
:vpi_module "/opt/homebrew/Cellar/icarus-verilog/12.0/lib/ivl/vhdl_sys.vpi";
:vpi_module "/opt/homebrew/Cellar/icarus-verilog/12.0/lib/ivl/vhdl_textio.vpi";
:vpi_module "/opt/homebrew/Cellar/icarus-verilog/12.0/lib/ivl/v2005_math.vpi";
:vpi_module "/opt/homebrew/Cellar/icarus-verilog/12.0/lib/ivl/va_math.vpi";
S_0x10316f1d0 .scope module, "t_LAB7_3" "t_LAB7_3" 2 4;
 .timescale -12 -12;
v0x103176b60_0 .var/2u *"_ivl_0", 0 0; Local signal
v0x103176c00_0 .var/2u *"_ivl_1", 0 0; Local signal
v0x103176ca0_0 .var/2u *"_ivl_10", 0 0; Local signal
v0x103176d40_0 .var/2u *"_ivl_11", 0 0; Local signal
v0x103176de0_0 .var/2u *"_ivl_12", 0 0; Local signal
v0x103176e80_0 .var/2u *"_ivl_2", 0 0; Local signal
v0x80ec70000_0 .var/2u *"_ivl_3", 0 0; Local signal
v0x80ec700a0_0 .var/2u *"_ivl_4", 0 0; Local signal
v0x80ec70140_0 .var/2u *"_ivl_5", 0 0; Local signal
v0x80ec701e0_0 .var/2u *"_ivl_6", 0 0; Local signal
v0x80ec70280_0 .var/2u *"_ivl_7", 0 0; Local signal
v0x80ec70320_0 .var/2u *"_ivl_8", 0 0; Local signal
v0x80ec703c0_0 .var/2u *"_ivl_9", 0 0; Local signal
v0x80ec70460_0 .net "hunds", 3 0, v0x10316c530_0;  1 drivers
v0x80ec70500_0 .var "in", 7 0;
v0x80ec705a0_0 .net "ones", 3 0, v0x103176a20_0;  1 drivers
v0x80ec70640_0 .net "tens", 3 0, v0x103176ac0_0;  1 drivers
S_0x10316c3b0 .scope module, "i1" "LAB7_3" 2 14, 3 1 0, S_0x10316f1d0;
 .timescale 0 0;
    .port_info 0 /INPUT 8 "in";
    .port_info 1 /OUTPUT 4 "hunds";
    .port_info 2 /OUTPUT 4 "tens";
    .port_info 3 /OUTPUT 4 "ones";
P_0x80ec04a00 .param/l "shift_size" 0 3 1, +C4<00000000000000000000000000001000>;
v0x10316f3b0_0 .var "bin", 7 0;
v0x10316c530_0 .var "hunds", 3 0;
v0x10316c5d0_0 .var/i "i", 31 0;
v0x103176980_0 .net "in", 7 0, v0x80ec70500_0;  1 drivers
v0x103176a20_0 .var "ones", 3 0;
v0x103176ac0_0 .var "tens", 3 0;
E_0x80ec48a00/0 .event anyedge, v0x103176980_0, v0x10316c530_0, v0x103176ac0_0, v0x103176a20_0;
E_0x80ec48a00/1 .event anyedge, v0x10316f3b0_0;
E_0x80ec48a00 .event/or E_0x80ec48a00/0, E_0x80ec48a00/1;
    .scope S_0x10316c3b0;
T_0 ;
    %wait E_0x80ec48a00;
    %load/vec4 v0x103176980_0;
    %store/vec4 v0x10316f3b0_0, 0, 8;
    %pushi/vec4 0, 0, 4;
    %store/vec4 v0x10316c530_0, 0, 4;
    %pushi/vec4 0, 0, 4;
    %store/vec4 v0x103176ac0_0, 0, 4;
    %pushi/vec4 0, 0, 4;
    %store/vec4 v0x103176a20_0, 0, 4;
    %pushi/vec4 0, 0, 32;
    %store/vec4 v0x10316c5d0_0, 0, 32;
T_0.0 ;
    %load/vec4 v0x10316c5d0_0;
    %cmpi/s 8, 0, 32;
    %jmp/0xz T_0.1, 5;
    %load/vec4 v0x10316c530_0;
    %pad/u 32;
    %cmpi/u 5, 0, 32;
    %flag_inv 5; GE is !LT
    %jmp/0xz  T_0.2, 5;
    %load/vec4 v0x10316c530_0;
    %addi 3, 0, 4;
    %store/vec4 v0x10316c530_0, 0, 4;
T_0.2 ;
    %load/vec4 v0x103176ac0_0;
    %pad/u 32;
    %cmpi/u 5, 0, 32;
    %flag_inv 5; GE is !LT
    %jmp/0xz  T_0.4, 5;
    %load/vec4 v0x103176ac0_0;
    %addi 3, 0, 4;
    %store/vec4 v0x103176ac0_0, 0, 4;
T_0.4 ;
    %load/vec4 v0x103176a20_0;
    %pad/u 32;
    %cmpi/u 5, 0, 32;
    %flag_inv 5; GE is !LT
    %jmp/0xz  T_0.6, 5;
    %load/vec4 v0x103176a20_0;
    %addi 3, 0, 4;
    %store/vec4 v0x103176a20_0, 0, 4;
T_0.6 ;
    %load/vec4 v0x10316c530_0;
    %load/vec4 v0x103176ac0_0;
    %concat/vec4; draw_concat_vec4
    %load/vec4 v0x103176a20_0;
    %concat/vec4; draw_concat_vec4
    %load/vec4 v0x10316f3b0_0;
    %concat/vec4; draw_concat_vec4
    %ix/load 4, 1, 0;
    %flag_set/imm 4, 0;
    %shiftl 4;
    %split/vec4 8;
    %store/vec4 v0x10316f3b0_0, 0, 8;
    %split/vec4 4;
    %store/vec4 v0x103176a20_0, 0, 4;
    %split/vec4 4;
    %store/vec4 v0x103176ac0_0, 0, 4;
    %store/vec4 v0x10316c530_0, 0, 4;
    %load/vec4 v0x10316c5d0_0;
    %addi 1, 0, 32;
    %store/vec4 v0x10316c5d0_0, 0, 32;
    %jmp T_0.0;
T_0.1 ;
    %jmp T_0;
    .thread T_0, $push;
    .scope S_0x10316f1d0;
T_1 ;
    %delay 200000, 0;
    %vpi_call 2 23 "$stop" {0 0 0};
    %end;
    .thread T_1;
    .scope S_0x10316f1d0;
T_2 ;
    %pushi/vec4 1, 0, 1;
    %ix/load 4, 7, 0;
    %flag_set/imm 4, 0;
    %store/vec4 v0x80ec70500_0, 4, 1;
    %end;
    .thread T_2;
    .scope S_0x10316f1d0;
T_3 ;
    %pushi/vec4 1, 0, 1;
    %ix/load 4, 6, 0;
    %flag_set/imm 4, 0;
    %store/vec4 v0x80ec70500_0, 4, 1;
    %end;
    .thread T_3;
    .scope S_0x10316f1d0;
T_4 ;
    %pushi/vec4 1, 0, 1;
    %ix/load 4, 5, 0;
    %flag_set/imm 4, 0;
    %store/vec4 v0x80ec70500_0, 4, 1;
    %end;
    .thread T_4;
    .scope S_0x10316f1d0;
T_5 ;
    %pushi/vec4 1, 0, 1;
    %ix/load 4, 4, 0;
    %flag_set/imm 4, 0;
    %store/vec4 v0x80ec70500_0, 4, 1;
    %pushi/vec4 0, 0, 1;
    %store/vec4 v0x103176b60_0, 0, 1;
    %pushi/vec4 160000, 0, 64;
    %ix/vec4 4;
    %delayx 4;
    %load/vec4 v0x103176b60_0;
    %ix/load 4, 4, 0;
    %flag_set/imm 4, 0;
    %store/vec4 v0x80ec70500_0, 4, 1;
    %end;
    .thread T_5;
    .scope S_0x10316f1d0;
T_6 ;
    %pushi/vec4 1, 0, 1;
    %ix/load 4, 3, 0;
    %flag_set/imm 4, 0;
    %store/vec4 v0x80ec70500_0, 4, 1;
    %pushi/vec4 0, 0, 1;
    %store/vec4 v0x103176c00_0, 0, 1;
    %pushi/vec4 80000, 0, 64;
    %ix/vec4 4;
    %delayx 4;
    %load/vec4 v0x103176c00_0;
    %ix/load 4, 3, 0;
    %flag_set/imm 4, 0;
    %store/vec4 v0x80ec70500_0, 4, 1;
    %pushi/vec4 1, 0, 1;
    %store/vec4 v0x103176e80_0, 0, 1;
    %pushi/vec4 80000, 0, 64;
    %ix/vec4 4;
    %delayx 4;
    %load/vec4 v0x103176e80_0;
    %ix/load 4, 3, 0;
    %flag_set/imm 4, 0;
    %store/vec4 v0x80ec70500_0, 4, 1;
    %end;
    .thread T_6;
    .scope S_0x10316f1d0;
T_7 ;
    %pushi/vec4 1, 0, 1;
    %ix/load 4, 2, 0;
    %flag_set/imm 4, 0;
    %store/vec4 v0x80ec70500_0, 4, 1;
    %pushi/vec4 0, 0, 1;
    %store/vec4 v0x80ec70000_0, 0, 1;
    %pushi/vec4 40000, 0, 64;
    %ix/vec4 4;
    %delayx 4;
    %load/vec4 v0x80ec70000_0;
    %ix/load 4, 2, 0;
    %flag_set/imm 4, 0;
    %store/vec4 v0x80ec70500_0, 4, 1;
    %pushi/vec4 1, 0, 1;
    %store/vec4 v0x80ec700a0_0, 0, 1;
    %pushi/vec4 40000, 0, 64;
    %ix/vec4 4;
    %delayx 4;
    %load/vec4 v0x80ec700a0_0;
    %ix/load 4, 2, 0;
    %flag_set/imm 4, 0;
    %store/vec4 v0x80ec70500_0, 4, 1;
    %pushi/vec4 0, 0, 1;
    %store/vec4 v0x80ec70140_0, 0, 1;
    %pushi/vec4 40000, 0, 64;
    %ix/vec4 4;
    %delayx 4;
    %load/vec4 v0x80ec70140_0;
    %ix/load 4, 2, 0;
    %flag_set/imm 4, 0;
    %store/vec4 v0x80ec70500_0, 4, 1;
    %pushi/vec4 1, 0, 1;
    %store/vec4 v0x80ec701e0_0, 0, 1;
    %pushi/vec4 40000, 0, 64;
    %ix/vec4 4;
    %delayx 4;
    %load/vec4 v0x80ec701e0_0;
    %ix/load 4, 2, 0;
    %flag_set/imm 4, 0;
    %store/vec4 v0x80ec70500_0, 4, 1;
    %end;
    .thread T_7;
    .scope S_0x10316f1d0;
T_8 ;
    %pushi/vec4 1, 0, 1;
    %ix/load 4, 1, 0;
    %flag_set/imm 4, 0;
    %store/vec4 v0x80ec70500_0, 4, 1;
    %pushi/vec4 0, 0, 1;
    %store/vec4 v0x80ec70280_0, 0, 1;
    %pushi/vec4 20000, 0, 64;
    %ix/vec4 4;
    %delayx 4;
    %load/vec4 v0x80ec70280_0;
    %ix/load 4, 1, 0;
    %flag_set/imm 4, 0;
    %store/vec4 v0x80ec70500_0, 4, 1;
    %delay 20000, 0;
    %pushi/vec4 3, 0, 32;
T_8.0 %dup/vec4;
    %pushi/vec4 0, 0, 32;
    %cmp/s;
    %jmp/1xz T_8.1, 5;
    %jmp/1 T_8.1, 4;
    %pushi/vec4 1, 0, 32;
    %sub;
    %pushi/vec4 1, 0, 1;
    %ix/load 4, 1, 0;
    %flag_set/imm 4, 0;
    %store/vec4 v0x80ec70500_0, 4, 1;
    %pushi/vec4 0, 0, 1;
    %store/vec4 v0x80ec70320_0, 0, 1;
    %pushi/vec4 20000, 0, 64;
    %ix/vec4 4;
    %delayx 4;
    %load/vec4 v0x80ec70320_0;
    %ix/load 4, 1, 0;
    %flag_set/imm 4, 0;
    %store/vec4 v0x80ec70500_0, 4, 1;
    %delay 20000, 0;
    %jmp T_8.0;
T_8.1 ;
    %pop/vec4 1;
    %pushi/vec4 1, 0, 1;
    %ix/load 4, 1, 0;
    %flag_set/imm 4, 0;
    %store/vec4 v0x80ec70500_0, 4, 1;
    %pushi/vec4 0, 0, 1;
    %store/vec4 v0x80ec703c0_0, 0, 1;
    %pushi/vec4 20000, 0, 64;
    %ix/vec4 4;
    %delayx 4;
    %load/vec4 v0x80ec703c0_0;
    %ix/load 4, 1, 0;
    %flag_set/imm 4, 0;
    %store/vec4 v0x80ec70500_0, 4, 1;
    %end;
    .thread T_8;
    .scope S_0x10316f1d0;
T_9 ;
    %pushi/vec4 1, 0, 1;
    %ix/load 4, 0, 0;
    %flag_set/imm 4, 0;
    %store/vec4 v0x80ec70500_0, 4, 1;
    %pushi/vec4 0, 0, 1;
    %store/vec4 v0x103176ca0_0, 0, 1;
    %pushi/vec4 10000, 0, 64;
    %ix/vec4 4;
    %delayx 4;
    %load/vec4 v0x103176ca0_0;
    %ix/load 4, 0, 0;
    %flag_set/imm 4, 0;
    %store/vec4 v0x80ec70500_0, 4, 1;
    %delay 10000, 0;
    %pushi/vec4 8, 0, 32;
T_9.0 %dup/vec4;
    %pushi/vec4 0, 0, 32;
    %cmp/s;
    %jmp/1xz T_9.1, 5;
    %jmp/1 T_9.1, 4;
    %pushi/vec4 1, 0, 32;
    %sub;
    %pushi/vec4 1, 0, 1;
    %ix/load 4, 0, 0;
    %flag_set/imm 4, 0;
    %store/vec4 v0x80ec70500_0, 4, 1;
    %pushi/vec4 0, 0, 1;
    %store/vec4 v0x103176d40_0, 0, 1;
    %pushi/vec4 10000, 0, 64;
    %ix/vec4 4;
    %delayx 4;
    %load/vec4 v0x103176d40_0;
    %ix/load 4, 0, 0;
    %flag_set/imm 4, 0;
    %store/vec4 v0x80ec70500_0, 4, 1;
    %delay 10000, 0;
    %jmp T_9.0;
T_9.1 ;
    %pop/vec4 1;
    %pushi/vec4 1, 0, 1;
    %ix/load 4, 0, 0;
    %flag_set/imm 4, 0;
    %store/vec4 v0x80ec70500_0, 4, 1;
    %pushi/vec4 0, 0, 1;
    %store/vec4 v0x103176de0_0, 0, 1;
    %pushi/vec4 10000, 0, 64;
    %ix/vec4 4;
    %delayx 4;
    %load/vec4 v0x103176de0_0;
    %ix/load 4, 0, 0;
    %flag_set/imm 4, 0;
    %store/vec4 v0x80ec70500_0, 4, 1;
    %end;
    .thread T_9;
    .scope S_0x10316f1d0;
T_10 ;
    %vpi_call 2 94 "$dumpfile", "t_LAB7_3.vcd" {0 0 0};
    %vpi_call 2 95 "$dumpvars", 32'sb00000000000000000000000000000000, S_0x10316f1d0 {0 0 0};
    %end;
    .thread T_10;
# The file index is used to find the file name in the following table.
:file_names 4;
    "N/A";
    "<interactive>";
    "數位系統實習/LAB7/LAB7_3/t_LAB7_3.v";
    "./數位系統實習/LAB7/LAB7_3/LAB7_3.v";
