#! /opt/homebrew/Cellar/icarus-verilog/12.0/bin/vvp
:ivl_version "12.0 (stable)";
:ivl_delay_selection "TYPICAL";
:vpi_time_precision - 12;
:vpi_module "/opt/homebrew/Cellar/icarus-verilog/12.0/lib/ivl/system.vpi";
:vpi_module "/opt/homebrew/Cellar/icarus-verilog/12.0/lib/ivl/vhdl_sys.vpi";
:vpi_module "/opt/homebrew/Cellar/icarus-verilog/12.0/lib/ivl/vhdl_textio.vpi";
:vpi_module "/opt/homebrew/Cellar/icarus-verilog/12.0/lib/ivl/v2005_math.vpi";
:vpi_module "/opt/homebrew/Cellar/icarus-verilog/12.0/lib/ivl/va_math.vpi";
S_0x1014258c0 .scope module, "t_LAB6_3" "t_LAB6_3" 2 5;
 .timescale -12 -12;
v0xbfec58fa0_0 .var/2u *"_ivl_0", 0 0; Local signal
v0xbfec59040_0 .var/2u *"_ivl_1", 0 0; Local signal
v0xbfec590e0_0 .var/2u *"_ivl_2", 0 0; Local signal
v0xbfec59180_0 .var/2u *"_ivl_3", 0 0; Local signal
v0xbfec59220_0 .var "clear", 0 0;
v0xbfec592c0_0 .var "clk", 0 0;
v0xbfec59360_0 .net "p_out1", 3 0, v0xbfec58500_0;  1 drivers
v0xbfec59400_0 .net "p_out2", 3 0, v0xbfec58780_0;  1 drivers
v0xbfec594a0_0 .var "s_in", 0 0;
v0xbfec59540_0 .var "shift_ctrl", 0 0;
S_0x101425a40 .scope module, "i1" "LAB6_3" 2 15, 3 1 0, S_0x1014258c0;
 .timescale 0 0;
    .port_info 0 /INPUT 1 "clear";
    .port_info 1 /INPUT 1 "clk";
    .port_info 2 /OUTPUT 4 "p_out1";
    .port_info 3 /OUTPUT 4 "p_out2";
    .port_info 4 /INPUT 1 "s_in";
    .port_info 5 /INPUT 1 "shift_ctrl";
L_0x101422c60 .functor AND 1, v0xbfec592c0_0, v0xbfec59540_0, C4<1>, C4<1>;
v0xbfec58960_0 .net "FA_C", 0 0, L_0x101422ab0;  1 drivers
v0xbfec58a00_0 .net "FA_S", 0 0, L_0x10142b4c0;  1 drivers
v0xbfec58aa0_0 .net "FA_z", 0 0, v0x10142a450_0;  1 drivers
v0xbfec58b40_0 .net "clear", 0 0, v0xbfec59220_0;  1 drivers
v0xbfec58be0_0 .net "clk", 0 0, v0xbfec592c0_0;  1 drivers
v0xbfec58c80_0 .net "p_out1", 3 0, v0xbfec58500_0;  alias, 1 drivers
v0xbfec58d20_0 .net "p_out2", 3 0, v0xbfec58780_0;  alias, 1 drivers
v0xbfec58dc0_0 .net "s_in", 0 0, v0xbfec594a0_0;  1 drivers
v0xbfec58e60_0 .net "shift_ctrl", 0 0, v0xbfec59540_0;  1 drivers
v0xbfec58f00_0 .net "x", 0 0, L_0x101422c60;  1 drivers
L_0x101422b20 .part v0xbfec58500_0, 0, 1;
L_0x101422bc0 .part v0xbfec58780_0, 0, 1;
S_0x101423e30 .scope module, "D0" "D_FF" 3 9, 3 13 0, S_0x101425a40;
 .timescale 0 0;
    .port_info 0 /INPUT 1 "clk";
    .port_info 1 /INPUT 1 "clear";
    .port_info 2 /INPUT 1 "D";
    .port_info 3 /OUTPUT 1 "Q";
v0x10142b420_0 .net "D", 0 0, L_0x101422ab0;  alias, 1 drivers
v0x10142a450_0 .var "Q", 0 0;
v0x10142b080_0 .net "clear", 0 0, v0xbfec59220_0;  alias, 1 drivers
v0x1014210e0_0 .net "clk", 0 0, L_0x101422c60;  alias, 1 drivers
E_0xbff000b40/0 .event negedge, v0x10142b080_0;
E_0xbff000b40/1 .event posedge, v0x1014210e0_0;
E_0xbff000b40 .event/or E_0xbff000b40/0, E_0xbff000b40/1;
S_0x101423fb0 .scope module, "F1" "FA" 3 8, 3 22 0, S_0x101425a40;
 .timescale 0 0;
    .port_info 0 /INPUT 1 "A";
    .port_info 1 /INPUT 1 "B";
    .port_info 2 /INPUT 1 "C0";
    .port_info 3 /OUTPUT 1 "S";
    .port_info 4 /OUTPUT 1 "C";
L_0x10142a4f0 .functor XOR 1, L_0x101422b20, L_0x101422bc0, C4<0>, C4<0>;
L_0x10142b4c0 .functor XOR 1, L_0x10142a4f0, v0x10142a450_0, C4<0>, C4<0>;
L_0x1014236b0 .functor AND 1, L_0x101422b20, L_0x101422bc0, C4<1>, C4<1>;
L_0x101423720 .functor AND 1, L_0x101422bc0, v0x10142a450_0, C4<1>, C4<1>;
L_0x101423790 .functor OR 1, L_0x1014236b0, L_0x101423720, C4<0>, C4<0>;
L_0x101423800 .functor AND 1, v0x10142a450_0, L_0x101422b20, C4<1>, C4<1>;
L_0x101422ab0 .functor OR 1, L_0x101423790, L_0x101423800, C4<0>, C4<0>;
v0x10142d140_0 .net "A", 0 0, L_0x101422b20;  1 drivers
v0x101420360_0 .net "B", 0 0, L_0x101422bc0;  1 drivers
v0x101420400_0 .net "C", 0 0, L_0x101422ab0;  alias, 1 drivers
v0xbfec58000_0 .net "C0", 0 0, v0x10142a450_0;  alias, 1 drivers
v0xbfec580a0_0 .net "S", 0 0, L_0x10142b4c0;  alias, 1 drivers
v0xbfec58140_0 .net *"_ivl_0", 0 0, L_0x10142a4f0;  1 drivers
v0xbfec581e0_0 .net *"_ivl_10", 0 0, L_0x101423800;  1 drivers
v0xbfec58280_0 .net *"_ivl_4", 0 0, L_0x1014236b0;  1 drivers
v0xbfec58320_0 .net *"_ivl_6", 0 0, L_0x101423720;  1 drivers
v0xbfec583c0_0 .net *"_ivl_8", 0 0, L_0x101423790;  1 drivers
S_0x1014204a0 .scope module, "S1" "shift" 3 6, 3 28 0, S_0x101425a40;
 .timescale 0 0;
    .port_info 0 /INPUT 1 "s_in";
    .port_info 1 /INPUT 1 "shift_ctrl";
    .port_info 2 /INPUT 1 "clk";
    .port_info 3 /OUTPUT 4 "p_out";
v0xbfec58460_0 .net "clk", 0 0, v0xbfec592c0_0;  alias, 1 drivers
v0xbfec58500_0 .var "p_out", 3 0;
v0xbfec585a0_0 .net "s_in", 0 0, L_0x10142b4c0;  alias, 1 drivers
v0xbfec58640_0 .net "shift_ctrl", 0 0, v0xbfec59540_0;  alias, 1 drivers
E_0xbff000b80 .event posedge, v0xbfec58460_0;
S_0x101423530 .scope module, "S2" "shift" 3 7, 3 28 0, S_0x101425a40;
 .timescale 0 0;
    .port_info 0 /INPUT 1 "s_in";
    .port_info 1 /INPUT 1 "shift_ctrl";
    .port_info 2 /INPUT 1 "clk";
    .port_info 3 /OUTPUT 4 "p_out";
v0xbfec586e0_0 .net "clk", 0 0, v0xbfec592c0_0;  alias, 1 drivers
v0xbfec58780_0 .var "p_out", 3 0;
v0xbfec58820_0 .net "s_in", 0 0, v0xbfec594a0_0;  alias, 1 drivers
v0xbfec588c0_0 .net "shift_ctrl", 0 0, v0xbfec59540_0;  alias, 1 drivers
    .scope S_0x1014204a0;
T_0 ;
    %pushi/vec4 0, 0, 4;
    %store/vec4 v0xbfec58500_0, 0, 4;
    %end;
    .thread T_0;
    .scope S_0x1014204a0;
T_1 ;
    %wait E_0xbff000b80;
    %load/vec4 v0xbfec58640_0;
    %flag_set/vec4 8;
    %jmp/0xz  T_1.0, 8;
    %load/vec4 v0xbfec585a0_0;
    %load/vec4 v0xbfec58500_0;
    %parti/s 3, 1, 2;
    %concat/vec4; draw_concat_vec4
    %assign/vec4 v0xbfec58500_0, 0;
    %jmp T_1.1;
T_1.0 ;
    %load/vec4 v0xbfec58500_0;
    %assign/vec4 v0xbfec58500_0, 0;
T_1.1 ;
    %jmp T_1;
    .thread T_1;
    .scope S_0x101423530;
T_2 ;
    %pushi/vec4 0, 0, 4;
    %store/vec4 v0xbfec58780_0, 0, 4;
    %end;
    .thread T_2;
    .scope S_0x101423530;
T_3 ;
    %wait E_0xbff000b80;
    %load/vec4 v0xbfec588c0_0;
    %flag_set/vec4 8;
    %jmp/0xz  T_3.0, 8;
    %load/vec4 v0xbfec58820_0;
    %load/vec4 v0xbfec58780_0;
    %parti/s 3, 1, 2;
    %concat/vec4; draw_concat_vec4
    %assign/vec4 v0xbfec58780_0, 0;
    %jmp T_3.1;
T_3.0 ;
    %load/vec4 v0xbfec58780_0;
    %assign/vec4 v0xbfec58780_0, 0;
T_3.1 ;
    %jmp T_3;
    .thread T_3;
    .scope S_0x101423e30;
T_4 ;
    %pushi/vec4 0, 0, 1;
    %store/vec4 v0x10142a450_0, 0, 1;
    %end;
    .thread T_4;
    .scope S_0x101423e30;
T_5 ;
    %wait E_0xbff000b40;
    %load/vec4 v0x10142b080_0;
    %nor/r;
    %flag_set/vec4 8;
    %jmp/0xz  T_5.0, 8;
    %pushi/vec4 0, 0, 1;
    %assign/vec4 v0x10142a450_0, 0;
    %jmp T_5.1;
T_5.0 ;
    %load/vec4 v0x10142b420_0;
    %assign/vec4 v0x10142a450_0, 0;
T_5.1 ;
    %jmp T_5;
    .thread T_5;
    .scope S_0x1014258c0;
T_6 ;
    %delay 300000, 0;
    %vpi_call 2 26 "$stop" {0 0 0};
    %end;
    .thread T_6;
    .scope S_0x1014258c0;
T_7 ;
    %pushi/vec4 1, 0, 1;
    %store/vec4 v0xbfec59220_0, 0, 1;
    %end;
    .thread T_7;
    .scope S_0x1014258c0;
T_8 ;
    %pushi/vec4 0, 0, 1;
    %store/vec4 v0xbfec592c0_0, 0, 1;
    %pushi/vec4 1, 0, 1;
    %store/vec4 v0xbfec58fa0_0, 0, 1;
    %pushi/vec4 10000, 0, 64;
    %ix/vec4 4;
    %delayx 4;
    %load/vec4 v0xbfec58fa0_0;
    %store/vec4 v0xbfec592c0_0, 0, 1;
    %delay 10000, 0;
    %jmp T_8;
    .thread T_8;
    .scope S_0x1014258c0;
T_9 ;
    %pushi/vec4 1, 0, 1;
    %store/vec4 v0xbfec594a0_0, 0, 1;
    %pushi/vec4 0, 0, 1;
    %store/vec4 v0xbfec59040_0, 0, 1;
    %pushi/vec4 60000, 0, 64;
    %ix/vec4 4;
    %delayx 4;
    %load/vec4 v0xbfec59040_0;
    %store/vec4 v0xbfec594a0_0, 0, 1;
    %pushi/vec4 1, 0, 1;
    %store/vec4 v0xbfec590e0_0, 0, 1;
    %pushi/vec4 20000, 0, 64;
    %ix/vec4 4;
    %delayx 4;
    %load/vec4 v0xbfec590e0_0;
    %store/vec4 v0xbfec594a0_0, 0, 1;
    %pushi/vec4 0, 0, 1;
    %store/vec4 v0xbfec59180_0, 0, 1;
    %pushi/vec4 60000, 0, 64;
    %ix/vec4 4;
    %delayx 4;
    %load/vec4 v0xbfec59180_0;
    %store/vec4 v0xbfec594a0_0, 0, 1;
    %end;
    .thread T_9;
    .scope S_0x1014258c0;
T_10 ;
    %pushi/vec4 1, 0, 1;
    %store/vec4 v0xbfec59540_0, 0, 1;
    %end;
    .thread T_10;
    .scope S_0x1014258c0;
T_11 ;
    %vpi_call 2 59 "$dumpfile", "t_LAB6_3.vcd" {0 0 0};
    %vpi_call 2 60 "$dumpvars", 32'sb00000000000000000000000000000000, S_0x1014258c0 {0 0 0};
    %end;
    .thread T_11;
# The file index is used to find the file name in the following table.
:file_names 4;
    "N/A";
    "<interactive>";
    "數位系統實習/LAB6/LAB6_3/t_LAB6_3.v";
    "/Users/sammy/Library/CloudStorage/OneDrive-個人/桌面/程式/verilog/數位系統實習/LAB6/LAB6_3/LAB6_3.v";
