#! /opt/homebrew/Cellar/icarus-verilog/12.0/bin/vvp
:ivl_version "12.0 (stable)";
:ivl_delay_selection "TYPICAL";
:vpi_time_precision - 12;
:vpi_module "/opt/homebrew/Cellar/icarus-verilog/12.0/lib/ivl/system.vpi";
:vpi_module "/opt/homebrew/Cellar/icarus-verilog/12.0/lib/ivl/vhdl_sys.vpi";
:vpi_module "/opt/homebrew/Cellar/icarus-verilog/12.0/lib/ivl/vhdl_textio.vpi";
:vpi_module "/opt/homebrew/Cellar/icarus-verilog/12.0/lib/ivl/v2005_math.vpi";
:vpi_module "/opt/homebrew/Cellar/icarus-verilog/12.0/lib/ivl/va_math.vpi";
S_0x100a48140 .scope module, "t_LAB7_2" "t_LAB7_2" 2 3;
 .timescale -12 -12;
v0x100a4d780_0 .net "Z1", 0 0, v0x100a4d140_0;  1 drivers
v0x758c6c000_0 .net "Z2", 0 0, v0x100a4d1e0_0;  1 drivers
v0x758c6c0a0_0 .var/2u *"_ivl_0", 0 0; Local signal
v0x758c6c140_0 .var/2u *"_ivl_1", 0 0; Local signal
v0x758c6c1e0_0 .var/2u *"_ivl_2", 0 0; Local signal
v0x758c6c280_0 .var/2u *"_ivl_3", 0 0; Local signal
v0x758c6c320_0 .var/2u *"_ivl_4", 0 0; Local signal
v0x758c6c3c0_0 .var/2u *"_ivl_5", 0 0; Local signal
v0x758c6c460_0 .var "clk", 0 0;
v0x758c6c500_0 .var "in", 0 0;
v0x758c6c5a0_0 .net "out_state", 1 0, v0x100a4d460_0;  1 drivers
v0x758c6c640_0 .var "rst", 0 0;
S_0x100a443c0 .scope module, "i1" "LAB7_2" 2 13, 3 1 0, S_0x100a48140;
 .timescale 0 0;
    .port_info 0 /INPUT 1 "clk";
    .port_info 1 /INPUT 1 "in";
    .port_info 2 /INPUT 1 "rst";
    .port_info 3 /OUTPUT 1 "Z1";
    .port_info 4 /OUTPUT 1 "Z2";
    .port_info 5 /OUTPUT 2 "out_state";
P_0x100a44540 .param/l "s0" 0 3 1, C4<00>;
P_0x100a44580 .param/l "s1" 0 3 1, C4<01>;
P_0x100a445c0 .param/l "s2" 0 3 1, C4<10>;
P_0x100a44600 .param/l "s3" 0 3 1, C4<11>;
v0x100a4d140_0 .var "Z1", 0 0;
v0x100a4d1e0_0 .var "Z2", 0 0;
v0x100a4d280_0 .net "clk", 0 0, v0x758c6c460_0;  1 drivers
v0x100a4d320_0 .net "in", 0 0, v0x758c6c500_0;  1 drivers
v0x100a4d3c0_0 .var "next_state", 1 0;
v0x100a4d460_0 .var "out_state", 1 0;
v0x100a4d500_0 .net "rst", 0 0, v0x758c6c640_0;  1 drivers
v0x100a4d5a0_0 .var "state", 1 0;
v0x100a4d640_0 .var "w_Z2", 0 0;
v0x100a4d6e0_0 .var "x", 1 0;
E_0x75903c1c0/0 .event negedge, v0x100a4d500_0;
E_0x75903c1c0/1 .event posedge, v0x100a4d280_0;
E_0x75903c1c0 .event/or E_0x75903c1c0/0, E_0x75903c1c0/1;
E_0x75903c200 .event anyedge, v0x100a4d320_0, v0x100a4d5a0_0;
    .scope S_0x100a443c0;
T_0 ;
    %wait E_0x75903c200;
    %pushi/vec4 0, 0, 1;
    %store/vec4 v0x100a4d640_0, 0, 1;
    %load/vec4 v0x100a4d5a0_0;
    %dup/vec4;
    %pushi/vec4 0, 0, 2;
    %cmp/u;
    %jmp/1 T_0.0, 6;
    %dup/vec4;
    %pushi/vec4 1, 0, 2;
    %cmp/u;
    %jmp/1 T_0.1, 6;
    %dup/vec4;
    %pushi/vec4 2, 0, 2;
    %cmp/u;
    %jmp/1 T_0.2, 6;
    %dup/vec4;
    %pushi/vec4 3, 0, 2;
    %cmp/u;
    %jmp/1 T_0.3, 6;
    %pushi/vec4 0, 0, 2;
    %store/vec4 v0x100a4d3c0_0, 0, 2;
    %jmp T_0.5;
T_0.0 ;
    %load/vec4 v0x100a4d320_0;
    %flag_set/vec4 8;
    %jmp/0 T_0.6, 8;
    %pushi/vec4 1, 0, 2;
    %jmp/1 T_0.7, 8;
T_0.6 ; End of true expr.
    %pushi/vec4 0, 0, 2;
    %jmp/0 T_0.7, 8;
 ; End of false expr.
    %blend;
T_0.7;
    %store/vec4 v0x100a4d3c0_0, 0, 2;
    %load/vec4 v0x100a4d3c0_0;
    %cmpi/e 0, 0, 2;
    %flag_mov 8, 4;
    %jmp/0 T_0.8, 8;
    %pushi/vec4 0, 0, 2;
    %jmp/1 T_0.9, 8;
T_0.8 ; End of true expr.
    %pushi/vec4 0, 0, 2;
    %jmp/0 T_0.9, 8;
 ; End of false expr.
    %blend;
T_0.9;
    %store/vec4 v0x100a4d6e0_0, 0, 2;
    %jmp T_0.5;
T_0.1 ;
    %load/vec4 v0x100a4d320_0;
    %flag_set/vec4 8;
    %jmp/0 T_0.10, 8;
    %pushi/vec4 2, 0, 2;
    %jmp/1 T_0.11, 8;
T_0.10 ; End of true expr.
    %pushi/vec4 0, 0, 2;
    %jmp/0 T_0.11, 8;
 ; End of false expr.
    %blend;
T_0.11;
    %store/vec4 v0x100a4d3c0_0, 0, 2;
    %load/vec4 v0x100a4d3c0_0;
    %cmpi/e 0, 0, 2;
    %flag_mov 8, 4;
    %jmp/0 T_0.12, 8;
    %pushi/vec4 1, 0, 2;
    %jmp/1 T_0.13, 8;
T_0.12 ; End of true expr.
    %pushi/vec4 0, 0, 2;
    %jmp/0 T_0.13, 8;
 ; End of false expr.
    %blend;
T_0.13;
    %store/vec4 v0x100a4d6e0_0, 0, 2;
    %jmp T_0.5;
T_0.2 ;
    %load/vec4 v0x100a4d320_0;
    %flag_set/vec4 8;
    %jmp/0 T_0.14, 8;
    %pushi/vec4 3, 0, 2;
    %jmp/1 T_0.15, 8;
T_0.14 ; End of true expr.
    %pushi/vec4 0, 0, 2;
    %jmp/0 T_0.15, 8;
 ; End of false expr.
    %blend;
T_0.15;
    %store/vec4 v0x100a4d3c0_0, 0, 2;
    %load/vec4 v0x100a4d3c0_0;
    %cmpi/e 0, 0, 2;
    %flag_mov 8, 4;
    %jmp/0 T_0.16, 8;
    %pushi/vec4 2, 0, 2;
    %jmp/1 T_0.17, 8;
T_0.16 ; End of true expr.
    %pushi/vec4 0, 0, 2;
    %jmp/0 T_0.17, 8;
 ; End of false expr.
    %blend;
T_0.17;
    %store/vec4 v0x100a4d6e0_0, 0, 2;
    %jmp T_0.5;
T_0.3 ;
    %load/vec4 v0x100a4d320_0;
    %flag_set/vec4 8;
    %jmp/0 T_0.18, 8;
    %pushi/vec4 3, 0, 2;
    %jmp/1 T_0.19, 8;
T_0.18 ; End of true expr.
    %pushi/vec4 0, 0, 2;
    %jmp/0 T_0.19, 8;
 ; End of false expr.
    %blend;
T_0.19;
    %store/vec4 v0x100a4d3c0_0, 0, 2;
    %load/vec4 v0x100a4d320_0;
    %flag_set/vec4 8;
    %jmp/0 T_0.20, 8;
    %pushi/vec4 0, 0, 2;
    %jmp/1 T_0.21, 8;
T_0.20 ; End of true expr.
    %pushi/vec4 1, 0, 2;
    %jmp/0 T_0.21, 8;
 ; End of false expr.
    %blend;
T_0.21;
    %pad/s 1;
    %store/vec4 v0x100a4d640_0, 0, 1;
    %load/vec4 v0x100a4d3c0_0;
    %cmpi/e 0, 0, 2;
    %flag_mov 8, 4;
    %jmp/0 T_0.22, 8;
    %pushi/vec4 3, 0, 2;
    %jmp/1 T_0.23, 8;
T_0.22 ; End of true expr.
    %pushi/vec4 0, 0, 2;
    %jmp/0 T_0.23, 8;
 ; End of false expr.
    %blend;
T_0.23;
    %store/vec4 v0x100a4d6e0_0, 0, 2;
    %jmp T_0.5;
T_0.5 ;
    %pop/vec4 1;
    %load/vec4 v0x100a4d5a0_0;
    %cmpi/e 3, 0, 2;
    %flag_mov 8, 4;
    %jmp/0 T_0.24, 8;
    %pushi/vec4 1, 0, 2;
    %jmp/1 T_0.25, 8;
T_0.24 ; End of true expr.
    %pushi/vec4 0, 0, 2;
    %jmp/0 T_0.25, 8;
 ; End of false expr.
    %blend;
T_0.25;
    %pad/s 1;
    %store/vec4 v0x100a4d140_0, 0, 1;
    %jmp T_0;
    .thread T_0, $push;
    .scope S_0x100a443c0;
T_1 ;
    %wait E_0x75903c1c0;
    %load/vec4 v0x100a4d500_0;
    %nor/r;
    %flag_set/vec4 8;
    %jmp/0xz  T_1.0, 8;
    %pushi/vec4 0, 0, 2;
    %assign/vec4 v0x100a4d5a0_0, 0;
    %pushi/vec4 0, 0, 1;
    %assign/vec4 v0x100a4d1e0_0, 0;
    %jmp T_1.1;
T_1.0 ;
    %load/vec4 v0x100a4d3c0_0;
    %assign/vec4 v0x100a4d5a0_0, 0;
    %load/vec4 v0x100a4d640_0;
    %assign/vec4 v0x100a4d1e0_0, 0;
T_1.1 ;
    %load/vec4 v0x100a4d3c0_0;
    %assign/vec4 v0x100a4d460_0, 0;
    %jmp T_1;
    .thread T_1;
    .scope S_0x100a48140;
T_2 ;
    %delay 250000, 0;
    %vpi_call 2 24 "$stop" {0 0 0};
    %end;
    .thread T_2;
    .scope S_0x100a48140;
T_3 ;
    %pushi/vec4 0, 0, 1;
    %store/vec4 v0x758c6c460_0, 0, 1;
    %pushi/vec4 1, 0, 1;
    %store/vec4 v0x758c6c0a0_0, 0, 1;
    %pushi/vec4 5000, 0, 64;
    %ix/vec4 4;
    %delayx 4;
    %load/vec4 v0x758c6c0a0_0;
    %store/vec4 v0x758c6c460_0, 0, 1;
    %delay 5000, 0;
    %jmp T_3;
    .thread T_3;
    .scope S_0x100a48140;
T_4 ;
    %pushi/vec4 0, 0, 1;
    %store/vec4 v0x758c6c500_0, 0, 1;
    %pushi/vec4 1, 0, 1;
    %store/vec4 v0x758c6c140_0, 0, 1;
    %pushi/vec4 20000, 0, 64;
    %ix/vec4 4;
    %delayx 4;
    %load/vec4 v0x758c6c140_0;
    %store/vec4 v0x758c6c500_0, 0, 1;
    %pushi/vec4 0, 0, 1;
    %store/vec4 v0x758c6c1e0_0, 0, 1;
    %pushi/vec4 30000, 0, 64;
    %ix/vec4 4;
    %delayx 4;
    %load/vec4 v0x758c6c1e0_0;
    %store/vec4 v0x758c6c500_0, 0, 1;
    %pushi/vec4 1, 0, 1;
    %store/vec4 v0x758c6c280_0, 0, 1;
    %pushi/vec4 10000, 0, 64;
    %ix/vec4 4;
    %delayx 4;
    %load/vec4 v0x758c6c280_0;
    %store/vec4 v0x758c6c500_0, 0, 1;
    %pushi/vec4 0, 0, 1;
    %store/vec4 v0x758c6c320_0, 0, 1;
    %pushi/vec4 40000, 0, 64;
    %ix/vec4 4;
    %delayx 4;
    %load/vec4 v0x758c6c320_0;
    %store/vec4 v0x758c6c500_0, 0, 1;
    %end;
    .thread T_4;
    .scope S_0x100a48140;
T_5 ;
    %pushi/vec4 0, 0, 1;
    %store/vec4 v0x758c6c640_0, 0, 1;
    %pushi/vec4 1, 0, 1;
    %store/vec4 v0x758c6c3c0_0, 0, 1;
    %pushi/vec4 20000, 0, 64;
    %ix/vec4 4;
    %delayx 4;
    %load/vec4 v0x758c6c3c0_0;
    %store/vec4 v0x758c6c640_0, 0, 1;
    %end;
    .thread T_5;
    .scope S_0x100a48140;
T_6 ;
    %vpi_call 2 52 "$dumpfile", "t_LAB7_2.vcd" {0 0 0};
    %vpi_call 2 53 "$dumpvars", 32'sb00000000000000000000000000000000, S_0x100a48140 {0 0 0};
    %end;
    .thread T_6;
# The file index is used to find the file name in the following table.
:file_names 4;
    "N/A";
    "<interactive>";
    "數位系統實習/LAB7/LAB7_2/t_LAB7_2.v";
    "./數位系統實習/LAB7/LAB7_2/LAB7_2.v";
