#! /opt/homebrew/Cellar/icarus-verilog/12.0/bin/vvp
:ivl_version "12.0 (stable)";
:ivl_delay_selection "TYPICAL";
:vpi_time_precision + 0;
:vpi_module "/opt/homebrew/Cellar/icarus-verilog/12.0/lib/ivl/system.vpi";
:vpi_module "/opt/homebrew/Cellar/icarus-verilog/12.0/lib/ivl/vhdl_sys.vpi";
:vpi_module "/opt/homebrew/Cellar/icarus-verilog/12.0/lib/ivl/vhdl_textio.vpi";
:vpi_module "/opt/homebrew/Cellar/icarus-verilog/12.0/lib/ivl/v2005_math.vpi";
:vpi_module "/opt/homebrew/Cellar/icarus-verilog/12.0/lib/ivl/va_math.vpi";
S_0x102d305a0 .scope module, "Two_Stage_Pipeline_register" "Two_Stage_Pipeline_register" 2 1;
 .timescale 0 0;
    .port_info 0 /OUTPUT 1 "Clr_P1_P0";
    .port_info 1 /OUTPUT 1 "LD_P1_P0";
    .port_info 2 /OUTPUT 1 "LD_R0";
    .port_info 3 /INPUT 1 "EN";
    .port_info 4 /INPUT 1 "Ld";
    .port_info 5 /INPUT 1 "clk";
    .port_info 6 /INPUT 1 "rst";
P_0x102d385b0 .param/l "S_1" 0 2 2, C4<01>;
P_0x102d385f0 .param/l "S_full" 0 2 2, C4<10>;
P_0x102d38630 .param/l "S_idle" 0 2 2, C4<00>;
P_0x102d38670 .param/l "S_wait" 0 2 2, C4<11>;
v0x102d38770_0 .var "Clr_P1_P0", 0 0;
o0x774820040 .functor BUFZ 1, C4<z>; HiZ drive
v0x102d389c0_0 .net "EN", 0 0, o0x774820040;  0 drivers
v0x102d38a60_0 .var "LD_P1_P0", 0 0;
v0x102d38b20_0 .var "LD_R0", 0 0;
o0x7748200d0 .functor BUFZ 1, C4<z>; HiZ drive
v0x102d38bc0_0 .net "Ld", 0 0, o0x7748200d0;  0 drivers
o0x774820100 .functor BUFZ 1, C4<z>; HiZ drive
v0x102d38ca0_0 .net "clk", 0 0, o0x774820100;  0 drivers
v0x102d38d40_0 .var "next_state", 1 0;
o0x774820160 .functor BUFZ 1, C4<z>; HiZ drive
v0x102d38de0_0 .net "rst", 0 0, o0x774820160;  0 drivers
v0x102d38e80_0 .var "state", 1 0;
E_0x102d317d0 .event anyedge, v0x102d38bc0_0, v0x102d389c0_0, v0x102d38e80_0;
E_0x102d31d50 .event posedge, v0x102d38ca0_0;
    .scope S_0x102d305a0;
T_0 ;
    %wait E_0x102d31d50;
    %load/vec4 v0x102d38de0_0;
    %flag_set/vec4 8;
    %jmp/0xz  T_0.0, 8;
    %pushi/vec4 0, 0, 1;
    %assign/vec4 v0x102d38770_0, 0;
    %jmp T_0.1;
T_0.0 ;
    %load/vec4 v0x102d38d40_0;
    %assign/vec4 v0x102d38e80_0, 0;
T_0.1 ;
    %jmp T_0;
    .thread T_0;
    .scope S_0x102d305a0;
T_1 ;
    %wait E_0x102d317d0;
    %load/vec4 v0x102d38e80_0;
    %dup/vec4;
    %pushi/vec4 0, 0, 2;
    %cmp/u;
    %jmp/1 T_1.0, 6;
    %dup/vec4;
    %pushi/vec4 1, 0, 2;
    %cmp/u;
    %jmp/1 T_1.1, 6;
    %dup/vec4;
    %pushi/vec4 2, 0, 2;
    %cmp/u;
    %jmp/1 T_1.2, 6;
    %dup/vec4;
    %pushi/vec4 3, 0, 2;
    %cmp/u;
    %jmp/1 T_1.3, 6;
    %jmp T_1.4;
T_1.0 ;
    %load/vec4 v0x102d389c0_0;
    %flag_set/vec4 8;
    %jmp/0xz  T_1.5, 8;
    %pushi/vec4 1, 0, 2;
    %store/vec4 v0x102d38d40_0, 0, 2;
    %pushi/vec4 1, 0, 1;
    %store/vec4 v0x102d38a60_0, 0, 1;
    %jmp T_1.6;
T_1.5 ;
    %pushi/vec4 0, 0, 2;
    %store/vec4 v0x102d38d40_0, 0, 2;
T_1.6 ;
    %jmp T_1.4;
T_1.1 ;
    %pushi/vec4 2, 0, 2;
    %store/vec4 v0x102d38d40_0, 0, 2;
    %pushi/vec4 0, 0, 1;
    %store/vec4 v0x102d38a60_0, 0, 1;
    %jmp T_1.4;
T_1.2 ;
    %load/vec4 v0x102d38bc0_0;
    %nor/r;
    %flag_set/vec4 8;
    %jmp/0xz  T_1.7, 8;
    %pushi/vec4 3, 0, 2;
    %store/vec4 v0x102d38d40_0, 0, 2;
    %jmp T_1.8;
T_1.7 ;
    %pushi/vec4 1, 0, 1;
    %store/vec4 v0x102d38b20_0, 0, 1;
    %load/vec4 v0x102d389c0_0;
    %flag_set/vec4 8;
    %jmp/0xz  T_1.9, 8;
    %pushi/vec4 1, 0, 2;
    %store/vec4 v0x102d38d40_0, 0, 2;
    %pushi/vec4 1, 0, 1;
    %store/vec4 v0x102d38a60_0, 0, 1;
    %jmp T_1.10;
T_1.9 ;
    %pushi/vec4 0, 0, 2;
    %store/vec4 v0x102d38d40_0, 0, 2;
    %pushi/vec4 1, 0, 1;
    %store/vec4 v0x102d38770_0, 0, 1;
T_1.10 ;
T_1.8 ;
    %jmp T_1.4;
T_1.3 ;
    %load/vec4 v0x102d38bc0_0;
    %nor/r;
    %flag_set/vec4 8;
    %jmp/0xz  T_1.11, 8;
    %pushi/vec4 3, 0, 2;
    %store/vec4 v0x102d38d40_0, 0, 2;
    %jmp T_1.12;
T_1.11 ;
    %pushi/vec4 1, 0, 1;
    %store/vec4 v0x102d38b20_0, 0, 1;
    %load/vec4 v0x102d389c0_0;
    %flag_set/vec4 8;
    %jmp/0xz  T_1.13, 8;
    %pushi/vec4 1, 0, 2;
    %store/vec4 v0x102d38d40_0, 0, 2;
    %pushi/vec4 1, 0, 1;
    %store/vec4 v0x102d38a60_0, 0, 1;
    %jmp T_1.14;
T_1.13 ;
    %pushi/vec4 0, 0, 2;
    %store/vec4 v0x102d38d40_0, 0, 2;
    %pushi/vec4 1, 0, 1;
    %store/vec4 v0x102d38770_0, 0, 1;
T_1.14 ;
T_1.12 ;
    %jmp T_1.4;
T_1.4 ;
    %pop/vec4 1;
    %jmp T_1;
    .thread T_1, $push;
# The file index is used to find the file name in the following table.
:file_names 3;
    "N/A";
    "<interactive>";
    "數位系統設計/Two_Stage_Pipeline_register/Two_Stage_Pipeline_register.v";
