#! /opt/homebrew/Cellar/icarus-verilog/12.0/bin/vvp
:ivl_version "12.0 (stable)";
:ivl_delay_selection "TYPICAL";
:vpi_time_precision - 12;
:vpi_module "/opt/homebrew/Cellar/icarus-verilog/12.0/lib/ivl/system.vpi";
:vpi_module "/opt/homebrew/Cellar/icarus-verilog/12.0/lib/ivl/vhdl_sys.vpi";
:vpi_module "/opt/homebrew/Cellar/icarus-verilog/12.0/lib/ivl/vhdl_textio.vpi";
:vpi_module "/opt/homebrew/Cellar/icarus-verilog/12.0/lib/ivl/v2005_math.vpi";
:vpi_module "/opt/homebrew/Cellar/icarus-verilog/12.0/lib/ivl/va_math.vpi";
S_0x105182b30 .scope module, "t_LAB2_1" "t_LAB2_1" 2 4;
 .timescale -12 -12;
v0xbf145c3c0_0 .var "X1", 0 0;
v0xbf145c460_0 .var "X2", 0 0;
v0xbf145c500_0 .var "X3", 0 0;
v0xbf145c5a0_0 .var "X4", 0 0;
v0xbf145c640_0 .var/2u *"_ivl_0", 0 0; Local signal
v0xbf145c6e0_0 .var/2u *"_ivl_1", 0 0; Local signal
v0xbf145c780_0 .var/2u *"_ivl_2", 0 0; Local signal
v0xbf145c820_0 .var/2u *"_ivl_3", 0 0; Local signal
v0xbf145c8c0_0 .var/2u *"_ivl_4", 0 0; Local signal
v0xbf145c960_0 .net "f", 0 0, L_0x1051870e0;  1 drivers
v0xbf145ca00_0 .net "g", 0 0, L_0x105180da0;  1 drivers
v0xbf145caa0_0 .net "h", 0 0, L_0x105187070;  1 drivers
S_0x105182cb0 .scope module, "i1" "LAB2_1" 2 22, 3 1 0, S_0x105182b30;
 .timescale 0 0;
    .port_info 0 /INPUT 1 "X1";
    .port_info 1 /INPUT 1 "X2";
    .port_info 2 /INPUT 1 "X3";
    .port_info 3 /INPUT 1 "X4";
    .port_info 4 /OUTPUT 1 "g";
    .port_info 5 /OUTPUT 1 "f";
    .port_info 6 /OUTPUT 1 "h";
L_0x105187450 .functor AND 1, v0xbf145c3c0_0, v0xbf145c460_0, C4<1>, C4<1>;
L_0x105187790 .functor AND 1, v0xbf145c3c0_0, v0xbf145c460_0, C4<1>, C4<1>;
L_0x105187b10 .functor OR 1, v0xbf145c500_0, v0xbf145c5a0_0, C4<0>, C4<0>;
L_0x105181840 .functor OR 1, v0xbf145c500_0, v0xbf145c5a0_0, C4<0>, C4<0>;
L_0x105180da0 .functor OR 1, L_0x105187450, L_0x105187790, C4<0>, C4<0>;
L_0x105187070 .functor AND 1, L_0x105187b10, L_0x105181840, C4<1>, C4<1>;
L_0x1051870e0 .functor AND 1, L_0x105180da0, L_0x105187070, C4<1>, C4<1>;
v0x105187a70_0 .net "X1", 0 0, v0xbf145c3c0_0;  1 drivers
v0x1051876f0_0 .net "X2", 0 0, v0xbf145c460_0;  1 drivers
v0x1051873b0_0 .net "X3", 0 0, v0xbf145c500_0;  1 drivers
v0x1051884a0_0 .net "X4", 0 0, v0xbf145c5a0_0;  1 drivers
v0x105188130_0 .net "f", 0 0, L_0x1051870e0;  alias, 1 drivers
v0xbf145c000_0 .net "g", 0 0, L_0x105180da0;  alias, 1 drivers
v0xbf145c0a0_0 .net "h", 0 0, L_0x105187070;  alias, 1 drivers
v0xbf145c140_0 .net "w1", 0 0, L_0x105187450;  1 drivers
v0xbf145c1e0_0 .net "w2", 0 0, L_0x105187790;  1 drivers
v0xbf145c280_0 .net "w3", 0 0, L_0x105187b10;  1 drivers
v0xbf145c320_0 .net "w4", 0 0, L_0x105181840;  1 drivers
    .scope S_0x105182b30;
T_0 ;
    %vpi_call 2 17 "$dumpfile", "t_LAB2_1.vcd" {0 0 0};
    %vpi_call 2 18 "$dumpvars", 32'sb00000000000000000000000000000000, S_0x105182b30 {0 0 0};
    %end;
    .thread T_0;
    .scope S_0x105182b30;
T_1 ;
    %delay 110000, 0;
    %vpi_call 2 34 "$finish" {0 0 0};
    %end;
    .thread T_1;
    .scope S_0x105182b30;
T_2 ;
    %pushi/vec4 0, 0, 1;
    %store/vec4 v0xbf145c3c0_0, 0, 1;
    %pushi/vec4 1, 0, 1;
    %store/vec4 v0xbf145c640_0, 0, 1;
    %pushi/vec4 40000, 0, 64;
    %ix/vec4 4;
    %delayx 4;
    %load/vec4 v0xbf145c640_0;
    %store/vec4 v0xbf145c3c0_0, 0, 1;
    %pushi/vec4 0, 0, 1;
    %store/vec4 v0xbf145c6e0_0, 0, 1;
    %pushi/vec4 40000, 0, 64;
    %ix/vec4 4;
    %delayx 4;
    %load/vec4 v0xbf145c6e0_0;
    %store/vec4 v0xbf145c3c0_0, 0, 1;
    %end;
    .thread T_2;
    .scope S_0x105182b30;
T_3 ;
    %pushi/vec4 2, 0, 32;
T_3.0 %dup/vec4;
    %pushi/vec4 0, 0, 32;
    %cmp/s;
    %jmp/1xz T_3.1, 5;
    %jmp/1 T_3.1, 4;
    %pushi/vec4 1, 0, 32;
    %sub;
    %pushi/vec4 0, 0, 1;
    %store/vec4 v0xbf145c460_0, 0, 1;
    %pushi/vec4 1, 0, 1;
    %store/vec4 v0xbf145c780_0, 0, 1;
    %pushi/vec4 20000, 0, 64;
    %ix/vec4 4;
    %delayx 4;
    %load/vec4 v0xbf145c780_0;
    %store/vec4 v0xbf145c460_0, 0, 1;
    %delay 20000, 0;
    %jmp T_3.0;
T_3.1 ;
    %pop/vec4 1;
    %pushi/vec4 0, 0, 1;
    %store/vec4 v0xbf145c460_0, 0, 1;
    %end;
    .thread T_3;
    .scope S_0x105182b30;
T_4 ;
    %pushi/vec4 4, 0, 32;
T_4.0 %dup/vec4;
    %pushi/vec4 0, 0, 32;
    %cmp/s;
    %jmp/1xz T_4.1, 5;
    %jmp/1 T_4.1, 4;
    %pushi/vec4 1, 0, 32;
    %sub;
    %pushi/vec4 0, 0, 1;
    %store/vec4 v0xbf145c500_0, 0, 1;
    %pushi/vec4 1, 0, 1;
    %store/vec4 v0xbf145c820_0, 0, 1;
    %pushi/vec4 10000, 0, 64;
    %ix/vec4 4;
    %delayx 4;
    %load/vec4 v0xbf145c820_0;
    %store/vec4 v0xbf145c500_0, 0, 1;
    %delay 10000, 0;
    %jmp T_4.0;
T_4.1 ;
    %pop/vec4 1;
    %pushi/vec4 0, 0, 1;
    %store/vec4 v0xbf145c500_0, 0, 1;
    %end;
    .thread T_4;
    .scope S_0x105182b30;
T_5 ;
    %pushi/vec4 8, 0, 32;
T_5.0 %dup/vec4;
    %pushi/vec4 0, 0, 32;
    %cmp/s;
    %jmp/1xz T_5.1, 5;
    %jmp/1 T_5.1, 4;
    %pushi/vec4 1, 0, 32;
    %sub;
    %pushi/vec4 0, 0, 1;
    %store/vec4 v0xbf145c5a0_0, 0, 1;
    %pushi/vec4 1, 0, 1;
    %store/vec4 v0xbf145c8c0_0, 0, 1;
    %pushi/vec4 5000, 0, 64;
    %ix/vec4 4;
    %delayx 4;
    %load/vec4 v0xbf145c8c0_0;
    %store/vec4 v0xbf145c5a0_0, 0, 1;
    %delay 5000, 0;
    %jmp T_5.0;
T_5.1 ;
    %pop/vec4 1;
    %pushi/vec4 0, 0, 1;
    %store/vec4 v0xbf145c5a0_0, 0, 1;
    %end;
    .thread T_5;
# The file index is used to find the file name in the following table.
:file_names 4;
    "N/A";
    "<interactive>";
    "t_LAB2_1.v";
    "./LAB2_1.v";
