#! /opt/homebrew/Cellar/icarus-verilog/11.0/bin/vvp
:ivl_version "11.0 (stable)";
:ivl_delay_selection "TYPICAL";
:vpi_time_precision + 0;
:vpi_module "/opt/homebrew/Cellar/icarus-verilog/11.0/lib/ivl/system.vpi";
:vpi_module "/opt/homebrew/Cellar/icarus-verilog/11.0/lib/ivl/vhdl_sys.vpi";
:vpi_module "/opt/homebrew/Cellar/icarus-verilog/11.0/lib/ivl/vhdl_textio.vpi";
:vpi_module "/opt/homebrew/Cellar/icarus-verilog/11.0/lib/ivl/v2005_math.vpi";
:vpi_module "/opt/homebrew/Cellar/icarus-verilog/11.0/lib/ivl/va_math.vpi";
S_0x13f006340 .scope module, "test" "test" 2 14;
 .timescale 0 0;
v0x13f0169e0_0 .var "clk", 0 0;
v0x13f016a80_0 .var "reset", 0 0;
v0x13f016b30_0 .net "signal", 3 0, v0x13f016820_0;  1 drivers
S_0x13f0064b0 .scope module, "M0" "Question7" 2 17, 2 1 0, S_0x13f006340;
 .timescale 0 0;
    .port_info 0 /OUTPUT 4 "signal";
    .port_info 1 /INPUT 1 "clk";
    .port_info 2 /INPUT 1 "reset";
v0x13f0066d0_0 .net "clk", 0 0, v0x13f0169e0_0;  1 drivers
v0x13f016780_0 .net "reset", 0 0, v0x13f016a80_0;  1 drivers
v0x13f016820_0 .var "signal", 3 0;
v0x13f0168e0_0 .var "state", 1 0;
E_0x13f005e10 .event edge, v0x13f0168e0_0;
E_0x13f0061f0/0 .event negedge, v0x13f016780_0;
E_0x13f0061f0/1 .event posedge, v0x13f0066d0_0;
E_0x13f0061f0 .event/or E_0x13f0061f0/0, E_0x13f0061f0/1;
    .scope S_0x13f0064b0;
T_0 ;
    %wait E_0x13f0061f0;
    %load/vec4 v0x13f016780_0;
    %cmpi/e 0, 0, 1;
    %jmp/0xz  T_0.0, 4;
    %pushi/vec4 0, 0, 2;
    %assign/vec4 v0x13f0168e0_0, 0;
    %jmp T_0.1;
T_0.0 ;
    %load/vec4 v0x13f0168e0_0;
    %addi 1, 0, 2;
    %assign/vec4 v0x13f0168e0_0, 0;
T_0.1 ;
    %jmp T_0;
    .thread T_0;
    .scope S_0x13f0064b0;
T_1 ;
    %wait E_0x13f005e10;
    %load/vec4 v0x13f0168e0_0;
    %dup/vec4;
    %pushi/vec4 0, 0, 2;
    %cmp/u;
    %jmp/1 T_1.0, 6;
    %dup/vec4;
    %pushi/vec4 1, 0, 2;
    %cmp/u;
    %jmp/1 T_1.1, 6;
    %dup/vec4;
    %pushi/vec4 2, 0, 2;
    %cmp/u;
    %jmp/1 T_1.2, 6;
    %dup/vec4;
    %pushi/vec4 3, 0, 2;
    %cmp/u;
    %jmp/1 T_1.3, 6;
    %pushi/vec4 8, 0, 4;
    %assign/vec4 v0x13f016820_0, 0;
    %jmp T_1.5;
T_1.0 ;
    %pushi/vec4 8, 0, 4;
    %assign/vec4 v0x13f016820_0, 0;
    %jmp T_1.5;
T_1.1 ;
    %pushi/vec4 4, 0, 4;
    %assign/vec4 v0x13f016820_0, 0;
    %jmp T_1.5;
T_1.2 ;
    %pushi/vec4 2, 0, 4;
    %assign/vec4 v0x13f016820_0, 0;
    %jmp T_1.5;
T_1.3 ;
    %pushi/vec4 1, 0, 4;
    %assign/vec4 v0x13f016820_0, 0;
    %jmp T_1.5;
T_1.5 ;
    %pop/vec4 1;
    %jmp T_1;
    .thread T_1, $push;
    .scope S_0x13f006340;
T_2 ;
    %delay 150, 0;
    %vpi_call 2 18 "$finish" {0 0 0};
    %end;
    .thread T_2;
    .scope S_0x13f006340;
T_3 ;
    %pushi/vec4 1, 0, 1;
    %store/vec4 v0x13f0169e0_0, 0, 1;
T_3.0 ;
    %delay 5, 0;
    %load/vec4 v0x13f0169e0_0;
    %nor/r;
    %store/vec4 v0x13f0169e0_0, 0, 1;
    %jmp T_3.0;
    %end;
    .thread T_3;
    .scope S_0x13f006340;
T_4 ;
    %fork t_1, S_0x13f006340;
    %fork t_2, S_0x13f006340;
    %fork t_3, S_0x13f006340;
    %fork t_4, S_0x13f006340;
    %join;
    %join;
    %join;
    %join;
    %jmp t_0;
t_1 ;
    %delay 1, 0;
    %pushi/vec4 0, 0, 1;
    %store/vec4 v0x13f016a80_0, 0, 1;
    %end;
t_2 ;
    %delay 7, 0;
    %pushi/vec4 1, 0, 1;
    %store/vec4 v0x13f016a80_0, 0, 1;
    %end;
t_3 ;
    %vpi_call 2 20 "$dumpfile", "dump.vcd" {0 0 0};
    %end;
t_4 ;
    %vpi_call 2 20 "$dumpvars", 32'sb00000000000000000000000000000000, S_0x13f006340 {0 0 0};
    %end;
    .scope S_0x13f006340;
t_0 ;
    %end;
    .thread T_4;
# The file index is used to find the file name in the following table.
:file_names 3;
    "N/A";
    "<interactive>";
    "Question7.v";
