#! /c/iverilog/bin/vvp
:ivl_version "0.9.7 " "(v0_9_7)";
:vpi_time_precision + 0;
:vpi_module "system";
:vpi_module "v2005_math";
:vpi_module "va_math";
S_009629B0 .scope module, "t_shiftregister" "t_shiftregister" 2 25;
 .timescale 0 0;
RS_0097619C .resolv tri, L_009A3EB8, L_009A4120, L_009A4178, L_009A43E0;
v009A3938_0 .net8 "A_par", 3 0, RS_0097619C; 4 drivers
v009A3990_0 .var "CLK", 0 0;
v009A3B48_0 .var "Clear_b", 0 0;
v009A3570_0 .var "In_par", 3 0;
v009A3DB0_0 .var "LSB_in", 0 0;
v009A3E08_0 .var "MSB_in", 0 0;
v009A3E60_0 .var "s", 1 0;
L_009A3EB8 .part/pv v009A3518_0, 3, 1, 4;
L_009A4120 .part/pv v009715C0_0, 2, 1, 4;
L_009A4178 .part/pv v00971510_0, 1, 1, 4;
L_009A43E0 .part/pv v00971358_0, 0, 1, 4;
L_009A40C8 .part v009A3570_0, 3, 1;
L_009A4388 .part v009A3570_0, 2, 1;
L_009A42D8 .part v009A3570_0, 1, 1;
L_009A41D0 .part v009A3570_0, 0, 1;
L_009A4330 .part v009A3E60_0, 0, 1;
L_009A4228 .part v009A3E60_0, 1, 1;
S_00962E78 .scope module, "M0" "shiftregister" 2 31, 2 1, S_009629B0;
 .timescale 0 0;
v009A3728_0 .net "A0", 0 0, v00971358_0; 1 drivers
v009A3780_0 .net "A1", 0 0, v00971510_0; 1 drivers
v009A3BA0_0 .net "A2", 0 0, v009715C0_0; 1 drivers
v009A39E8_0 .net "A3", 0 0, v009A3518_0; 1 drivers
v009A35C8_0 .net "I0", 0 0, L_009A41D0; 1 drivers
v009A3468_0 .net "I1", 0 0, L_009A42D8; 1 drivers
v009A3BF8_0 .net "I2", 0 0, L_009A4388; 1 drivers
v009A37D8_0 .net "I3", 0 0, L_009A40C8; 1 drivers
v009A38E0_0 .net "S0", 0 0, L_009A4330; 1 drivers
v009A3AF0_0 .net "S1", 0 0, L_009A4228; 1 drivers
v009A3888_0 .net "clear", 0 0, v009A3B48_0; 1 drivers
v009A3F10_0 .net "clk", 0 0, v009A3990_0; 1 drivers
v009A3830_0 .net "shift_left", 0 0, v009A3DB0_0; 1 drivers
v009A3D00_0 .net "shift_right", 0 0, v009A3E08_0; 1 drivers
v009A3620_0 .net "y0", 0 0, v012AA788_0; 1 drivers
v009A3C50_0 .net "y1", 0 0, v00973D88_0; 1 drivers
v009A34C0_0 .net "y2", 0 0, v00971618_0; 1 drivers
v009A3CA8_0 .net "y3", 0 0, v009713B0_0; 1 drivers
S_00963AB0 .scope module, "M0" "DFF" 2 2, 2 11, S_00962E78;
 .timescale 0 0;
v009A36D0_0 .alias "D", 0 0, v009A3CA8_0;
v009A3518_0 .var "Q", 0 0;
v009A3A98_0 .alias "clear", 0 0, v009A3888_0;
v009A3D58_0 .alias "clock", 0 0, v009A3F10_0;
S_009636F8 .scope module, "M1" "DFF" 2 3, 2 11, S_00962E78;
 .timescale 0 0;
v00971250_0 .alias "D", 0 0, v009A34C0_0;
v009715C0_0 .var "Q", 0 0;
v009A3A40_0 .alias "clear", 0 0, v009A3888_0;
v009A3678_0 .alias "clock", 0 0, v009A3F10_0;
S_00963CD0 .scope module, "M2" "DFF" 2 4, 2 11, S_00962E78;
 .timescale 0 0;
v00971098_0 .alias "D", 0 0, v009A3C50_0;
v00971510_0 .var "Q", 0 0;
v00971568_0 .alias "clear", 0 0, v009A3888_0;
v009711F8_0 .alias "clock", 0 0, v009A3F10_0;
S_00963EF0 .scope module, "M3" "DFF" 2 5, 2 11, S_00962E78;
 .timescale 0 0;
v00971460_0 .alias "D", 0 0, v009A3620_0;
v00971358_0 .var "Q", 0 0;
v00971778_0 .alias "clear", 0 0, v009A3888_0;
v009714B8_0 .alias "clock", 0 0, v009A3F10_0;
E_00968EA8/0 .event negedge, v00971778_0;
E_00968EA8/1 .event posedge, v009714B8_0;
E_00968EA8 .event/or E_00968EA8/0, E_00968EA8/1;
S_00963D58 .scope module, "M4" "MUX4x1" 2 6, 2 16, S_00962E78;
 .timescale 0 0;
v00971040_0 .alias "I0", 0 0, v009A39E8_0;
v00971300_0 .alias "I1", 0 0, v009A3D00_0;
v00971670_0 .alias "I2", 0 0, v009A3BA0_0;
v00971408_0 .alias "I3", 0 0, v009A37D8_0;
v00971720_0 .alias "S0", 0 0, v009A38E0_0;
v009711A0_0 .alias "S1", 0 0, v009A3AF0_0;
v009713B0_0 .var "y", 0 0;
E_00968C08/0 .event edge, v00973E38_0, v00971300_0, v0096A628_0, v00971408_0;
E_00968C08/1 .event edge, v012AA730_0, v012A9E88_0;
E_00968C08 .event/or E_00968C08/0, E_00968C08/1;
S_00962C58 .scope module, "M5" "MUX4x1" 2 7, 2 16, S_00962E78;
 .timescale 0 0;
v00973DE0_0 .alias "I0", 0 0, v009A3BA0_0;
v00973E38_0 .alias "I1", 0 0, v009A39E8_0;
v009710F0_0 .alias "I2", 0 0, v009A3780_0;
v009716C8_0 .alias "I3", 0 0, v009A3BF8_0;
v00971148_0 .alias "S0", 0 0, v009A38E0_0;
v009712A8_0 .alias "S1", 0 0, v009A3AF0_0;
v00971618_0 .var "y", 0 0;
E_00968DE8/0 .event edge, v0096A628_0, v00973E38_0, v012A9CE0_0, v009716C8_0;
E_00968DE8/1 .event edge, v012AA730_0, v012A9E88_0;
E_00968DE8 .event/or E_00968DE8/0, E_00968DE8/1;
S_00962BD0 .scope module, "M6" "MUX4x1" 2 8, 2 16, S_00962E78;
 .timescale 0 0;
v0096A5D0_0 .alias "I0", 0 0, v009A3780_0;
v0096A628_0 .alias "I1", 0 0, v009A3BA0_0;
v0096A680_0 .alias "I2", 0 0, v009A3728_0;
v012AC380_0 .alias "I3", 0 0, v009A3468_0;
v012AC3D8_0 .alias "S0", 0 0, v009A38E0_0;
v012AC430_0 .alias "S1", 0 0, v009A3AF0_0;
v00973D88_0 .var "y", 0 0;
E_00968BE8/0 .event edge, v012A9CE0_0, v0096A628_0, v00975340_0, v012AC380_0;
E_00968BE8/1 .event edge, v012AA730_0, v012A9E88_0;
E_00968BE8 .event/or E_00968BE8/0, E_00968BE8/1;
S_00962AC0 .scope module, "M7" "MUX4x1" 2 9, 2 16, S_00962E78;
 .timescale 0 0;
v00975340_0 .alias "I0", 0 0, v009A3728_0;
v012A9CE0_0 .alias "I1", 0 0, v009A3780_0;
v012A9D38_0 .alias "I2", 0 0, v009A3830_0;
v012A9E30_0 .alias "I3", 0 0, v009A35C8_0;
v012A9E88_0 .alias "S0", 0 0, v009A38E0_0;
v012AA730_0 .alias "S1", 0 0, v009A3AF0_0;
v012AA788_0 .var "y", 0 0;
E_00968BA8/0 .event edge, v00975340_0, v012A9CE0_0, v012A9D38_0, v012A9E30_0;
E_00968BA8/1 .event edge, v012AA730_0, v012A9E88_0;
E_00968BA8 .event/or E_00968BA8/0, E_00968BA8/1;
    .scope S_00963AB0;
T_0 ;
    %wait E_00968EA8;
    %load/v 8, v009A3A98_0, 1;
    %cmpi/u 8, 0, 1;
    %jmp/0xz  T_0.0, 4;
    %ix/load 0, 1, 0;
    %assign/v0 v009A3518_0, 0, 0;
    %jmp T_0.1;
T_0.0 ;
    %load/v 8, v009A36D0_0, 1;
    %ix/load 0, 1, 0;
    %assign/v0 v009A3518_0, 0, 8;
T_0.1 ;
    %jmp T_0;
    .thread T_0;
    .scope S_009636F8;
T_1 ;
    %wait E_00968EA8;
    %load/v 8, v009A3A40_0, 1;
    %cmpi/u 8, 0, 1;
    %jmp/0xz  T_1.0, 4;
    %ix/load 0, 1, 0;
    %assign/v0 v009715C0_0, 0, 0;
    %jmp T_1.1;
T_1.0 ;
    %load/v 8, v00971250_0, 1;
    %ix/load 0, 1, 0;
    %assign/v0 v009715C0_0, 0, 8;
T_1.1 ;
    %jmp T_1;
    .thread T_1;
    .scope S_00963CD0;
T_2 ;
    %wait E_00968EA8;
    %load/v 8, v00971568_0, 1;
    %cmpi/u 8, 0, 1;
    %jmp/0xz  T_2.0, 4;
    %ix/load 0, 1, 0;
    %assign/v0 v00971510_0, 0, 0;
    %jmp T_2.1;
T_2.0 ;
    %load/v 8, v00971098_0, 1;
    %ix/load 0, 1, 0;
    %assign/v0 v00971510_0, 0, 8;
T_2.1 ;
    %jmp T_2;
    .thread T_2;
    .scope S_00963EF0;
T_3 ;
    %wait E_00968EA8;
    %load/v 8, v00971778_0, 1;
    %cmpi/u 8, 0, 1;
    %jmp/0xz  T_3.0, 4;
    %ix/load 0, 1, 0;
    %assign/v0 v00971358_0, 0, 0;
    %jmp T_3.1;
T_3.0 ;
    %load/v 8, v00971460_0, 1;
    %ix/load 0, 1, 0;
    %assign/v0 v00971358_0, 0, 8;
T_3.1 ;
    %jmp T_3;
    .thread T_3;
    .scope S_00963D58;
T_4 ;
    %wait E_00968C08;
    %load/v 8, v009711A0_0, 1;
    %load/v 9, v00971720_0, 1;
    %cmpi/u 8, 0, 2;
    %jmp/1 T_4.0, 6;
    %cmpi/u 8, 1, 2;
    %jmp/1 T_4.1, 6;
    %cmpi/u 8, 2, 2;
    %jmp/1 T_4.2, 6;
    %cmpi/u 8, 3, 2;
    %jmp/1 T_4.3, 6;
    %jmp T_4.4;
T_4.0 ;
    %load/v 8, v00971040_0, 1;
    %ix/load 0, 1, 0;
    %assign/v0 v009713B0_0, 0, 8;
    %jmp T_4.4;
T_4.1 ;
    %load/v 8, v00971300_0, 1;
    %ix/load 0, 1, 0;
    %assign/v0 v009713B0_0, 0, 8;
    %jmp T_4.4;
T_4.2 ;
    %load/v 8, v00971670_0, 1;
    %ix/load 0, 1, 0;
    %assign/v0 v009713B0_0, 0, 8;
    %jmp T_4.4;
T_4.3 ;
    %load/v 8, v00971408_0, 1;
    %ix/load 0, 1, 0;
    %assign/v0 v009713B0_0, 0, 8;
    %jmp T_4.4;
T_4.4 ;
    %jmp T_4;
    .thread T_4, $push;
    .scope S_00962C58;
T_5 ;
    %wait E_00968DE8;
    %load/v 8, v009712A8_0, 1;
    %load/v 9, v00971148_0, 1;
    %cmpi/u 8, 0, 2;
    %jmp/1 T_5.0, 6;
    %cmpi/u 8, 1, 2;
    %jmp/1 T_5.1, 6;
    %cmpi/u 8, 2, 2;
    %jmp/1 T_5.2, 6;
    %cmpi/u 8, 3, 2;
    %jmp/1 T_5.3, 6;
    %jmp T_5.4;
T_5.0 ;
    %load/v 8, v00973DE0_0, 1;
    %ix/load 0, 1, 0;
    %assign/v0 v00971618_0, 0, 8;
    %jmp T_5.4;
T_5.1 ;
    %load/v 8, v00973E38_0, 1;
    %ix/load 0, 1, 0;
    %assign/v0 v00971618_0, 0, 8;
    %jmp T_5.4;
T_5.2 ;
    %load/v 8, v009710F0_0, 1;
    %ix/load 0, 1, 0;
    %assign/v0 v00971618_0, 0, 8;
    %jmp T_5.4;
T_5.3 ;
    %load/v 8, v009716C8_0, 1;
    %ix/load 0, 1, 0;
    %assign/v0 v00971618_0, 0, 8;
    %jmp T_5.4;
T_5.4 ;
    %jmp T_5;
    .thread T_5, $push;
    .scope S_00962BD0;
T_6 ;
    %wait E_00968BE8;
    %load/v 8, v012AC430_0, 1;
    %load/v 9, v012AC3D8_0, 1;
    %cmpi/u 8, 0, 2;
    %jmp/1 T_6.0, 6;
    %cmpi/u 8, 1, 2;
    %jmp/1 T_6.1, 6;
    %cmpi/u 8, 2, 2;
    %jmp/1 T_6.2, 6;
    %cmpi/u 8, 3, 2;
    %jmp/1 T_6.3, 6;
    %jmp T_6.4;
T_6.0 ;
    %load/v 8, v0096A5D0_0, 1;
    %ix/load 0, 1, 0;
    %assign/v0 v00973D88_0, 0, 8;
    %jmp T_6.4;
T_6.1 ;
    %load/v 8, v0096A628_0, 1;
    %ix/load 0, 1, 0;
    %assign/v0 v00973D88_0, 0, 8;
    %jmp T_6.4;
T_6.2 ;
    %load/v 8, v0096A680_0, 1;
    %ix/load 0, 1, 0;
    %assign/v0 v00973D88_0, 0, 8;
    %jmp T_6.4;
T_6.3 ;
    %load/v 8, v012AC380_0, 1;
    %ix/load 0, 1, 0;
    %assign/v0 v00973D88_0, 0, 8;
    %jmp T_6.4;
T_6.4 ;
    %jmp T_6;
    .thread T_6, $push;
    .scope S_00962AC0;
T_7 ;
    %wait E_00968BA8;
    %load/v 8, v012AA730_0, 1;
    %load/v 9, v012A9E88_0, 1;
    %cmpi/u 8, 0, 2;
    %jmp/1 T_7.0, 6;
    %cmpi/u 8, 1, 2;
    %jmp/1 T_7.1, 6;
    %cmpi/u 8, 2, 2;
    %jmp/1 T_7.2, 6;
    %cmpi/u 8, 3, 2;
    %jmp/1 T_7.3, 6;
    %jmp T_7.4;
T_7.0 ;
    %load/v 8, v00975340_0, 1;
    %ix/load 0, 1, 0;
    %assign/v0 v012AA788_0, 0, 8;
    %jmp T_7.4;
T_7.1 ;
    %load/v 8, v012A9CE0_0, 1;
    %ix/load 0, 1, 0;
    %assign/v0 v012AA788_0, 0, 8;
    %jmp T_7.4;
T_7.2 ;
    %load/v 8, v012A9D38_0, 1;
    %ix/load 0, 1, 0;
    %assign/v0 v012AA788_0, 0, 8;
    %jmp T_7.4;
T_7.3 ;
    %load/v 8, v012A9E30_0, 1;
    %ix/load 0, 1, 0;
    %assign/v0 v012AA788_0, 0, 8;
    %jmp T_7.4;
T_7.4 ;
    %jmp T_7;
    .thread T_7, $push;
    .scope S_009629B0;
T_8 ;
    %delay 300, 0;
    %vpi_call 2 32 "$finish";
    %end;
    .thread T_8;
    .scope S_009629B0;
T_9 ;
    %set/v v009A3990_0, 0, 1;
T_9.0 ;
    %delay 5, 0;
    %load/v 8, v009A3990_0, 1;
    %inv 8, 1;
    %set/v v009A3990_0, 8, 1;
    %jmp T_9.0;
    %end;
    .thread T_9;
    .scope S_009629B0;
T_10 ;
    %fork t_1, S_009629B0;
    %fork t_2, S_009629B0;
    %fork t_3, S_009629B0;
    %fork t_4, S_009629B0;
    %fork t_5, S_009629B0;
    %fork t_6, S_009629B0;
    %fork t_7, S_009629B0;
    %fork t_8, S_009629B0;
    %fork t_9, S_009629B0;
    %fork t_10, S_009629B0;
    %fork t_11, S_009629B0;
    %fork t_12, S_009629B0;
    %fork t_13, S_009629B0;
    %fork t_14, S_009629B0;
    %fork t_15, S_009629B0;
    %fork t_16, S_009629B0;
    %fork t_17, S_009629B0;
    %fork t_18, S_009629B0;
    %fork t_19, S_009629B0;
    %vpi_call 2 54 "$dumpvars", 1'sb0, S_009629B0;
    %join;
    %join;
    %join;
    %join;
    %join;
    %join;
    %join;
    %join;
    %join;
    %join;
    %join;
    %join;
    %join;
    %join;
    %join;
    %join;
    %join;
    %join;
    %join;
    %jmp t_0;
t_1 ;
    %set/v v009A3B48_0, 0, 1;
    %end;
t_2 ;
    %movi 8, 10, 4;
    %set/v v009A3570_0, 8, 4;
    %end;
t_3 ;
    %set/v v009A3E08_0, 1, 1;
    %end;
t_4 ;
    %set/v v009A3DB0_0, 0, 1;
    %end;
t_5 ;
    %ix/load 0, 1, 0;
    %set/x0 v009A3E60_0, 0, 1;
    %end;
t_6 ;
    %ix/load 0, 0, 0;
    %set/x0 v009A3E60_0, 0, 1;
    %end;
t_7 ;
    %delay 20, 0;
    %set/v v009A3B48_0, 1, 1;
    %end;
t_8 ;
    %delay 40, 0;
    %ix/load 0, 1, 0;
    %set/x0 v009A3E60_0, 1, 1;
    %ix/load 0, 0, 0;
    %set/x0 v009A3E60_0, 1, 1;
    %end;
t_9 ;
    %delay 60, 0;
    %set/v v009A3B48_0, 0, 1;
    %end;
t_10 ;
    %delay 80, 0;
    %set/v v009A3B48_0, 1, 1;
    %end;
t_11 ;
    %delay 90, 0;
    %ix/load 0, 1, 0;
    %set/x0 v009A3E60_0, 0, 1;
    %ix/load 0, 0, 0;
    %set/x0 v009A3E60_0, 0, 1;
    %end;
t_12 ;
    %delay 120, 0;
    %set/v v009A3B48_0, 0, 1;
    %end;
t_13 ;
    %delay 130, 0;
    %set/v v009A3B48_0, 1, 1;
    %end;
t_14 ;
    %delay 140, 0;
    %ix/load 0, 1, 0;
    %set/x0 v009A3E60_0, 0, 1;
    %ix/load 0, 0, 0;
    %set/x0 v009A3E60_0, 1, 1;
    %end;
t_15 ;
    %delay 170, 0;
    %ix/load 0, 1, 0;
    %set/x0 v009A3E60_0, 0, 1;
    %ix/load 0, 0, 0;
    %set/x0 v009A3E60_0, 0, 1;
    %end;
t_16 ;
    %delay 190, 0;
    %set/v v009A3B48_0, 0, 1;
    %ix/load 0, 1, 0;
    %set/x0 v009A3E60_0, 0, 1;
    %ix/load 0, 0, 0;
    %set/x0 v009A3E60_0, 0, 1;
    %end;
t_17 ;
    %delay 200, 0;
    %set/v v009A3B48_0, 1, 1;
    %ix/load 0, 1, 0;
    %set/x0 v009A3E60_0, 1, 1;
    %ix/load 0, 0, 0;
    %set/x0 v009A3E60_0, 0, 1;
    %end;
t_18 ;
    %delay 230, 0;
    %ix/load 0, 1, 0;
    %set/x0 v009A3E60_0, 0, 1;
    %ix/load 0, 0, 0;
    %set/x0 v009A3E60_0, 0, 1;
    %end;
t_19 ;
    %vpi_call 2 53 "$dumpfile", "dump.vcd";
    %end;
t_0 ;
    %end;
    .thread T_10;
# The file index is used to find the file name in the following table.
:file_names 3;
    "N/A";
    "<interactive>";
    "shift_register.v";
