#! /opt/homebrew/Cellar/icarus-verilog/12.0/bin/vvp
:ivl_version "12.0 (stable)";
:ivl_delay_selection "TYPICAL";
:vpi_time_precision + 0;
:vpi_module "/opt/homebrew/Cellar/icarus-verilog/12.0/lib/ivl/system.vpi";
:vpi_module "/opt/homebrew/Cellar/icarus-verilog/12.0/lib/ivl/vhdl_sys.vpi";
:vpi_module "/opt/homebrew/Cellar/icarus-verilog/12.0/lib/ivl/vhdl_textio.vpi";
:vpi_module "/opt/homebrew/Cellar/icarus-verilog/12.0/lib/ivl/v2005_math.vpi";
:vpi_module "/opt/homebrew/Cellar/icarus-verilog/12.0/lib/ivl/va_math.vpi";
S_0x13a604170 .scope module, "test" "test" 2 29;
 .timescale 0 0;
v0x13a616b20_0 .net "A", 3 0, L_0x13a6171f0;  1 drivers
v0x13a616be0_0 .net "B0", 0 0, v0x13a604850_0;  1 drivers
v0x13a616c80_0 .net "B1", 0 0, v0x13a614d80_0;  1 drivers
v0x13a616d50_0 .net "B2", 0 0, v0x13a6152b0_0;  1 drivers
v0x13a616e20_0 .net "B3", 0 0, v0x13a6157e0_0;  1 drivers
v0x13a616f30_0 .var "Down", 0 0;
v0x13a616fc0_0 .var "Up", 0 0;
v0x13a617050_0 .var "clk", 0 0;
v0x13a6170e0_0 .var "reset", 0 0;
L_0x13a6171f0 .concat [ 1 1 1 1], v0x13a604850_0, v0x13a614d80_0, v0x13a6152b0_0, v0x13a6157e0_0;
S_0x13a6042f0 .scope module, "M0" "exam6" 2 33, 2 1 0, S_0x13a604170;
 .timescale 0 0;
    .port_info 0 /OUTPUT 1 "A3";
    .port_info 1 /OUTPUT 1 "A2";
    .port_info 2 /OUTPUT 1 "A1";
    .port_info 3 /OUTPUT 1 "A0";
    .port_info 4 /INPUT 1 "Up";
    .port_info 5 /INPUT 1 "Down";
    .port_info 6 /INPUT 1 "clk";
    .port_info 7 /INPUT 1 "reset";
L_0x13a6172c0 .functor AND 1, L_0x13a617370, v0x13a616f30_0, C4<1>, C4<1>;
L_0x13a617490 .functor OR 1, v0x13a616fc0_0, L_0x13a6172c0, C4<0>, C4<0>;
L_0x13a617580 .functor AND 1, L_0x13a6175f0, L_0x13a6172c0, C4<1>, C4<1>;
L_0x13a617750 .functor AND 1, v0x13a604850_0, v0x13a616fc0_0, C4<1>, C4<1>;
L_0x13a617860 .functor OR 1, L_0x13a617580, L_0x13a617750, C4<0>, C4<0>;
L_0x13a617910 .functor AND 1, L_0x13a6179a0, L_0x13a617580, C4<1>, C4<1>;
L_0x13a617b00 .functor AND 1, v0x13a614d80_0, L_0x13a617750, C4<1>, C4<1>;
L_0x13a617b70 .functor OR 1, L_0x13a617910, L_0x13a617b00, C4<0>, C4<0>;
L_0x13a617ca0 .functor AND 1, L_0x13a617d60, L_0x13a617910, C4<1>, C4<1>;
L_0x13a617e80 .functor AND 1, v0x13a6152b0_0, L_0x13a617b00, C4<1>, C4<1>;
L_0x13a617f10 .functor OR 1, L_0x13a617ca0, L_0x13a617e80, C4<0>, C4<0>;
v0x13a615ac0_0 .net "A0", 0 0, v0x13a604850_0;  alias, 1 drivers
v0x13a615b60_0 .net "A1", 0 0, v0x13a614d80_0;  alias, 1 drivers
v0x13a615c10_0 .net "A2", 0 0, v0x13a6152b0_0;  alias, 1 drivers
v0x13a615ce0_0 .net "A3", 0 0, v0x13a6157e0_0;  alias, 1 drivers
v0x13a615d90_0 .net "Down", 0 0, v0x13a616f30_0;  1 drivers
v0x13a615e60_0 .net "Up", 0 0, v0x13a616fc0_0;  1 drivers
v0x13a615ef0_0 .net *"_ivl_11", 0 0, L_0x13a6179a0;  1 drivers
v0x13a615f80_0 .net *"_ivl_16", 0 0, L_0x13a617d60;  1 drivers
v0x13a616010_0 .net *"_ivl_2", 0 0, L_0x13a617370;  1 drivers
v0x13a616120_0 .net *"_ivl_6", 0 0, L_0x13a6175f0;  1 drivers
v0x13a6161b0_0 .net "clk", 0 0, v0x13a617050_0;  1 drivers
v0x13a6162c0_0 .net "reset", 0 0, v0x13a6170e0_0;  1 drivers
v0x13a6163d0_0 .net "w1", 0 0, L_0x13a6172c0;  1 drivers
v0x13a616460_0 .net "w10", 0 0, L_0x13a617e80;  1 drivers
v0x13a6164f0_0 .net "w11", 0 0, L_0x13a617f10;  1 drivers
v0x13a616580_0 .net "w2", 0 0, L_0x13a617490;  1 drivers
v0x13a616610_0 .net "w3", 0 0, L_0x13a617580;  1 drivers
v0x13a6167a0_0 .net "w4", 0 0, L_0x13a617750;  1 drivers
v0x13a616830_0 .net "w5", 0 0, L_0x13a617860;  1 drivers
v0x13a6168c0_0 .net "w6", 0 0, L_0x13a617910;  1 drivers
v0x13a616950_0 .net "w7", 0 0, L_0x13a617b00;  1 drivers
v0x13a6169e0_0 .net "w8", 0 0, L_0x13a617b70;  1 drivers
v0x13a616a70_0 .net "w9", 0 0, L_0x13a617ca0;  1 drivers
L_0x13a617370 .reduce/nor v0x13a616fc0_0;
L_0x13a6175f0 .reduce/nor v0x13a604850_0;
L_0x13a6179a0 .reduce/nor v0x13a614d80_0;
L_0x13a617d60 .reduce/nor v0x13a6152b0_0;
S_0x13a6045c0 .scope module, "M0" "TFF" 2 4, 2 18 0, S_0x13a6042f0;
 .timescale 0 0;
    .port_info 0 /OUTPUT 1 "Q";
    .port_info 1 /INPUT 1 "T";
    .port_info 2 /INPUT 1 "clk";
    .port_info 3 /INPUT 1 "reset";
v0x13a604850_0 .var "Q", 0 0;
v0x13a614900_0 .net "T", 0 0, L_0x13a617490;  alias, 1 drivers
v0x13a6149a0_0 .net "clk", 0 0, v0x13a617050_0;  alias, 1 drivers
v0x13a614a50_0 .net "reset", 0 0, v0x13a6170e0_0;  alias, 1 drivers
E_0x13a6047f0/0 .event negedge, v0x13a614a50_0;
E_0x13a6047f0/1 .event posedge, v0x13a6149a0_0;
E_0x13a6047f0 .event/or E_0x13a6047f0/0, E_0x13a6047f0/1;
S_0x13a614b50 .scope module, "M1" "TFF" 2 8, 2 18 0, S_0x13a6042f0;
 .timescale 0 0;
    .port_info 0 /OUTPUT 1 "Q";
    .port_info 1 /INPUT 1 "T";
    .port_info 2 /INPUT 1 "clk";
    .port_info 3 /INPUT 1 "reset";
v0x13a614d80_0 .var "Q", 0 0;
v0x13a614e20_0 .net "T", 0 0, L_0x13a617860;  alias, 1 drivers
v0x13a614ec0_0 .net "clk", 0 0, v0x13a617050_0;  alias, 1 drivers
v0x13a614f90_0 .net "reset", 0 0, v0x13a6170e0_0;  alias, 1 drivers
S_0x13a615070 .scope module, "M2" "TFF" 2 12, 2 18 0, S_0x13a6042f0;
 .timescale 0 0;
    .port_info 0 /OUTPUT 1 "Q";
    .port_info 1 /INPUT 1 "T";
    .port_info 2 /INPUT 1 "clk";
    .port_info 3 /INPUT 1 "reset";
v0x13a6152b0_0 .var "Q", 0 0;
v0x13a615350_0 .net "T", 0 0, L_0x13a617b70;  alias, 1 drivers
v0x13a6153f0_0 .net "clk", 0 0, v0x13a617050_0;  alias, 1 drivers
v0x13a6154e0_0 .net "reset", 0 0, v0x13a6170e0_0;  alias, 1 drivers
S_0x13a6155c0 .scope module, "M3" "TFF" 2 16, 2 18 0, S_0x13a6042f0;
 .timescale 0 0;
    .port_info 0 /OUTPUT 1 "Q";
    .port_info 1 /INPUT 1 "T";
    .port_info 2 /INPUT 1 "clk";
    .port_info 3 /INPUT 1 "reset";
v0x13a6157e0_0 .var "Q", 0 0;
v0x13a615890_0 .net "T", 0 0, L_0x13a617f10;  alias, 1 drivers
v0x13a615930_0 .net "clk", 0 0, v0x13a617050_0;  alias, 1 drivers
v0x13a6159e0_0 .net "reset", 0 0, v0x13a6170e0_0;  alias, 1 drivers
    .scope S_0x13a6045c0;
T_0 ;
    %wait E_0x13a6047f0;
    %load/vec4 v0x13a614a50_0;
    %cmpi/e 0, 0, 1;
    %jmp/0xz  T_0.0, 4;
    %pushi/vec4 0, 0, 1;
    %assign/vec4 v0x13a604850_0, 0;
    %jmp T_0.1;
T_0.0 ;
    %load/vec4 v0x13a614900_0;
    %dup/vec4;
    %pushi/vec4 1, 0, 1;
    %cmp/u;
    %jmp/1 T_0.2, 6;
    %dup/vec4;
    %pushi/vec4 0, 0, 1;
    %cmp/u;
    %jmp/1 T_0.3, 6;
    %jmp T_0.4;
T_0.2 ;
    %load/vec4 v0x13a604850_0;
    %nor/r;
    %assign/vec4 v0x13a604850_0, 0;
    %jmp T_0.4;
T_0.3 ;
    %load/vec4 v0x13a604850_0;
    %assign/vec4 v0x13a604850_0, 0;
    %jmp T_0.4;
T_0.4 ;
    %pop/vec4 1;
T_0.1 ;
    %jmp T_0;
    .thread T_0;
    .scope S_0x13a614b50;
T_1 ;
    %wait E_0x13a6047f0;
    %load/vec4 v0x13a614f90_0;
    %cmpi/e 0, 0, 1;
    %jmp/0xz  T_1.0, 4;
    %pushi/vec4 0, 0, 1;
    %assign/vec4 v0x13a614d80_0, 0;
    %jmp T_1.1;
T_1.0 ;
    %load/vec4 v0x13a614e20_0;
    %dup/vec4;
    %pushi/vec4 1, 0, 1;
    %cmp/u;
    %jmp/1 T_1.2, 6;
    %dup/vec4;
    %pushi/vec4 0, 0, 1;
    %cmp/u;
    %jmp/1 T_1.3, 6;
    %jmp T_1.4;
T_1.2 ;
    %load/vec4 v0x13a614d80_0;
    %nor/r;
    %assign/vec4 v0x13a614d80_0, 0;
    %jmp T_1.4;
T_1.3 ;
    %load/vec4 v0x13a614d80_0;
    %assign/vec4 v0x13a614d80_0, 0;
    %jmp T_1.4;
T_1.4 ;
    %pop/vec4 1;
T_1.1 ;
    %jmp T_1;
    .thread T_1;
    .scope S_0x13a615070;
T_2 ;
    %wait E_0x13a6047f0;
    %load/vec4 v0x13a6154e0_0;
    %cmpi/e 0, 0, 1;
    %jmp/0xz  T_2.0, 4;
    %pushi/vec4 0, 0, 1;
    %assign/vec4 v0x13a6152b0_0, 0;
    %jmp T_2.1;
T_2.0 ;
    %load/vec4 v0x13a615350_0;
    %dup/vec4;
    %pushi/vec4 1, 0, 1;
    %cmp/u;
    %jmp/1 T_2.2, 6;
    %dup/vec4;
    %pushi/vec4 0, 0, 1;
    %cmp/u;
    %jmp/1 T_2.3, 6;
    %jmp T_2.4;
T_2.2 ;
    %load/vec4 v0x13a6152b0_0;
    %nor/r;
    %assign/vec4 v0x13a6152b0_0, 0;
    %jmp T_2.4;
T_2.3 ;
    %load/vec4 v0x13a6152b0_0;
    %assign/vec4 v0x13a6152b0_0, 0;
    %jmp T_2.4;
T_2.4 ;
    %pop/vec4 1;
T_2.1 ;
    %jmp T_2;
    .thread T_2;
    .scope S_0x13a6155c0;
T_3 ;
    %wait E_0x13a6047f0;
    %load/vec4 v0x13a6159e0_0;
    %cmpi/e 0, 0, 1;
    %jmp/0xz  T_3.0, 4;
    %pushi/vec4 0, 0, 1;
    %assign/vec4 v0x13a6157e0_0, 0;
    %jmp T_3.1;
T_3.0 ;
    %load/vec4 v0x13a615890_0;
    %dup/vec4;
    %pushi/vec4 1, 0, 1;
    %cmp/u;
    %jmp/1 T_3.2, 6;
    %dup/vec4;
    %pushi/vec4 0, 0, 1;
    %cmp/u;
    %jmp/1 T_3.3, 6;
    %jmp T_3.4;
T_3.2 ;
    %load/vec4 v0x13a6157e0_0;
    %nor/r;
    %assign/vec4 v0x13a6157e0_0, 0;
    %jmp T_3.4;
T_3.3 ;
    %load/vec4 v0x13a6157e0_0;
    %assign/vec4 v0x13a6157e0_0, 0;
    %jmp T_3.4;
T_3.4 ;
    %pop/vec4 1;
T_3.1 ;
    %jmp T_3;
    .thread T_3;
    .scope S_0x13a604170;
T_4 ;
    %delay 300, 0;
    %vpi_call 2 34 "$finish" {0 0 0};
    %end;
    .thread T_4;
    .scope S_0x13a604170;
T_5 ;
    %pushi/vec4 1, 0, 1;
    %store/vec4 v0x13a617050_0, 0, 1;
T_5.0 ;
    %delay 5, 0;
    %load/vec4 v0x13a617050_0;
    %inv;
    %store/vec4 v0x13a617050_0, 0, 1;
    %jmp T_5.0;
    %end;
    .thread T_5;
    .scope S_0x13a604170;
T_6 ;
    %fork t_1, S_0x13a604170;
    %fork t_2, S_0x13a604170;
    %join;
    %join;
    %jmp t_0;
t_1 ;
    %delay 10, 0;
    %pushi/vec4 0, 0, 1;
    %store/vec4 v0x13a6170e0_0, 0, 1;
    %end;
t_2 ;
    %delay 20, 0;
    %pushi/vec4 1, 0, 1;
    %store/vec4 v0x13a6170e0_0, 0, 1;
    %end;
    .scope S_0x13a604170;
t_0 ;
    %end;
    .thread T_6;
    .scope S_0x13a604170;
T_7 ;
    %fork t_4, S_0x13a604170;
    %fork t_5, S_0x13a604170;
    %fork t_6, S_0x13a604170;
    %fork t_7, S_0x13a604170;
    %fork t_8, S_0x13a604170;
    %fork t_9, S_0x13a604170;
    %fork t_10, S_0x13a604170;
    %fork t_11, S_0x13a604170;
    %join;
    %join;
    %join;
    %join;
    %join;
    %join;
    %join;
    %join;
    %jmp t_3;
t_4 ;
    %pushi/vec4 0, 0, 1;
    %store/vec4 v0x13a616f30_0, 0, 1;
    %end;
t_5 ;
    %pushi/vec4 0, 0, 1;
    %store/vec4 v0x13a616fc0_0, 0, 1;
    %end;
t_6 ;
    %delay 40, 0;
    %pushi/vec4 1, 0, 1;
    %store/vec4 v0x13a616fc0_0, 0, 1;
    %end;
t_7 ;
    %delay 150, 0;
    %pushi/vec4 1, 0, 1;
    %store/vec4 v0x13a616f30_0, 0, 1;
    %end;
t_8 ;
    %delay 200, 0;
    %pushi/vec4 0, 0, 1;
    %store/vec4 v0x13a616fc0_0, 0, 1;
    %end;
t_9 ;
    %delay 250, 0;
    %pushi/vec4 0, 0, 1;
    %store/vec4 v0x13a616f30_0, 0, 1;
    %end;
t_10 ;
    %vpi_call 2 38 "$dumpfile", "exam.vcd" {0 0 0};
    %end;
t_11 ;
    %vpi_call 2 39 "$dumpvars", 32'sb00000000000000000000000000000000, S_0x13a604170 {0 0 0};
    %end;
    .scope S_0x13a604170;
t_3 ;
    %end;
    .thread T_7;
# The file index is used to find the file name in the following table.
:file_names 3;
    "N/A";
    "<interactive>";
    "2nd_exam.v";
