#! /c/iverilog/bin/vvp
:ivl_version "0.9.7 " "(v0_9_7)";
:vpi_time_precision + 0;
:vpi_module "system";
:vpi_module "v2005_math";
:vpi_module "va_math";
S_010B4020 .scope module, "problem5_28_test" "problem5_28_test" 2 24;
 .timescale 0 0;
v010B4EF0_0 .net "A", 0 0, v010B5370_0; 1 drivers
v010B4F48_0 .var "clk", 0 0;
v010B9E78_0 .var "reset", 0 0;
v010B9ED0_0 .var "x", 0 0;
v010B9F28_0 .var "y", 0 0;
S_010B40A8 .scope module, "M0" "problem5_28" 2 27, 2 14, S_010B4020;
 .timescale 0 0;
P_010BAFE4 .param/l "S0" 2 15, C4<0>;
P_010BAFF8 .param/l "S1" 2 15, C4<1>;
L_010BB1D8 .functor XOR 1, v010B9ED0_0, v010B9F28_0, C4<0>, C4<0>;
v010B5370_0 .var "A", 0 0;
v010BD988_0 .net "clk", 0 0, v010B4F48_0; 1 drivers
v010BEF30_0 .net "reset", 0 0, v010B9E78_0; 1 drivers
v010BEF88_0 .net "w1", 0 0, L_010BB1D8; 1 drivers
v010B4E40_0 .net "x", 0 0, v010B9ED0_0; 1 drivers
v010B4E98_0 .net "y", 0 0, v010B9F28_0; 1 drivers
E_010BC588/0 .event negedge, v010BEF30_0;
E_010BC588/1 .event posedge, v010BD988_0;
E_010BC588 .event/or E_010BC588/0, E_010BC588/1;
    .scope S_010B40A8;
T_0 ;
    %wait E_010BC588;
    %load/v 8, v010BEF30_0, 1;
    %cmpi/u 8, 0, 1;
    %jmp/0xz  T_0.0, 4;
    %ix/load 0, 1, 0;
    %assign/v0 v010B5370_0, 0, 0;
    %jmp T_0.1;
T_0.0 ;
    %load/v 8, v010B5370_0, 1;
    %cmpi/u 8, 0, 1;
    %jmp/1 T_0.2, 6;
    %cmpi/u 8, 1, 1;
    %jmp/1 T_0.3, 6;
    %jmp T_0.4;
T_0.2 ;
    %load/v 8, v010BEF88_0, 1;
    %cmpi/u 8, 0, 1;
    %jmp/0xz  T_0.5, 4;
    %ix/load 0, 1, 0;
    %assign/v0 v010B5370_0, 0, 0;
    %jmp T_0.6;
T_0.5 ;
    %ix/load 0, 1, 0;
    %assign/v0 v010B5370_0, 0, 1;
T_0.6 ;
    %jmp T_0.4;
T_0.3 ;
    %load/v 8, v010BEF88_0, 1;
    %cmpi/u 8, 0, 1;
    %jmp/0xz  T_0.7, 4;
    %ix/load 0, 1, 0;
    %assign/v0 v010B5370_0, 0, 1;
    %jmp T_0.8;
T_0.7 ;
    %ix/load 0, 1, 0;
    %assign/v0 v010B5370_0, 0, 0;
T_0.8 ;
    %jmp T_0.4;
T_0.4 ;
T_0.1 ;
    %jmp T_0;
    .thread T_0;
    .scope S_010B4020;
T_1 ;
    %set/v v010B4F48_0, 0, 1;
T_1.0 ;
    %delay 5, 0;
    %load/v 8, v010B4F48_0, 1;
    %inv 8, 1;
    %set/v v010B4F48_0, 8, 1;
    %jmp T_1.0;
    %end;
    .thread T_1;
    .scope S_010B4020;
T_2 ;
    %fork t_1, S_010B4020;
    %fork t_2, S_010B4020;
    %fork t_3, S_010B4020;
    %fork t_4, S_010B4020;
    %fork t_5, S_010B4020;
    %fork t_6, S_010B4020;
    %fork t_7, S_010B4020;
    %fork t_8, S_010B4020;
    %fork t_9, S_010B4020;
    %fork t_10, S_010B4020;
    %fork t_11, S_010B4020;
    %fork t_12, S_010B4020;
    %fork t_13, S_010B4020;
    %vpi_call 2 43 "$dumpvars", 1'sb0, S_010B4020;
    %join;
    %join;
    %join;
    %join;
    %join;
    %join;
    %join;
    %join;
    %join;
    %join;
    %join;
    %join;
    %join;
    %jmp t_0;
t_1 ;
    %delay 200, 0;
    %vpi_call 2 30 "$finish";
    %end;
t_2 ;
    %set/v v010B9E78_0, 0, 1;
    %end;
t_3 ;
    %delay 10, 0;
    %set/v v010B9E78_0, 1, 1;
    %end;
t_4 ;
    %delay 140, 0;
    %set/v v010B9E78_0, 0, 1;
    %end;
t_5 ;
    %delay 160, 0;
    %set/v v010B9E78_0, 1, 1;
    %end;
t_6 ;
    %set/v v010B9ED0_0, 0, 1;
    %end;
t_7 ;
    %delay 10, 0;
    %set/v v010B9ED0_0, 1, 1;
    %end;
t_8 ;
    %delay 50, 0;
    %set/v v010B9ED0_0, 0, 1;
    %end;
t_9 ;
    %set/v v010B9F28_0, 0, 1;
    %end;
t_10 ;
    %delay 20, 0;
    %set/v v010B9F28_0, 1, 1;
    %end;
t_11 ;
    %delay 70, 0;
    %set/v v010B9F28_0, 0, 1;
    %end;
t_12 ;
    %delay 170, 0;
    %set/v v010B9F28_0, 1, 1;
    %end;
t_13 ;
    %vpi_call 2 42 "$dumpfile", "dump.vcd";
    %end;
t_0 ;
    %end;
    .thread T_2;
# The file index is used to find the file name in the following table.
:file_names 3;
    "N/A";
    "<interactive>";
    "problem5.28.v";
